<html xmlns:math="http://exslt.org/math" xmlns:testng="http://testng.org">
   <head>
      <title>TestNG Results</title>
      <meta http-equiv="content-type" content="text/html; charset=utf-8"></meta>
      <meta http-equiv="pragma" content="no-cache"></meta>
      <meta http-equiv="cache-control" content="max-age=0"></meta>
      <meta http-equiv="cache-control" content="no-cache"></meta>
      <meta http-equiv="cache-control" content="no-store"></meta>
      <LINK rel="stylesheet" href="style.css"></LINK>
      <script type="text/javascript" src="main.js"></script>
   </head>
   <body>
      <table width="100%" style="font-size: 16px; margin-bottom: 10px;" cellspacing="1">
         <tr>
            <td width="100%">
               Test case
               
               <b>LoginFlow</b>
            </td>
            <td style="background-color: #FFBBBB; padding: 3px 3px 3px 0;" align="center">
               <div style="width: 50px;">3</div>
            </td>
            <td style="background-color: lightgreen; padding: 3px 3px 3px 0;" align="center">
               <div style="width: 50px;">2</div>
            </td>
            <td style="background-color: #FFFFBB; padding: 3px 3px 3px 0;" align="center">
               <div style="width: 50px;">0</div>
            </td>
            <td align="center" style="background-color: #eaf0f7; padding: 3px 3px 3px 0;">
               <div style="width: 50px;">5</div>
            </td>
            <td align="center"
                style="font-weight: bold; background-color: #eaf0f7; padding: 3px 3px 3px 0;">
               <div style="width: 50px;">40%</div>
            </td>
            <td style="background-color: #eaf0f7; padding: 3px 3px 3px 0;" align="center"
                nowrap="true">9m
               38s
               
            </td>
         </tr>
      </table>
      <div style="width: 200px;">
         <label for="groupMethodsCheckBox" style="font-weight: bold; margin: 0;">
            <input id="groupMethodsCheckBox" type="checkbox" onclick="switchTestMethodsView(this)"
                   checked=""></input>
            Group by class
            
         </label>
         <br></br>
         <label for="methodsFilter_ALL" style="font-weight: bold; margin: 0;">
            <input id="methodsFilter_ALL" type="checkbox"
                   onclick="testMethodsFilterChanged(this, 'ALL')"
                   checked=""></input>
            All
            
         </label>
      </div>
      <label for="methodsFilter_FAIL" style="margin-left: 20px;">
         <input id="methodsFilter_FAIL" type="checkbox"
                onclick="testMethodsFilterChanged(this, 'FAIL')"
                checked=""></input>
         Failed
         
      </label>
      <label for="methodsFilter_PASS">
         <input id="methodsFilter_PASS" type="checkbox"
                onclick="testMethodsFilterChanged(this, 'PASS')"
                checked=""></input>
         Passed
         
      </label>
      <label for="methodsFilter_SKIP">
         <input id="methodsFilter_SKIP" type="checkbox"
                onclick="testMethodsFilterChanged(this, 'SKIP')"
                checked=""></input>
         Skipped
         
      </label>
      <label for="methodsFilter_CONF">
         <input id="methodsFilter_CONF" type="checkbox"
                onclick="testMethodsFilterChanged(this, 'CONF')"
                checked=""></input>
         Config
         
      </label>
      <br></br>
      <div id="testMethodsByStatus" style="display: none;">
         <table class="testMethodsTable" cellpadding="0" cellspacing="0">
            <tr class="methodsTableHeader">
               <td width="100%">Name</td>
               <td nowrap="true">Started</td>
               <td nowrap="true">Duration</td>
               <td>Exception</td>
            </tr>
            <tr id="candidateSideAutomation.Login_signInlayer_byStatus_failed_FAIL1_row"
                class="testMethodStatusFAIL">
               <td width="100%" class="firstMethodCell">
                  <a onclick="toggleDetailsVisibility('candidateSideAutomation.Login_signInlayer_byStatus_failed_FAIL1_details')">signInlayer()</a>
               </td>
               <td nowrap="true">10:32:08</td>
               <td nowrap="true" align="right">31s
                  
               </td>
               <td nowrap="true">
                  <a onclick="toggleDetailsVisibility('candidateSideAutomation.Login_signInlayer_byStatus_failed_FAIL1_exception')">java.lang.AssertionError: 
                     expected [http://www.timesjobs.com/candidate/myhome.html] but found [http://timesjobs.com/candidate/myhome.html]
                     
                  </a>
                   
                  
               </td>
            </tr>
            <tr>
               <td colspan="4"
                   style="padding: 0; background-color: white; border-style: none; height: 0px;">
                  <div id="candidateSideAutomation.Login_signInlayer_byStatus_failed_FAIL1_details"
                       class="testMethodDetails">
                     <div>
                        <b>Name:
                           
                        </b>signInlayer
                     </div>
                     <div>
                        <b>Signature:
                           
                        </b>signInlayer()[pri:0, instance:candidateSideAutomation.Login@6581ed9e]
                     </div>
                     <div>
                        <b>Start time:
                           
                        </b>10:32:08
                     </div>
                     <div>
                        <b>End time:
                           
                        </b>10:32:39
                     </div>
                     <div>
                        <b>Duration:
                           
                        </b>31s
                        
                     </div>
                  </div>
               </td>
            </tr>
            <tr>
               <td colspan="4"
                   style="padding: 0; background-color: white; border-style: none; height: 0px;">
                  <div id="candidateSideAutomation.Login_signInlayer_byStatus_failed_FAIL1_exception"
                       class="testMethodDetails">
                     <pre style="padding: 5px; margin: 0;">java.lang.AssertionError: expected [http://www.timesjobs.com/candidate/myhome.html] but found [http://timesjobs.com/candidate/myhome.html]
                        	at org.testng.Assert.fail(Assert.java:94)
                        	at org.testng.Assert.failNotEquals(Assert.java:494)
                        	at org.testng.Assert.assertEquals(Assert.java:123)
                        	at org.testng.Assert.assertEquals(Assert.java:176)
                        	at org.testng.Assert.assertEquals(Assert.java:186)
                        	at candidateSideAutomation.Login.signInlayer(Unknown Source)
                        	at sun.reflect.NativeMethodAccessorImpl.invoke0(Native Method)
                        	at sun.reflect.NativeMethodAccessorImpl.invoke(NativeMethodAccessorImpl.java:39)
                        	at sun.reflect.DelegatingMethodAccessorImpl.invoke(DelegatingMethodAccessorImpl.java:25)
                        	at java.lang.reflect.Method.invoke(Method.java:597)
                        	at org.testng.internal.MethodInvocationHelper.invokeMethod(MethodInvocationHelper.java:84)
                        	at org.testng.internal.Invoker.invokeMethod(Invoker.java:714)
                        	at org.testng.internal.Invoker.invokeTestMethod(Invoker.java:901)
                        	at org.testng.internal.Invoker.invokeTestMethods(Invoker.java:1231)
                        	at org.testng.internal.TestMethodWorker.invokeTestMethods(TestMethodWorker.java:127)
                        	at org.testng.internal.TestMethodWorker.run(TestMethodWorker.java:111)
                        	at org.testng.TestRunner.privateRun(TestRunner.java:767)
                        	at org.testng.TestRunner.run(TestRunner.java:617)
                        	at org.testng.SuiteRunner.runTest(SuiteRunner.java:334)
                        	at org.testng.SuiteRunner.runSequentially(SuiteRunner.java:329)
                        	at org.testng.SuiteRunner.privateRun(SuiteRunner.java:291)
                        	at org.testng.SuiteRunner.run(SuiteRunner.java:240)
                        	at org.testng.SuiteRunnerWorker.runSuite(SuiteRunnerWorker.java:52)
                        	at org.testng.SuiteRunnerWorker.run(SuiteRunnerWorker.java:86)
                        	at org.testng.TestNG.runSuitesSequentially(TestNG.java:1224)
                        	at org.testng.TestNG.runSuitesSequentially(TestNG.java:1220)
                        	at org.testng.TestNG.runSuitesLocally(TestNG.java:1149)
                        	at org.testng.TestNG.run(TestNG.java:1057)
                        	at org.testng.TestNG.privateMain(TestNG.java:1364)
                        	at org.testng.TestNG.main(TestNG.java:1333)
                     </pre>
                  </div>
               </td>
            </tr>
            <tr id="candidateSideAutomation.Login_loginPage_byStatus_failed_FAIL2_row"
                class="testMethodStatusFAIL">
               <td width="100%" class="firstMethodCell">
                  <a onclick="toggleDetailsVisibility('candidateSideAutomation.Login_loginPage_byStatus_failed_FAIL2_details')">loginPage()</a>
               </td>
               <td nowrap="true">10:32:47</td>
               <td nowrap="true" align="right">7m
                  57s
                  
               </td>
               <td nowrap="true">
                  <a onclick="toggleDetailsVisibility('candidateSideAutomation.Login_loginPage_byStatus_failed_FAIL2_exception')">java.lang.AssertionError: 
                     expected [http://www.timesjobs.com/candidate/myhome.html?from=myTimes] but found [http://timesjobs.com/candidate/myhome.html?from=myTimes]
                     
                  </a>
                   
                  
               </td>
            </tr>
            <tr>
               <td colspan="4"
                   style="padding: 0; background-color: white; border-style: none; height: 0px;">
                  <div id="candidateSideAutomation.Login_loginPage_byStatus_failed_FAIL2_details"
                       class="testMethodDetails">
                     <div>
                        <b>Name:
                           
                        </b>loginPage
                     </div>
                     <div>
                        <b>Signature:
                           
                        </b>loginPage()[pri:0, instance:candidateSideAutomation.Login@6581ed9e]
                     </div>
                     <div>
                        <b>Start time:
                           
                        </b>10:32:47
                     </div>
                     <div>
                        <b>End time:
                           
                        </b>10:39:44
                     </div>
                     <div>
                        <b>Duration:
                           
                        </b>7m
                        57s
                        
                     </div>
                  </div>
               </td>
            </tr>
            <tr>
               <td colspan="4"
                   style="padding: 0; background-color: white; border-style: none; height: 0px;">
                  <div id="candidateSideAutomation.Login_loginPage_byStatus_failed_FAIL2_exception"
                       class="testMethodDetails">
                     <pre style="padding: 5px; margin: 0;">java.lang.AssertionError: expected [http://www.timesjobs.com/candidate/myhome.html?from=myTimes] but found [http://timesjobs.com/candidate/myhome.html?from=myTimes]
                        	at org.testng.Assert.fail(Assert.java:94)
                        	at org.testng.Assert.failNotEquals(Assert.java:494)
                        	at org.testng.Assert.assertEquals(Assert.java:123)
                        	at org.testng.Assert.assertEquals(Assert.java:176)
                        	at org.testng.Assert.assertEquals(Assert.java:186)
                        	at candidateSideAutomation.Login.loginPage(Unknown Source)
                        	at sun.reflect.NativeMethodAccessorImpl.invoke0(Native Method)
                        	at sun.reflect.NativeMethodAccessorImpl.invoke(NativeMethodAccessorImpl.java:39)
                        	at sun.reflect.DelegatingMethodAccessorImpl.invoke(DelegatingMethodAccessorImpl.java:25)
                        	at java.lang.reflect.Method.invoke(Method.java:597)
                        	at org.testng.internal.MethodInvocationHelper.invokeMethod(MethodInvocationHelper.java:84)
                        	at org.testng.internal.Invoker.invokeMethod(Invoker.java:714)
                        	at org.testng.internal.Invoker.invokeTestMethod(Invoker.java:901)
                        	at org.testng.internal.Invoker.invokeTestMethods(Invoker.java:1231)
                        	at org.testng.internal.TestMethodWorker.invokeTestMethods(TestMethodWorker.java:127)
                        	at org.testng.internal.TestMethodWorker.run(TestMethodWorker.java:111)
                        	at org.testng.TestRunner.privateRun(TestRunner.java:767)
                        	at org.testng.TestRunner.run(TestRunner.java:617)
                        	at org.testng.SuiteRunner.runTest(SuiteRunner.java:334)
                        	at org.testng.SuiteRunner.runSequentially(SuiteRunner.java:329)
                        	at org.testng.SuiteRunner.privateRun(SuiteRunner.java:291)
                        	at org.testng.SuiteRunner.run(SuiteRunner.java:240)
                        	at org.testng.SuiteRunnerWorker.runSuite(SuiteRunnerWorker.java:52)
                        	at org.testng.SuiteRunnerWorker.run(SuiteRunnerWorker.java:86)
                        	at org.testng.TestNG.runSuitesSequentially(TestNG.java:1224)
                        	at org.testng.TestNG.runSuitesSequentially(TestNG.java:1220)
                        	at org.testng.TestNG.runSuitesLocally(TestNG.java:1149)
                        	at org.testng.TestNG.run(TestNG.java:1057)
                        	at org.testng.TestNG.privateMain(TestNG.java:1364)
                        	at org.testng.TestNG.main(TestNG.java:1333)
                     </pre>
                  </div>
               </td>
            </tr>
            <tr id="candidateSideAutomation.Login_loginStepOneUser_byStatus_failed_FAIL3_row"
                class="testMethodStatusFAIL">
               <td width="100%" class="firstMethodCell">
                  <a onclick="toggleDetailsVisibility('candidateSideAutomation.Login_loginStepOneUser_byStatus_failed_FAIL3_details')">loginStepOneUser()</a>
               </td>
               <td nowrap="true">10:39:54</td>
               <td nowrap="true" align="right">8s
                  
               </td>
               <td nowrap="true">
                  <a onclick="toggleDetailsVisibility('candidateSideAutomation.Login_loginStepOneUser_byStatus_failed_FAIL3_exception')">java.lang.AssertionError: 
                     expected [http://www.timesjobs.com/candidate/uploadyourresume.html] but found [http://timesjobs.com/candidate/uploadyourresume.html]
                     
                  </a>
                   
                  
               </td>
            </tr>
            <tr>
               <td colspan="4"
                   style="padding: 0; background-color: white; border-style: none; height: 0px;">
                  <div id="candidateSideAutomation.Login_loginStepOneUser_byStatus_failed_FAIL3_details"
                       class="testMethodDetails">
                     <div>
                        <b>Name:
                           
                        </b>loginStepOneUser
                     </div>
                     <div>
                        <b>Signature:
                           
                        </b>loginStepOneUser()[pri:0, instance:candidateSideAutomation.Login@6581ed9e]
                     </div>
                     <div>
                        <b>Start time:
                           
                        </b>10:39:54
                     </div>
                     <div>
                        <b>End time:
                           
                        </b>10:40:02
                     </div>
                     <div>
                        <b>Duration:
                           
                        </b>8s
                        
                     </div>
                  </div>
               </td>
            </tr>
            <tr>
               <td colspan="4"
                   style="padding: 0; background-color: white; border-style: none; height: 0px;">
                  <div id="candidateSideAutomation.Login_loginStepOneUser_byStatus_failed_FAIL3_exception"
                       class="testMethodDetails">
                     <pre style="padding: 5px; margin: 0;">java.lang.AssertionError: expected [http://www.timesjobs.com/candidate/uploadyourresume.html] but found [http://timesjobs.com/candidate/uploadyourresume.html]
                        	at org.testng.Assert.fail(Assert.java:94)
                        	at org.testng.Assert.failNotEquals(Assert.java:494)
                        	at org.testng.Assert.assertEquals(Assert.java:123)
                        	at org.testng.Assert.assertEquals(Assert.java:176)
                        	at org.testng.Assert.assertEquals(Assert.java:186)
                        	at candidateSideAutomation.Login.loginStepOneUser(Unknown Source)
                        	at sun.reflect.NativeMethodAccessorImpl.invoke0(Native Method)
                        	at sun.reflect.NativeMethodAccessorImpl.invoke(NativeMethodAccessorImpl.java:39)
                        	at sun.reflect.DelegatingMethodAccessorImpl.invoke(DelegatingMethodAccessorImpl.java:25)
                        	at java.lang.reflect.Method.invoke(Method.java:597)
                        	at org.testng.internal.MethodInvocationHelper.invokeMethod(MethodInvocationHelper.java:84)
                        	at org.testng.internal.Invoker.invokeMethod(Invoker.java:714)
                        	at org.testng.internal.Invoker.invokeTestMethod(Invoker.java:901)
                        	at org.testng.internal.Invoker.invokeTestMethods(Invoker.java:1231)
                        	at org.testng.internal.TestMethodWorker.invokeTestMethods(TestMethodWorker.java:127)
                        	at org.testng.internal.TestMethodWorker.run(TestMethodWorker.java:111)
                        	at org.testng.TestRunner.privateRun(TestRunner.java:767)
                        	at org.testng.TestRunner.run(TestRunner.java:617)
                        	at org.testng.SuiteRunner.runTest(SuiteRunner.java:334)
                        	at org.testng.SuiteRunner.runSequentially(SuiteRunner.java:329)
                        	at org.testng.SuiteRunner.privateRun(SuiteRunner.java:291)
                        	at org.testng.SuiteRunner.run(SuiteRunner.java:240)
                        	at org.testng.SuiteRunnerWorker.runSuite(SuiteRunnerWorker.java:52)
                        	at org.testng.SuiteRunnerWorker.run(SuiteRunnerWorker.java:86)
                        	at org.testng.TestNG.runSuitesSequentially(TestNG.java:1224)
                        	at org.testng.TestNG.runSuitesSequentially(TestNG.java:1220)
                        	at org.testng.TestNG.runSuitesLocally(TestNG.java:1149)
                        	at org.testng.TestNG.run(TestNG.java:1057)
                        	at org.testng.TestNG.privateMain(TestNG.java:1364)
                        	at org.testng.TestNG.main(TestNG.java:1333)
                     </pre>
                  </div>
               </td>
            </tr>
            <tr id="candidateSideAutomation.Login_setup_byStatus_passed_PASS1_row"
                class="testMethodStatusPASS testMethodStatusCONF">
               <td width="100%" class="firstMethodCell">
                  <a onclick="toggleDetailsVisibility('candidateSideAutomation.Login_setup_byStatus_passed_PASS1_details')">setup()</a>
               </td>
               <td nowrap="true">10:32:02</td>
               <td nowrap="true" align="right">6s
                  
               </td>
               <td nowrap="true">
                   
                  
               </td>
            </tr>
            <tr>
               <td colspan="4"
                   style="padding: 0; background-color: white; border-style: none; height: 0px;">
                  <div id="candidateSideAutomation.Login_setup_byStatus_passed_PASS1_details"
                       class="testMethodDetails">
                     <div>
                        <b>Name:
                           
                        </b>setup
                     </div>
                     <div>
                        <b>Signature:
                           
                        </b>setup()[pri:0, instance:candidateSideAutomation.Login@6581ed9e]
                     </div>
                     <div>
                        <b>Start time:
                           
                        </b>10:32:02
                     </div>
                     <div>
                        <b>End time:
                           
                        </b>10:32:08
                     </div>
                     <div>
                        <b>Duration:
                           
                        </b>6s
                        
                     </div>
                  </div>
               </td>
            </tr>
            <tr></tr>
            <tr id="candidateSideAutomation.Login_teardon_byStatus_passed_PASS2_row"
                class="testMethodStatusPASS testMethodStatusCONF">
               <td width="100%" class="firstMethodCell">
                  <a onclick="toggleDetailsVisibility('candidateSideAutomation.Login_teardon_byStatus_passed_PASS2_details')">teardon()</a>
               </td>
               <td nowrap="true">10:32:39</td>
               <td nowrap="true" align="right">626 ms
                  
               </td>
               <td nowrap="true">
                   
                  
               </td>
            </tr>
            <tr>
               <td colspan="4"
                   style="padding: 0; background-color: white; border-style: none; height: 0px;">
                  <div id="candidateSideAutomation.Login_teardon_byStatus_passed_PASS2_details"
                       class="testMethodDetails">
                     <div>
                        <b>Name:
                           
                        </b>teardon
                     </div>
                     <div>
                        <b>Signature:
                           
                        </b>teardon()[pri:0, instance:candidateSideAutomation.Login@6581ed9e]
                     </div>
                     <div>
                        <b>Start time:
                           
                        </b>10:32:39
                     </div>
                     <div>
                        <b>End time:
                           
                        </b>10:32:40
                     </div>
                     <div>
                        <b>Duration:
                           
                        </b>626 ms
                        
                     </div>
                  </div>
               </td>
            </tr>
            <tr></tr>
            <tr id="candidateSideAutomation.Login_setup_byStatus_passed_PASS3_row"
                class="testMethodStatusPASS testMethodStatusCONF">
               <td width="100%" class="firstMethodCell">
                  <a onclick="toggleDetailsVisibility('candidateSideAutomation.Login_setup_byStatus_passed_PASS3_details')">setup()</a>
               </td>
               <td nowrap="true">10:32:40</td>
               <td nowrap="true" align="right">7s
                  
               </td>
               <td nowrap="true">
                   
                  
               </td>
            </tr>
            <tr>
               <td colspan="4"
                   style="padding: 0; background-color: white; border-style: none; height: 0px;">
                  <div id="candidateSideAutomation.Login_setup_byStatus_passed_PASS3_details"
                       class="testMethodDetails">
                     <div>
                        <b>Name:
                           
                        </b>setup
                     </div>
                     <div>
                        <b>Signature:
                           
                        </b>setup()[pri:0, instance:candidateSideAutomation.Login@6581ed9e]
                     </div>
                     <div>
                        <b>Start time:
                           
                        </b>10:32:40
                     </div>
                     <div>
                        <b>End time:
                           
                        </b>10:32:47
                     </div>
                     <div>
                        <b>Duration:
                           
                        </b>7s
                        
                     </div>
                  </div>
               </td>
            </tr>
            <tr></tr>
            <tr id="candidateSideAutomation.Login_teardon_byStatus_passed_PASS4_row"
                class="testMethodStatusPASS testMethodStatusCONF">
               <td width="100%" class="firstMethodCell">
                  <a onclick="toggleDetailsVisibility('candidateSideAutomation.Login_teardon_byStatus_passed_PASS4_details')">teardon()</a>
               </td>
               <td nowrap="true">10:39:44</td>
               <td nowrap="true" align="right">655 ms
                  
               </td>
               <td nowrap="true">
                   
                  
               </td>
            </tr>
            <tr>
               <td colspan="4"
                   style="padding: 0; background-color: white; border-style: none; height: 0px;">
                  <div id="candidateSideAutomation.Login_teardon_byStatus_passed_PASS4_details"
                       class="testMethodDetails">
                     <div>
                        <b>Name:
                           
                        </b>teardon
                     </div>
                     <div>
                        <b>Signature:
                           
                        </b>teardon()[pri:0, instance:candidateSideAutomation.Login@6581ed9e]
                     </div>
                     <div>
                        <b>Start time:
                           
                        </b>10:39:44
                     </div>
                     <div>
                        <b>End time:
                           
                        </b>10:39:45
                     </div>
                     <div>
                        <b>Duration:
                           
                        </b>655 ms
                        
                     </div>
                  </div>
               </td>
            </tr>
            <tr></tr>
            <tr id="candidateSideAutomation.Login_setup_byStatus_passed_PASS5_row"
                class="testMethodStatusPASS testMethodStatusCONF">
               <td width="100%" class="firstMethodCell">
                  <a onclick="toggleDetailsVisibility('candidateSideAutomation.Login_setup_byStatus_passed_PASS5_details')">setup()</a>
               </td>
               <td nowrap="true">10:39:45</td>
               <td nowrap="true" align="right">10s
                  
               </td>
               <td nowrap="true">
                   
                  
               </td>
            </tr>
            <tr>
               <td colspan="4"
                   style="padding: 0; background-color: white; border-style: none; height: 0px;">
                  <div id="candidateSideAutomation.Login_setup_byStatus_passed_PASS5_details"
                       class="testMethodDetails">
                     <div>
                        <b>Name:
                           
                        </b>setup
                     </div>
                     <div>
                        <b>Signature:
                           
                        </b>setup()[pri:0, instance:candidateSideAutomation.Login@6581ed9e]
                     </div>
                     <div>
                        <b>Start time:
                           
                        </b>10:39:45
                     </div>
                     <div>
                        <b>End time:
                           
                        </b>10:39:54
                     </div>
                     <div>
                        <b>Duration:
                           
                        </b>10s
                        
                     </div>
                  </div>
               </td>
            </tr>
            <tr></tr>
            <tr id="candidateSideAutomation.Login_teardon_byStatus_passed_PASS6_row"
                class="testMethodStatusPASS testMethodStatusCONF">
               <td width="100%" class="firstMethodCell">
                  <a onclick="toggleDetailsVisibility('candidateSideAutomation.Login_teardon_byStatus_passed_PASS6_details')">teardon()</a>
               </td>
               <td nowrap="true">10:40:02</td>
               <td nowrap="true" align="right">493 ms
                  
               </td>
               <td nowrap="true">
                   
                  
               </td>
            </tr>
            <tr>
               <td colspan="4"
                   style="padding: 0; background-color: white; border-style: none; height: 0px;">
                  <div id="candidateSideAutomation.Login_teardon_byStatus_passed_PASS6_details"
                       class="testMethodDetails">
                     <div>
                        <b>Name:
                           
                        </b>teardon
                     </div>
                     <div>
                        <b>Signature:
                           
                        </b>teardon()[pri:0, instance:candidateSideAutomation.Login@6581ed9e]
                     </div>
                     <div>
                        <b>Start time:
                           
                        </b>10:40:02
                     </div>
                     <div>
                        <b>End time:
                           
                        </b>10:40:03
                     </div>
                     <div>
                        <b>Duration:
                           
                        </b>493 ms
                        
                     </div>
                  </div>
               </td>
            </tr>
            <tr></tr>
            <tr id="candidateSideAutomation.Login_setup_byStatus_passed_PASS7_row"
                class="testMethodStatusPASS testMethodStatusCONF">
               <td width="100%" class="firstMethodCell">
                  <a onclick="toggleDetailsVisibility('candidateSideAutomation.Login_setup_byStatus_passed_PASS7_details')">setup()</a>
               </td>
               <td nowrap="true">10:40:03</td>
               <td nowrap="true" align="right">10s
                  
               </td>
               <td nowrap="true">
                   
                  
               </td>
            </tr>
            <tr>
               <td colspan="4"
                   style="padding: 0; background-color: white; border-style: none; height: 0px;">
                  <div id="candidateSideAutomation.Login_setup_byStatus_passed_PASS7_details"
                       class="testMethodDetails">
                     <div>
                        <b>Name:
                           
                        </b>setup
                     </div>
                     <div>
                        <b>Signature:
                           
                        </b>setup()[pri:0, instance:candidateSideAutomation.Login@6581ed9e]
                     </div>
                     <div>
                        <b>Start time:
                           
                        </b>10:40:03
                     </div>
                     <div>
                        <b>End time:
                           
                        </b>10:40:13
                     </div>
                     <div>
                        <b>Duration:
                           
                        </b>10s
                        
                     </div>
                  </div>
               </td>
            </tr>
            <tr></tr>
            <tr id="candidateSideAutomation.Login_loginStepOneptFiveUser_byStatus_passed_PASS8_row"
                class="testMethodStatusPASS">
               <td width="100%" class="firstMethodCell">
                  <a onclick="toggleDetailsVisibility('candidateSideAutomation.Login_loginStepOneptFiveUser_byStatus_passed_PASS8_details')">loginStepOneptFiveUser()</a>
               </td>
               <td nowrap="true">10:40:13</td>
               <td nowrap="true" align="right">8s
                  
               </td>
               <td nowrap="true">
                   
                  
               </td>
            </tr>
            <tr>
               <td colspan="4"
                   style="padding: 0; background-color: white; border-style: none; height: 0px;">
                  <div id="candidateSideAutomation.Login_loginStepOneptFiveUser_byStatus_passed_PASS8_details"
                       class="testMethodDetails">
                     <div>
                        <b>Name:
                           
                        </b>loginStepOneptFiveUser
                     </div>
                     <div>
                        <b>Signature:
                           
                        </b>loginStepOneptFiveUser()[pri:0, instance:candidateSideAutomation.Login@6581ed9e]
                     </div>
                     <div>
                        <b>Start time:
                           
                        </b>10:40:13
                     </div>
                     <div>
                        <b>End time:
                           
                        </b>10:40:21
                     </div>
                     <div>
                        <b>Duration:
                           
                        </b>8s
                        
                     </div>
                  </div>
               </td>
            </tr>
            <tr></tr>
            <tr id="candidateSideAutomation.Login_teardon_byStatus_passed_PASS9_row"
                class="testMethodStatusPASS testMethodStatusCONF">
               <td width="100%" class="firstMethodCell">
                  <a onclick="toggleDetailsVisibility('candidateSideAutomation.Login_teardon_byStatus_passed_PASS9_details')">teardon()</a>
               </td>
               <td nowrap="true">10:40:21</td>
               <td nowrap="true" align="right">1s
                  
               </td>
               <td nowrap="true">
                   
                  
               </td>
            </tr>
            <tr>
               <td colspan="4"
                   style="padding: 0; background-color: white; border-style: none; height: 0px;">
                  <div id="candidateSideAutomation.Login_teardon_byStatus_passed_PASS9_details"
                       class="testMethodDetails">
                     <div>
                        <b>Name:
                           
                        </b>teardon
                     </div>
                     <div>
                        <b>Signature:
                           
                        </b>teardon()[pri:0, instance:candidateSideAutomation.Login@6581ed9e]
                     </div>
                     <div>
                        <b>Start time:
                           
                        </b>10:40:21
                     </div>
                     <div>
                        <b>End time:
                           
                        </b>10:40:22
                     </div>
                     <div>
                        <b>Duration:
                           
                        </b>1s
                        
                     </div>
                  </div>
               </td>
            </tr>
            <tr></tr>
            <tr id="candidateSideAutomation.Login_setup_byStatus_passed_PASS10_row"
                class="testMethodStatusPASS testMethodStatusCONF">
               <td width="100%" class="firstMethodCell">
                  <a onclick="toggleDetailsVisibility('candidateSideAutomation.Login_setup_byStatus_passed_PASS10_details')">setup()</a>
               </td>
               <td nowrap="true">10:40:22</td>
               <td nowrap="true" align="right">8s
                  
               </td>
               <td nowrap="true">
                   
                  
               </td>
            </tr>
            <tr>
               <td colspan="4"
                   style="padding: 0; background-color: white; border-style: none; height: 0px;">
                  <div id="candidateSideAutomation.Login_setup_byStatus_passed_PASS10_details"
                       class="testMethodDetails">
                     <div>
                        <b>Name:
                           
                        </b>setup
                     </div>
                     <div>
                        <b>Signature:
                           
                        </b>setup()[pri:0, instance:candidateSideAutomation.Login@6581ed9e]
                     </div>
                     <div>
                        <b>Start time:
                           
                        </b>10:40:22
                     </div>
                     <div>
                        <b>End time:
                           
                        </b>10:40:30
                     </div>
                     <div>
                        <b>Duration:
                           
                        </b>8s
                        
                     </div>
                  </div>
               </td>
            </tr>
            <tr></tr>
            <tr id="candidateSideAutomation.Login_loginStepSevenUser_byStatus_passed_PASS11_row"
                class="testMethodStatusPASS">
               <td width="100%" class="firstMethodCell">
                  <a onclick="toggleDetailsVisibility('candidateSideAutomation.Login_loginStepSevenUser_byStatus_passed_PASS11_details')">loginStepSevenUser()</a>
               </td>
               <td nowrap="true">10:40:30</td>
               <td nowrap="true" align="right">9s
                  
               </td>
               <td nowrap="true">
                   
                  
               </td>
            </tr>
            <tr>
               <td colspan="4"
                   style="padding: 0; background-color: white; border-style: none; height: 0px;">
                  <div id="candidateSideAutomation.Login_loginStepSevenUser_byStatus_passed_PASS11_details"
                       class="testMethodDetails">
                     <div>
                        <b>Name:
                           
                        </b>loginStepSevenUser
                     </div>
                     <div>
                        <b>Signature:
                           
                        </b>loginStepSevenUser()[pri:0, instance:candidateSideAutomation.Login@6581ed9e]
                     </div>
                     <div>
                        <b>Start time:
                           
                        </b>10:40:30
                     </div>
                     <div>
                        <b>End time:
                           
                        </b>10:40:39
                     </div>
                     <div>
                        <b>Duration:
                           
                        </b>9s
                        
                     </div>
                  </div>
               </td>
            </tr>
            <tr></tr>
            <tr id="candidateSideAutomation.Login_teardon_byStatus_passed_PASS12_row"
                class="testMethodStatusPASS testMethodStatusCONF">
               <td width="100%" class="firstMethodCell">
                  <a onclick="toggleDetailsVisibility('candidateSideAutomation.Login_teardon_byStatus_passed_PASS12_details')">teardon()</a>
               </td>
               <td nowrap="true">10:40:39</td>
               <td nowrap="true" align="right">578 ms
                  
               </td>
               <td nowrap="true">
                   
                  
               </td>
            </tr>
            <tr>
               <td colspan="4"
                   style="padding: 0; background-color: white; border-style: none; height: 0px;">
                  <div id="candidateSideAutomation.Login_teardon_byStatus_passed_PASS12_details"
                       class="testMethodDetails">
                     <div>
                        <b>Name:
                           
                        </b>teardon
                     </div>
                     <div>
                        <b>Signature:
                           
                        </b>teardon()[pri:0, instance:candidateSideAutomation.Login@6581ed9e]
                     </div>
                     <div>
                        <b>Start time:
                           
                        </b>10:40:39
                     </div>
                     <div>
                        <b>End time:
                           
                        </b>10:40:39
                     </div>
                     <div>
                        <b>Duration:
                           
                        </b>578 ms
                        
                     </div>
                  </div>
               </td>
            </tr>
            <tr></tr>
         </table>
      </div>
      <div id="testMethodsByClass">
         <table class="testMethodsTable" cellpadding="0" cellspacing="0">
            <tr>
               <td colspan="4">
                  <h3 style="display: inline;">candidateSideAutomation.Login</h3>
               </td>
            </tr>
            <tr class="methodsTableHeader">
               <td width="100%">Name</td>
               <td nowrap="true">Started</td>
               <td nowrap="true">Duration</td>
               <td>Exception</td>
            </tr>
            <tr id="candidateSideAutomation.Login_setup_byClass_PASS1_row"
                class="testMethodStatusPASS testMethodStatusCONF">
               <td width="100%" class="firstMethodCell">
                  <a onclick="toggleDetailsVisibility('candidateSideAutomation.Login_setup_byClass_PASS1_details')">setup()</a>
               </td>
               <td nowrap="true">10:32:02</td>
               <td nowrap="true" align="right">6s
                  
               </td>
               <td nowrap="true">
                   
                  
               </td>
            </tr>
            <tr>
               <td colspan="4"
                   style="padding: 0; background-color: white; border-style: none; height: 0px;">
                  <div id="candidateSideAutomation.Login_setup_byClass_PASS1_details"
                       class="testMethodDetails">
                     <div>
                        <b>Name:
                           
                        </b>setup
                     </div>
                     <div>
                        <b>Signature:
                           
                        </b>setup()[pri:0, instance:candidateSideAutomation.Login@6581ed9e]
                     </div>
                     <div>
                        <b>Start time:
                           
                        </b>10:32:02
                     </div>
                     <div>
                        <b>End time:
                           
                        </b>10:32:08
                     </div>
                     <div>
                        <b>Duration:
                           
                        </b>6s
                        
                     </div>
                  </div>
               </td>
            </tr>
            <tr></tr>
            <tr id="candidateSideAutomation.Login_signInlayer_byClass_FAIL2_row"
                class="testMethodStatusFAIL">
               <td width="100%" class="firstMethodCell">
                  <a onclick="toggleDetailsVisibility('candidateSideAutomation.Login_signInlayer_byClass_FAIL2_details')">signInlayer()</a>
               </td>
               <td nowrap="true">10:32:08</td>
               <td nowrap="true" align="right">31s
                  
               </td>
               <td nowrap="true">
                  <a onclick="toggleDetailsVisibility('candidateSideAutomation.Login_signInlayer_byClass_FAIL2_exception')">java.lang.AssertionError: 
                     expected [http://www.timesjobs.com/candidate/myhome.html] but found [http://timesjobs.com/candidate/myhome.html]
                     
                  </a>
                   
                  
               </td>
            </tr>
            <tr>
               <td colspan="4"
                   style="padding: 0; background-color: white; border-style: none; height: 0px;">
                  <div id="candidateSideAutomation.Login_signInlayer_byClass_FAIL2_details"
                       class="testMethodDetails">
                     <div>
                        <b>Name:
                           
                        </b>signInlayer
                     </div>
                     <div>
                        <b>Signature:
                           
                        </b>signInlayer()[pri:0, instance:candidateSideAutomation.Login@6581ed9e]
                     </div>
                     <div>
                        <b>Start time:
                           
                        </b>10:32:08
                     </div>
                     <div>
                        <b>End time:
                           
                        </b>10:32:39
                     </div>
                     <div>
                        <b>Duration:
                           
                        </b>31s
                        
                     </div>
                  </div>
               </td>
            </tr>
            <tr>
               <td colspan="4"
                   style="padding: 0; background-color: white; border-style: none; height: 0px;">
                  <div id="candidateSideAutomation.Login_signInlayer_byClass_FAIL2_exception"
                       class="testMethodDetails">
                     <pre style="padding: 5px; margin: 0;">java.lang.AssertionError: expected [http://www.timesjobs.com/candidate/myhome.html] but found [http://timesjobs.com/candidate/myhome.html]
                        	at org.testng.Assert.fail(Assert.java:94)
                        	at org.testng.Assert.failNotEquals(Assert.java:494)
                        	at org.testng.Assert.assertEquals(Assert.java:123)
                        	at org.testng.Assert.assertEquals(Assert.java:176)
                        	at org.testng.Assert.assertEquals(Assert.java:186)
                        	at candidateSideAutomation.Login.signInlayer(Unknown Source)
                        	at sun.reflect.NativeMethodAccessorImpl.invoke0(Native Method)
                        	at sun.reflect.NativeMethodAccessorImpl.invoke(NativeMethodAccessorImpl.java:39)
                        	at sun.reflect.DelegatingMethodAccessorImpl.invoke(DelegatingMethodAccessorImpl.java:25)
                        	at java.lang.reflect.Method.invoke(Method.java:597)
                        	at org.testng.internal.MethodInvocationHelper.invokeMethod(MethodInvocationHelper.java:84)
                        	at org.testng.internal.Invoker.invokeMethod(Invoker.java:714)
                        	at org.testng.internal.Invoker.invokeTestMethod(Invoker.java:901)
                        	at org.testng.internal.Invoker.invokeTestMethods(Invoker.java:1231)
                        	at org.testng.internal.TestMethodWorker.invokeTestMethods(TestMethodWorker.java:127)
                        	at org.testng.internal.TestMethodWorker.run(TestMethodWorker.java:111)
                        	at org.testng.TestRunner.privateRun(TestRunner.java:767)
                        	at org.testng.TestRunner.run(TestRunner.java:617)
                        	at org.testng.SuiteRunner.runTest(SuiteRunner.java:334)
                        	at org.testng.SuiteRunner.runSequentially(SuiteRunner.java:329)
                        	at org.testng.SuiteRunner.privateRun(SuiteRunner.java:291)
                        	at org.testng.SuiteRunner.run(SuiteRunner.java:240)
                        	at org.testng.SuiteRunnerWorker.runSuite(SuiteRunnerWorker.java:52)
                        	at org.testng.SuiteRunnerWorker.run(SuiteRunnerWorker.java:86)
                        	at org.testng.TestNG.runSuitesSequentially(TestNG.java:1224)
                        	at org.testng.TestNG.runSuitesSequentially(TestNG.java:1220)
                        	at org.testng.TestNG.runSuitesLocally(TestNG.java:1149)
                        	at org.testng.TestNG.run(TestNG.java:1057)
                        	at org.testng.TestNG.privateMain(TestNG.java:1364)
                        	at org.testng.TestNG.main(TestNG.java:1333)
                     </pre>
                  </div>
               </td>
            </tr>
            <tr id="candidateSideAutomation.Login_teardon_byClass_PASS3_row"
                class="testMethodStatusPASS testMethodStatusCONF">
               <td width="100%" class="firstMethodCell">
                  <a onclick="toggleDetailsVisibility('candidateSideAutomation.Login_teardon_byClass_PASS3_details')">teardon()</a>
               </td>
               <td nowrap="true">10:32:39</td>
               <td nowrap="true" align="right">626 ms
                  
               </td>
               <td nowrap="true">
                   
                  
               </td>
            </tr>
            <tr>
               <td colspan="4"
                   style="padding: 0; background-color: white; border-style: none; height: 0px;">
                  <div id="candidateSideAutomation.Login_teardon_byClass_PASS3_details"
                       class="testMethodDetails">
                     <div>
                        <b>Name:
                           
                        </b>teardon
                     </div>
                     <div>
                        <b>Signature:
                           
                        </b>teardon()[pri:0, instance:candidateSideAutomation.Login@6581ed9e]
                     </div>
                     <div>
                        <b>Start time:
                           
                        </b>10:32:39
                     </div>
                     <div>
                        <b>End time:
                           
                        </b>10:32:40
                     </div>
                     <div>
                        <b>Duration:
                           
                        </b>626 ms
                        
                     </div>
                  </div>
               </td>
            </tr>
            <tr></tr>
            <tr id="candidateSideAutomation.Login_setup_byClass_PASS4_row"
                class="testMethodStatusPASS testMethodStatusCONF">
               <td width="100%" class="firstMethodCell">
                  <a onclick="toggleDetailsVisibility('candidateSideAutomation.Login_setup_byClass_PASS4_details')">setup()</a>
               </td>
               <td nowrap="true">10:32:40</td>
               <td nowrap="true" align="right">7s
                  
               </td>
               <td nowrap="true">
                   
                  
               </td>
            </tr>
            <tr>
               <td colspan="4"
                   style="padding: 0; background-color: white; border-style: none; height: 0px;">
                  <div id="candidateSideAutomation.Login_setup_byClass_PASS4_details"
                       class="testMethodDetails">
                     <div>
                        <b>Name:
                           
                        </b>setup
                     </div>
                     <div>
                        <b>Signature:
                           
                        </b>setup()[pri:0, instance:candidateSideAutomation.Login@6581ed9e]
                     </div>
                     <div>
                        <b>Start time:
                           
                        </b>10:32:40
                     </div>
                     <div>
                        <b>End time:
                           
                        </b>10:32:47
                     </div>
                     <div>
                        <b>Duration:
                           
                        </b>7s
                        
                     </div>
                  </div>
               </td>
            </tr>
            <tr></tr>
            <tr id="candidateSideAutomation.Login_loginPage_byClass_FAIL5_row"
                class="testMethodStatusFAIL">
               <td width="100%" class="firstMethodCell">
                  <a onclick="toggleDetailsVisibility('candidateSideAutomation.Login_loginPage_byClass_FAIL5_details')">loginPage()</a>
               </td>
               <td nowrap="true">10:32:47</td>
               <td nowrap="true" align="right">7m
                  57s
                  
               </td>
               <td nowrap="true">
                  <a onclick="toggleDetailsVisibility('candidateSideAutomation.Login_loginPage_byClass_FAIL5_exception')">java.lang.AssertionError: 
                     expected [http://www.timesjobs.com/candidate/myhome.html?from=myTimes] but found [http://timesjobs.com/candidate/myhome.html?from=myTimes]
                     
                  </a>
                   
                  
               </td>
            </tr>
            <tr>
               <td colspan="4"
                   style="padding: 0; background-color: white; border-style: none; height: 0px;">
                  <div id="candidateSideAutomation.Login_loginPage_byClass_FAIL5_details"
                       class="testMethodDetails">
                     <div>
                        <b>Name:
                           
                        </b>loginPage
                     </div>
                     <div>
                        <b>Signature:
                           
                        </b>loginPage()[pri:0, instance:candidateSideAutomation.Login@6581ed9e]
                     </div>
                     <div>
                        <b>Start time:
                           
                        </b>10:32:47
                     </div>
                     <div>
                        <b>End time:
                           
                        </b>10:39:44
                     </div>
                     <div>
                        <b>Duration:
                           
                        </b>7m
                        57s
                        
                     </div>
                  </div>
               </td>
            </tr>
            <tr>
               <td colspan="4"
                   style="padding: 0; background-color: white; border-style: none; height: 0px;">
                  <div id="candidateSideAutomation.Login_loginPage_byClass_FAIL5_exception"
                       class="testMethodDetails">
                     <pre style="padding: 5px; margin: 0;">java.lang.AssertionError: expected [http://www.timesjobs.com/candidate/myhome.html?from=myTimes] but found [http://timesjobs.com/candidate/myhome.html?from=myTimes]
                        	at org.testng.Assert.fail(Assert.java:94)
                        	at org.testng.Assert.failNotEquals(Assert.java:494)
                        	at org.testng.Assert.assertEquals(Assert.java:123)
                        	at org.testng.Assert.assertEquals(Assert.java:176)
                        	at org.testng.Assert.assertEquals(Assert.java:186)
                        	at candidateSideAutomation.Login.loginPage(Unknown Source)
                        	at sun.reflect.NativeMethodAccessorImpl.invoke0(Native Method)
                        	at sun.reflect.NativeMethodAccessorImpl.invoke(NativeMethodAccessorImpl.java:39)
                        	at sun.reflect.DelegatingMethodAccessorImpl.invoke(DelegatingMethodAccessorImpl.java:25)
                        	at java.lang.reflect.Method.invoke(Method.java:597)
                        	at org.testng.internal.MethodInvocationHelper.invokeMethod(MethodInvocationHelper.java:84)
                        	at org.testng.internal.Invoker.invokeMethod(Invoker.java:714)
                        	at org.testng.internal.Invoker.invokeTestMethod(Invoker.java:901)
                        	at org.testng.internal.Invoker.invokeTestMethods(Invoker.java:1231)
                        	at org.testng.internal.TestMethodWorker.invokeTestMethods(TestMethodWorker.java:127)
                        	at org.testng.internal.TestMethodWorker.run(TestMethodWorker.java:111)
                        	at org.testng.TestRunner.privateRun(TestRunner.java:767)
                        	at org.testng.TestRunner.run(TestRunner.java:617)
                        	at org.testng.SuiteRunner.runTest(SuiteRunner.java:334)
                        	at org.testng.SuiteRunner.runSequentially(SuiteRunner.java:329)
                        	at org.testng.SuiteRunner.privateRun(SuiteRunner.java:291)
                        	at org.testng.SuiteRunner.run(SuiteRunner.java:240)
                        	at org.testng.SuiteRunnerWorker.runSuite(SuiteRunnerWorker.java:52)
                        	at org.testng.SuiteRunnerWorker.run(SuiteRunnerWorker.java:86)
                        	at org.testng.TestNG.runSuitesSequentially(TestNG.java:1224)
                        	at org.testng.TestNG.runSuitesSequentially(TestNG.java:1220)
                        	at org.testng.TestNG.runSuitesLocally(TestNG.java:1149)
                        	at org.testng.TestNG.run(TestNG.java:1057)
                        	at org.testng.TestNG.privateMain(TestNG.java:1364)
                        	at org.testng.TestNG.main(TestNG.java:1333)
                     </pre>
                  </div>
               </td>
            </tr>
            <tr id="candidateSideAutomation.Login_teardon_byClass_PASS6_row"
                class="testMethodStatusPASS testMethodStatusCONF">
               <td width="100%" class="firstMethodCell">
                  <a onclick="toggleDetailsVisibility('candidateSideAutomation.Login_teardon_byClass_PASS6_details')">teardon()</a>
               </td>
               <td nowrap="true">10:39:44</td>
               <td nowrap="true" align="right">655 ms
                  
               </td>
               <td nowrap="true">
                   
                  
               </td>
            </tr>
            <tr>
               <td colspan="4"
                   style="padding: 0; background-color: white; border-style: none; height: 0px;">
                  <div id="candidateSideAutomation.Login_teardon_byClass_PASS6_details"
                       class="testMethodDetails">
                     <div>
                        <b>Name:
                           
                        </b>teardon
                     </div>
                     <div>
                        <b>Signature:
                           
                        </b>teardon()[pri:0, instance:candidateSideAutomation.Login@6581ed9e]
                     </div>
                     <div>
                        <b>Start time:
                           
                        </b>10:39:44
                     </div>
                     <div>
                        <b>End time:
                           
                        </b>10:39:45
                     </div>
                     <div>
                        <b>Duration:
                           
                        </b>655 ms
                        
                     </div>
                  </div>
               </td>
            </tr>
            <tr></tr>
            <tr id="candidateSideAutomation.Login_setup_byClass_PASS7_row"
                class="testMethodStatusPASS testMethodStatusCONF">
               <td width="100%" class="firstMethodCell">
                  <a onclick="toggleDetailsVisibility('candidateSideAutomation.Login_setup_byClass_PASS7_details')">setup()</a>
               </td>
               <td nowrap="true">10:39:45</td>
               <td nowrap="true" align="right">10s
                  
               </td>
               <td nowrap="true">
                   
                  
               </td>
            </tr>
            <tr>
               <td colspan="4"
                   style="padding: 0; background-color: white; border-style: none; height: 0px;">
                  <div id="candidateSideAutomation.Login_setup_byClass_PASS7_details"
                       class="testMethodDetails">
                     <div>
                        <b>Name:
                           
                        </b>setup
                     </div>
                     <div>
                        <b>Signature:
                           
                        </b>setup()[pri:0, instance:candidateSideAutomation.Login@6581ed9e]
                     </div>
                     <div>
                        <b>Start time:
                           
                        </b>10:39:45
                     </div>
                     <div>
                        <b>End time:
                           
                        </b>10:39:54
                     </div>
                     <div>
                        <b>Duration:
                           
                        </b>10s
                        
                     </div>
                  </div>
               </td>
            </tr>
            <tr></tr>
            <tr id="candidateSideAutomation.Login_loginStepOneUser_byClass_FAIL8_row"
                class="testMethodStatusFAIL">
               <td width="100%" class="firstMethodCell">
                  <a onclick="toggleDetailsVisibility('candidateSideAutomation.Login_loginStepOneUser_byClass_FAIL8_details')">loginStepOneUser()</a>
               </td>
               <td nowrap="true">10:39:54</td>
               <td nowrap="true" align="right">8s
                  
               </td>
               <td nowrap="true">
                  <a onclick="toggleDetailsVisibility('candidateSideAutomation.Login_loginStepOneUser_byClass_FAIL8_exception')">java.lang.AssertionError: 
                     expected [http://www.timesjobs.com/candidate/uploadyourresume.html] but found [http://timesjobs.com/candidate/uploadyourresume.html]
                     
                  </a>
                   
                  
               </td>
            </tr>
            <tr>
               <td colspan="4"
                   style="padding: 0; background-color: white; border-style: none; height: 0px;">
                  <div id="candidateSideAutomation.Login_loginStepOneUser_byClass_FAIL8_details"
                       class="testMethodDetails">
                     <div>
                        <b>Name:
                           
                        </b>loginStepOneUser
                     </div>
                     <div>
                        <b>Signature:
                           
                        </b>loginStepOneUser()[pri:0, instance:candidateSideAutomation.Login@6581ed9e]
                     </div>
                     <div>
                        <b>Start time:
                           
                        </b>10:39:54
                     </div>
                     <div>
                        <b>End time:
                           
                        </b>10:40:02
                     </div>
                     <div>
                        <b>Duration:
                           
                        </b>8s
                        
                     </div>
                  </div>
               </td>
            </tr>
            <tr>
               <td colspan="4"
                   style="padding: 0; background-color: white; border-style: none; height: 0px;">
                  <div id="candidateSideAutomation.Login_loginStepOneUser_byClass_FAIL8_exception"
                       class="testMethodDetails">
                     <pre style="padding: 5px; margin: 0;">java.lang.AssertionError: expected [http://www.timesjobs.com/candidate/uploadyourresume.html] but found [http://timesjobs.com/candidate/uploadyourresume.html]
                        	at org.testng.Assert.fail(Assert.java:94)
                        	at org.testng.Assert.failNotEquals(Assert.java:494)
                        	at org.testng.Assert.assertEquals(Assert.java:123)
                        	at org.testng.Assert.assertEquals(Assert.java:176)
                        	at org.testng.Assert.assertEquals(Assert.java:186)
                        	at candidateSideAutomation.Login.loginStepOneUser(Unknown Source)
                        	at sun.reflect.NativeMethodAccessorImpl.invoke0(Native Method)
                        	at sun.reflect.NativeMethodAccessorImpl.invoke(NativeMethodAccessorImpl.java:39)
                        	at sun.reflect.DelegatingMethodAccessorImpl.invoke(DelegatingMethodAccessorImpl.java:25)
                        	at java.lang.reflect.Method.invoke(Method.java:597)
                        	at org.testng.internal.MethodInvocationHelper.invokeMethod(MethodInvocationHelper.java:84)
                        	at org.testng.internal.Invoker.invokeMethod(Invoker.java:714)
                        	at org.testng.internal.Invoker.invokeTestMethod(Invoker.java:901)
                        	at org.testng.internal.Invoker.invokeTestMethods(Invoker.java:1231)
                        	at org.testng.internal.TestMethodWorker.invokeTestMethods(TestMethodWorker.java:127)
                        	at org.testng.internal.TestMethodWorker.run(TestMethodWorker.java:111)
                        	at org.testng.TestRunner.privateRun(TestRunner.java:767)
                        	at org.testng.TestRunner.run(TestRunner.java:617)
                        	at org.testng.SuiteRunner.runTest(SuiteRunner.java:334)
                        	at org.testng.SuiteRunner.runSequentially(SuiteRunner.java:329)
                        	at org.testng.SuiteRunner.privateRun(SuiteRunner.java:291)
                        	at org.testng.SuiteRunner.run(SuiteRunner.java:240)
                        	at org.testng.SuiteRunnerWorker.runSuite(SuiteRunnerWorker.java:52)
                        	at org.testng.SuiteRunnerWorker.run(SuiteRunnerWorker.java:86)
                        	at org.testng.TestNG.runSuitesSequentially(TestNG.java:1224)
                        	at org.testng.TestNG.runSuitesSequentially(TestNG.java:1220)
                        	at org.testng.TestNG.runSuitesLocally(TestNG.java:1149)
                        	at org.testng.TestNG.run(TestNG.java:1057)
                        	at org.testng.TestNG.privateMain(TestNG.java:1364)
                        	at org.testng.TestNG.main(TestNG.java:1333)
                     </pre>
                  </div>
               </td>
            </tr>
            <tr id="candidateSideAutomation.Login_teardon_byClass_PASS9_row"
                class="testMethodStatusPASS testMethodStatusCONF">
               <td width="100%" class="firstMethodCell">
                  <a onclick="toggleDetailsVisibility('candidateSideAutomation.Login_teardon_byClass_PASS9_details')">teardon()</a>
               </td>
               <td nowrap="true">10:40:02</td>
               <td nowrap="true" align="right">493 ms
                  
               </td>
               <td nowrap="true">
                   
                  
               </td>
            </tr>
            <tr>
               <td colspan="4"
                   style="padding: 0; background-color: white; border-style: none; height: 0px;">
                  <div id="candidateSideAutomation.Login_teardon_byClass_PASS9_details"
                       class="testMethodDetails">
                     <div>
                        <b>Name:
                           
                        </b>teardon
                     </div>
                     <div>
                        <b>Signature:
                           
                        </b>teardon()[pri:0, instance:candidateSideAutomation.Login@6581ed9e]
                     </div>
                     <div>
                        <b>Start time:
                           
                        </b>10:40:02
                     </div>
                     <div>
                        <b>End time:
                           
                        </b>10:40:03
                     </div>
                     <div>
                        <b>Duration:
                           
                        </b>493 ms
                        
                     </div>
                  </div>
               </td>
            </tr>
            <tr></tr>
            <tr id="candidateSideAutomation.Login_setup_byClass_PASS10_row"
                class="testMethodStatusPASS testMethodStatusCONF">
               <td width="100%" class="firstMethodCell">
                  <a onclick="toggleDetailsVisibility('candidateSideAutomation.Login_setup_byClass_PASS10_details')">setup()</a>
               </td>
               <td nowrap="true">10:40:03</td>
               <td nowrap="true" align="right">10s
                  
               </td>
               <td nowrap="true">
                   
                  
               </td>
            </tr>
            <tr>
               <td colspan="4"
                   style="padding: 0; background-color: white; border-style: none; height: 0px;">
                  <div id="candidateSideAutomation.Login_setup_byClass_PASS10_details"
                       class="testMethodDetails">
                     <div>
                        <b>Name:
                           
                        </b>setup
                     </div>
                     <div>
                        <b>Signature:
                           
                        </b>setup()[pri:0, instance:candidateSideAutomation.Login@6581ed9e]
                     </div>
                     <div>
                        <b>Start time:
                           
                        </b>10:40:03
                     </div>
                     <div>
                        <b>End time:
                           
                        </b>10:40:13
                     </div>
                     <div>
                        <b>Duration:
                           
                        </b>10s
                        
                     </div>
                  </div>
               </td>
            </tr>
            <tr></tr>
            <tr id="candidateSideAutomation.Login_loginStepOneptFiveUser_byClass_PASS11_row"
                class="testMethodStatusPASS">
               <td width="100%" class="firstMethodCell">
                  <a onclick="toggleDetailsVisibility('candidateSideAutomation.Login_loginStepOneptFiveUser_byClass_PASS11_details')">loginStepOneptFiveUser()</a>
               </td>
               <td nowrap="true">10:40:13</td>
               <td nowrap="true" align="right">8s
                  
               </td>
               <td nowrap="true">
                   
                  
               </td>
            </tr>
            <tr>
               <td colspan="4"
                   style="padding: 0; background-color: white; border-style: none; height: 0px;">
                  <div id="candidateSideAutomation.Login_loginStepOneptFiveUser_byClass_PASS11_details"
                       class="testMethodDetails">
                     <div>
                        <b>Name:
                           
                        </b>loginStepOneptFiveUser
                     </div>
                     <div>
                        <b>Signature:
                           
                        </b>loginStepOneptFiveUser()[pri:0, instance:candidateSideAutomation.Login@6581ed9e]
                     </div>
                     <div>
                        <b>Start time:
                           
                        </b>10:40:13
                     </div>
                     <div>
                        <b>End time:
                           
                        </b>10:40:21
                     </div>
                     <div>
                        <b>Duration:
                           
                        </b>8s
                        
                     </div>
                  </div>
               </td>
            </tr>
            <tr></tr>
            <tr id="candidateSideAutomation.Login_teardon_byClass_PASS12_row"
                class="testMethodStatusPASS testMethodStatusCONF">
               <td width="100%" class="firstMethodCell">
                  <a onclick="toggleDetailsVisibility('candidateSideAutomation.Login_teardon_byClass_PASS12_details')">teardon()</a>
               </td>
               <td nowrap="true">10:40:21</td>
               <td nowrap="true" align="right">1s
                  
               </td>
               <td nowrap="true">
                   
                  
               </td>
            </tr>
            <tr>
               <td colspan="4"
                   style="padding: 0; background-color: white; border-style: none; height: 0px;">
                  <div id="candidateSideAutomation.Login_teardon_byClass_PASS12_details"
                       class="testMethodDetails">
                     <div>
                        <b>Name:
                           
                        </b>teardon
                     </div>
                     <div>
                        <b>Signature:
                           
                        </b>teardon()[pri:0, instance:candidateSideAutomation.Login@6581ed9e]
                     </div>
                     <div>
                        <b>Start time:
                           
                        </b>10:40:21
                     </div>
                     <div>
                        <b>End time:
                           
                        </b>10:40:22
                     </div>
                     <div>
                        <b>Duration:
                           
                        </b>1s
                        
                     </div>
                  </div>
               </td>
            </tr>
            <tr></tr>
            <tr id="candidateSideAutomation.Login_setup_byClass_PASS13_row"
                class="testMethodStatusPASS testMethodStatusCONF">
               <td width="100%" class="firstMethodCell">
                  <a onclick="toggleDetailsVisibility('candidateSideAutomation.Login_setup_byClass_PASS13_details')">setup()</a>
               </td>
               <td nowrap="true">10:40:22</td>
               <td nowrap="true" align="right">8s
                  
               </td>
               <td nowrap="true">
                   
                  
               </td>
            </tr>
            <tr>
               <td colspan="4"
                   style="padding: 0; background-color: white; border-style: none; height: 0px;">
                  <div id="candidateSideAutomation.Login_setup_byClass_PASS13_details"
                       class="testMethodDetails">
                     <div>
                        <b>Name:
                           
                        </b>setup
                     </div>
                     <div>
                        <b>Signature:
                           
                        </b>setup()[pri:0, instance:candidateSideAutomation.Login@6581ed9e]
                     </div>
                     <div>
                        <b>Start time:
                           
                        </b>10:40:22
                     </div>
                     <div>
                        <b>End time:
                           
                        </b>10:40:30
                     </div>
                     <div>
                        <b>Duration:
                           
                        </b>8s
                        
                     </div>
                  </div>
               </td>
            </tr>
            <tr></tr>
            <tr id="candidateSideAutomation.Login_loginStepSevenUser_byClass_PASS14_row"
                class="testMethodStatusPASS">
               <td width="100%" class="firstMethodCell">
                  <a onclick="toggleDetailsVisibility('candidateSideAutomation.Login_loginStepSevenUser_byClass_PASS14_details')">loginStepSevenUser()</a>
               </td>
               <td nowrap="true">10:40:30</td>
               <td nowrap="true" align="right">9s
                  
               </td>
               <td nowrap="true">
                   
                  
               </td>
            </tr>
            <tr>
               <td colspan="4"
                   style="padding: 0; background-color: white; border-style: none; height: 0px;">
                  <div id="candidateSideAutomation.Login_loginStepSevenUser_byClass_PASS14_details"
                       class="testMethodDetails">
                     <div>
                        <b>Name:
                           
                        </b>loginStepSevenUser
                     </div>
                     <div>
                        <b>Signature:
                           
                        </b>loginStepSevenUser()[pri:0, instance:candidateSideAutomation.Login@6581ed9e]
                     </div>
                     <div>
                        <b>Start time:
                           
                        </b>10:40:30
                     </div>
                     <div>
                        <b>End time:
                           
                        </b>10:40:39
                     </div>
                     <div>
                        <b>Duration:
                           
                        </b>9s
                        
                     </div>
                  </div>
               </td>
            </tr>
            <tr></tr>
            <tr id="candidateSideAutomation.Login_teardon_byClass_PASS15_row"
                class="testMethodStatusPASS testMethodStatusCONF">
               <td width="100%" class="firstMethodCell">
                  <a onclick="toggleDetailsVisibility('candidateSideAutomation.Login_teardon_byClass_PASS15_details')">teardon()</a>
               </td>
               <td nowrap="true">10:40:39</td>
               <td nowrap="true" align="right">578 ms
                  
               </td>
               <td nowrap="true">
                   
                  
               </td>
            </tr>
            <tr>
               <td colspan="4"
                   style="padding: 0; background-color: white; border-style: none; height: 0px;">
                  <div id="candidateSideAutomation.Login_teardon_byClass_PASS15_details"
                       class="testMethodDetails">
                     <div>
                        <b>Name:
                           
                        </b>teardon
                     </div>
                     <div>
                        <b>Signature:
                           
                        </b>teardon()[pri:0, instance:candidateSideAutomation.Login@6581ed9e]
                     </div>
                     <div>
                        <b>Start time:
                           
                        </b>10:40:39
                     </div>
                     <div>
                        <b>End time:
                           
                        </b>10:40:39
                     </div>
                     <div>
                        <b>Duration:
                           
                        </b>578 ms
                        
                     </div>
                  </div>
               </td>
            </tr>
            <tr></tr>
         </table>
         <br></br>
      </div>
      <div style="margin-top: 15px; color: gray; text-align: center; font-size: 9px;">
         Generated with
         
         <a href="http://code.google.com/p/testng-xslt/" style="color: #8888aa;"
            target="_blank">
            TestNG XSLT
            
         </a>
      </div>
   </body>
</html>