<html xmlns:math="http://exslt.org/math" xmlns:testng="http://testng.org">
   <head>
      <title>TestNG Results</title>
      <meta http-equiv="content-type" content="text/html; charset=utf-8"></meta>
      <meta http-equiv="pragma" content="no-cache"></meta>
      <meta http-equiv="cache-control" content="max-age=0"></meta>
      <meta http-equiv="cache-control" content="no-cache"></meta>
      <meta http-equiv="cache-control" content="no-store"></meta>
      <LINK rel="stylesheet" href="style.css"></LINK>
      <script type="text/javascript" src="main.js"></script>
   </head>
   <body>
      <table width="100%" style="font-size: 16px; margin-bottom: 10px;" cellspacing="1">
         <tr>
            <td width="100%">
               All methods in suite
               
               <b>CANDIDATE SIDE TEST CASES</b>
            </td>
            <td style="background-color: #FFBBBB; padding: 3px 3px 3px 0;" align="center">
               <div style="width: 50px;">4</div>
            </td>
            <td style="background-color: lightgreen; padding: 3px 3px 3px 0;" align="center">
               <div style="width: 50px;">6</div>
            </td>
            <td style="background-color: #FFFFBB; padding: 3px 3px 3px 0;" align="center">
               <div style="width: 50px;">0</div>
            </td>
            <td align="center" style="background-color: #eaf0f7; padding: 3px 3px 3px 0;">
               <div style="width: 50px;">10</div>
            </td>
            <td align="center"
                style="font-weight: bold; background-color: #eaf0f7; padding: 3px 3px 3px 0;">
               <div style="width: 50px;">60%</div>
            </td>
            <td style="background-color: #eaf0f7; padding: 3px 3px 3px 0;" align="center"
                nowrap="true">3m
               17s
               
            </td>
         </tr>
      </table>
      <div style="width: 200px;">
         <label for="groupMethodsCheckBox" style="font-weight: bold; margin: 0;">
            <input id="groupMethodsCheckBox" type="checkbox" onclick="switchTestMethodsView(this)"
                   checked=""></input>
            Group by class
            
         </label>
         <br></br>
         <label for="methodsFilter_ALL" style="font-weight: bold; margin: 0;">
            <input id="methodsFilter_ALL" type="checkbox"
                   onclick="testMethodsFilterChanged(this, 'ALL')"
                   checked=""></input>
            All
            
         </label>
      </div>
      <label for="methodsFilter_FAIL" style="margin-left: 20px;">
         <input id="methodsFilter_FAIL" type="checkbox"
                onclick="testMethodsFilterChanged(this, 'FAIL')"
                checked=""></input>
         Failed
         
      </label>
      <label for="methodsFilter_PASS">
         <input id="methodsFilter_PASS" type="checkbox"
                onclick="testMethodsFilterChanged(this, 'PASS')"
                checked=""></input>
         Passed
         
      </label>
      <label for="methodsFilter_SKIP">
         <input id="methodsFilter_SKIP" type="checkbox"
                onclick="testMethodsFilterChanged(this, 'SKIP')"
                checked=""></input>
         Skipped
         
      </label>
      <label for="methodsFilter_CONF">
         <input id="methodsFilter_CONF" type="checkbox"
                onclick="testMethodsFilterChanged(this, 'CONF')"
                checked=""></input>
         Config
         
      </label>
      <br></br>
      <div id="testMethodsByStatus" style="display: none;">
         <table class="testMethodsTable" cellpadding="0" cellspacing="0">
            <tr class="methodsTableHeader">
               <td width="100%">Name</td>
               <td nowrap="true">Started</td>
               <td nowrap="true">Duration</td>
               <td>Exception</td>
            </tr>
            <tr id="candidateSideAutomation.candidateRegistration_linkedinRegistration_byStatus_failed_FAIL1_row"
                class="testMethodStatusFAIL">
               <td width="100%" class="firstMethodCell">
                  <a onclick="toggleDetailsVisibility('candidateSideAutomation.candidateRegistration_linkedinRegistration_byStatus_failed_FAIL1_details')">linkedinRegistration()</a>
               </td>
               <td nowrap="true">12:03:53</td>
               <td nowrap="true" align="right">53s
                  
               </td>
               <td nowrap="true">
                  <a onclick="toggleDetailsVisibility('candidateSideAutomation.candidateRegistration_linkedinRegistration_byStatus_failed_FAIL1_exception')">org.openqa.selenium.NoSuchFrameException: 
                     Unable to locate frame: GB_frame1
                     Command duration or timeout: 30.38 seconds
                     Build info: version: '2.41.0', revision: '3192d8a', time: '2014-03-27 17:17:32'
                     System info: host: 'times-09bb94003', ip: '10.150.224.125', os.name: 'Windows XP', os.arch: 'x86', os.version: '5.1', java.version:
                     '1.6.0_45'
                     Session ID: 052f3132-f1e0-48f2-a9da-4686711ee887
                     Driver info: org.openqa.selenium.firefox.FirefoxDriver
                     Capabilities [{platform=XP, acceptSslCerts=true, javascriptEnabled=true, browserName=firefox, rotatable=false, locationContextEnabled=true,
                     version=29.0, cssSelectorsEnabled=true, databaseEnabled=true, handlesAlerts=true, browserConnectionEnabled=true, nativeEvents=false,
                     webStorageEnabled=true, applicationCacheEnabled=true, takesScreenshot=true}]
                     
                  </a>
                   
                  
               </td>
            </tr>
            <tr>
               <td colspan="4"
                   style="padding: 0; background-color: white; border-style: none; height: 0px;">
                  <div id="candidateSideAutomation.candidateRegistration_linkedinRegistration_byStatus_failed_FAIL1_details"
                       class="testMethodDetails">
                     <div>
                        <b>Name:
                           
                        </b>linkedinRegistration
                     </div>
                     <div>
                        <b>Signature:
                           
                        </b>linkedinRegistration()[pri:0, instance:candidateSideAutomation.candidateRegistration@120a47e]
                     </div>
                     <div>
                        <b>Start time:
                           
                        </b>12:03:53
                     </div>
                     <div>
                        <b>End time:
                           
                        </b>12:04:46
                     </div>
                     <div>
                        <b>Duration:
                           
                        </b>53s
                        
                     </div>
                  </div>
               </td>
            </tr>
            <tr>
               <td colspan="4"
                   style="padding: 0; background-color: white; border-style: none; height: 0px;">
                  <div id="candidateSideAutomation.candidateRegistration_linkedinRegistration_byStatus_failed_FAIL1_exception"
                       class="testMethodDetails">
                     <pre style="padding: 5px; margin: 0;">org.openqa.selenium.NoSuchFrameException: Unable to locate frame: GB_frame1
                        Command duration or timeout: 30.38 seconds
                        Build info: version: '2.41.0', revision: '3192d8a', time: '2014-03-27 17:17:32'
                        System info: host: 'times-09bb94003', ip: '10.150.224.125', os.name: 'Windows XP', os.arch: 'x86', os.version: '5.1', java.version:
                        '1.6.0_45'
                        Session ID: 052f3132-f1e0-48f2-a9da-4686711ee887
                        Driver info: org.openqa.selenium.firefox.FirefoxDriver
                        Capabilities [{platform=XP, acceptSslCerts=true, javascriptEnabled=true, browserName=firefox, rotatable=false, locationContextEnabled=true,
                        version=29.0, cssSelectorsEnabled=true, databaseEnabled=true, handlesAlerts=true, browserConnectionEnabled=true, nativeEvents=false,
                        webStorageEnabled=true, applicationCacheEnabled=true, takesScreenshot=true}]
                        	at sun.reflect.NativeConstructorAccessorImpl.newInstance0(Native Method)
                        	at sun.reflect.NativeConstructorAccessorImpl.newInstance(NativeConstructorAccessorImpl.java:39)
                        	at sun.reflect.DelegatingConstructorAccessorImpl.newInstance(DelegatingConstructorAccessorImpl.java:27)
                        	at java.lang.reflect.Constructor.newInstance(Constructor.java:513)
                        	at org.openqa.selenium.remote.ErrorHandler.createThrowable(ErrorHandler.java:193)
                        	at org.openqa.selenium.remote.ErrorHandler.throwIfResponseFailed(ErrorHandler.java:145)
                        	at org.openqa.selenium.remote.RemoteWebDriver.execute(RemoteWebDriver.java:595)
                        	at org.openqa.selenium.remote.RemoteWebDriver$RemoteTargetLocator.frame(RemoteWebDriver.java:862)
                        	at candidateSideAutomation.candidateRegistration.linkedinRegistration(Unknown Source)
                        	at sun.reflect.NativeMethodAccessorImpl.invoke0(Native Method)
                        	at sun.reflect.NativeMethodAccessorImpl.invoke(NativeMethodAccessorImpl.java:39)
                        	at sun.reflect.DelegatingMethodAccessorImpl.invoke(DelegatingMethodAccessorImpl.java:25)
                        	at java.lang.reflect.Method.invoke(Method.java:597)
                        	at org.testng.internal.MethodInvocationHelper.invokeMethod(MethodInvocationHelper.java:84)
                        	at org.testng.internal.Invoker.invokeMethod(Invoker.java:714)
                        	at org.testng.internal.Invoker.invokeTestMethod(Invoker.java:901)
                        	at org.testng.internal.Invoker.invokeTestMethods(Invoker.java:1231)
                        	at org.testng.internal.TestMethodWorker.invokeTestMethods(TestMethodWorker.java:127)
                        	at org.testng.internal.TestMethodWorker.run(TestMethodWorker.java:111)
                        	at org.testng.TestRunner.privateRun(TestRunner.java:767)
                        	at org.testng.TestRunner.run(TestRunner.java:617)
                        	at org.testng.SuiteRunner.runTest(SuiteRunner.java:334)
                        	at org.testng.SuiteRunner.runSequentially(SuiteRunner.java:329)
                        	at org.testng.SuiteRunner.privateRun(SuiteRunner.java:291)
                        	at org.testng.SuiteRunner.run(SuiteRunner.java:240)
                        	at org.testng.SuiteRunnerWorker.runSuite(SuiteRunnerWorker.java:52)
                        	at org.testng.SuiteRunnerWorker.run(SuiteRunnerWorker.java:86)
                        	at org.testng.TestNG.runSuitesSequentially(TestNG.java:1224)
                        	at org.testng.TestNG.runSuitesSequentially(TestNG.java:1220)
                        	at org.testng.TestNG.runSuitesLocally(TestNG.java:1149)
                        	at org.testng.TestNG.run(TestNG.java:1057)
                        	at org.testng.TestNG.privateMain(TestNG.java:1364)
                        	at org.testng.TestNG.main(TestNG.java:1333)
                        Caused by: org.openqa.selenium.remote.ErrorHandler$UnknownServerException: Unable to locate frame: GB_frame1
                        Build info: version: '2.41.0', revision: '3192d8a', time: '2014-03-27 17:17:32'
                        System info: host: 'times-09bb94003', ip: '10.150.224.125', os.name: 'Windows XP', os.arch: 'x86', os.version: '5.1', java.version:
                        '1.6.0_45'
                        Driver info: driver.version: unknown
                        	at &lt;anonymous class&gt;.FirefoxDriver.prototype.switchToFrame(file:///E:/DOCUME~1/Charu/LOCALS~1/Temp/anonymous1250199697637318453webdriver-profile/extensions/fxdriver@googlecode.com/components/driver_component.js:8974)
                        	at &lt;anonymous class&gt;.DelayedCommand.prototype.executeInternal_/h(file:///E:/DOCUME~1/Charu/LOCALS~1/Temp/anonymous1250199697637318453webdriver-profile/extensions/fxdriver@googlecode.com/components/command_processor.js:10884)
                        	at &lt;anonymous class&gt;.fxdriver.Timer.prototype.setTimeout/&lt;.notify(file:///E:/DOCUME~1/Charu/LOCALS~1/Temp/anonymous1250199697637318453webdriver-profile/extensions/fxdriver@googlecode.com/components/command_processor.js:396)
                     </pre>
                  </div>
               </td>
            </tr>
            <tr id="candidateSideAutomation.linkTraversal_pageVal_byStatus_failed_FAIL2_row"
                class="testMethodStatusFAIL">
               <td width="100%" class="firstMethodCell">
                  <a onclick="toggleDetailsVisibility('candidateSideAutomation.linkTraversal_pageVal_byStatus_failed_FAIL2_details')">pageVal()</a>
               </td>
               <td nowrap="true">12:06:05</td>
               <td nowrap="true" align="right">25s
                  
               </td>
               <td nowrap="true">
                  <a onclick="toggleDetailsVisibility('candidateSideAutomation.linkTraversal_pageVal_byStatus_failed_FAIL2_exception')">org.openqa.selenium.NoSuchElementException: 
                     Unable to locate element: {"method":"xpath","selector":"//div[@class='rec-jobs']/header/div/h1"}
                     Command duration or timeout: 25.03 seconds
                     For documentation on this error, please visit: http://seleniumhq.org/exceptions/no_such_element.html
                     Build info: version: '2.41.0', revision: '3192d8a', time: '2014-03-27 17:17:32'
                     System info: host: 'times-09bb94003', ip: '10.150.224.125', os.name: 'Windows XP', os.arch: 'x86', os.version: '5.1', java.version:
                     '1.6.0_45'
                     Session ID: b4d14582-65e9-49e8-9e6c-79e305cf5d4f
                     Driver info: org.openqa.selenium.firefox.FirefoxDriver
                     Capabilities [{platform=XP, acceptSslCerts=true, javascriptEnabled=true, browserName=firefox, rotatable=false, locationContextEnabled=true,
                     version=29.0, cssSelectorsEnabled=true, databaseEnabled=true, handlesAlerts=true, browserConnectionEnabled=true, nativeEvents=false,
                     webStorageEnabled=true, applicationCacheEnabled=true, takesScreenshot=true}]
                     
                  </a>
                   
                  
               </td>
            </tr>
            <tr>
               <td colspan="4"
                   style="padding: 0; background-color: white; border-style: none; height: 0px;">
                  <div id="candidateSideAutomation.linkTraversal_pageVal_byStatus_failed_FAIL2_details"
                       class="testMethodDetails">
                     <div>
                        <b>Name:
                           
                        </b>pageVal
                     </div>
                     <div>
                        <b>Signature:
                           
                        </b>pageVal()[pri:0, instance:candidateSideAutomation.linkTraversal@171bbc9]
                     </div>
                     <div>
                        <b>Start time:
                           
                        </b>12:06:05
                     </div>
                     <div>
                        <b>End time:
                           
                        </b>12:06:30
                     </div>
                     <div>
                        <b>Duration:
                           
                        </b>25s
                        
                     </div>
                  </div>
               </td>
            </tr>
            <tr>
               <td colspan="4"
                   style="padding: 0; background-color: white; border-style: none; height: 0px;">
                  <div id="candidateSideAutomation.linkTraversal_pageVal_byStatus_failed_FAIL2_exception"
                       class="testMethodDetails">
                     <pre style="padding: 5px; margin: 0;">org.openqa.selenium.NoSuchElementException: Unable to locate element: {"method":"xpath","selector":"//div[@class='rec-jobs']/header/div/h1"}
                        Command duration or timeout: 25.03 seconds
                        For documentation on this error, please visit: http://seleniumhq.org/exceptions/no_such_element.html
                        Build info: version: '2.41.0', revision: '3192d8a', time: '2014-03-27 17:17:32'
                        System info: host: 'times-09bb94003', ip: '10.150.224.125', os.name: 'Windows XP', os.arch: 'x86', os.version: '5.1', java.version:
                        '1.6.0_45'
                        Session ID: b4d14582-65e9-49e8-9e6c-79e305cf5d4f
                        Driver info: org.openqa.selenium.firefox.FirefoxDriver
                        Capabilities [{platform=XP, acceptSslCerts=true, javascriptEnabled=true, browserName=firefox, rotatable=false, locationContextEnabled=true,
                        version=29.0, cssSelectorsEnabled=true, databaseEnabled=true, handlesAlerts=true, browserConnectionEnabled=true, nativeEvents=false,
                        webStorageEnabled=true, applicationCacheEnabled=true, takesScreenshot=true}]
                        	at sun.reflect.NativeConstructorAccessorImpl.newInstance0(Native Method)
                        	at sun.reflect.NativeConstructorAccessorImpl.newInstance(NativeConstructorAccessorImpl.java:39)
                        	at sun.reflect.DelegatingConstructorAccessorImpl.newInstance(DelegatingConstructorAccessorImpl.java:27)
                        	at java.lang.reflect.Constructor.newInstance(Constructor.java:513)
                        	at org.openqa.selenium.remote.ErrorHandler.createThrowable(ErrorHandler.java:193)
                        	at org.openqa.selenium.remote.ErrorHandler.throwIfResponseFailed(ErrorHandler.java:145)
                        	at org.openqa.selenium.remote.RemoteWebDriver.execute(RemoteWebDriver.java:595)
                        	at org.openqa.selenium.remote.RemoteWebDriver.findElement(RemoteWebDriver.java:348)
                        	at org.openqa.selenium.remote.RemoteWebDriver.findElementByXPath(RemoteWebDriver.java:445)
                        	at org.openqa.selenium.By$ByXPath.findElement(By.java:357)
                        	at org.openqa.selenium.remote.RemoteWebDriver.findElement(RemoteWebDriver.java:340)
                        	at candidateSideAutomation.linkTraversal.pageVal(Unknown Source)
                        	at sun.reflect.NativeMethodAccessorImpl.invoke0(Native Method)
                        	at sun.reflect.NativeMethodAccessorImpl.invoke(NativeMethodAccessorImpl.java:39)
                        	at sun.reflect.DelegatingMethodAccessorImpl.invoke(DelegatingMethodAccessorImpl.java:25)
                        	at java.lang.reflect.Method.invoke(Method.java:597)
                        	at org.testng.internal.MethodInvocationHelper.invokeMethod(MethodInvocationHelper.java:84)
                        	at org.testng.internal.Invoker.invokeMethod(Invoker.java:714)
                        	at org.testng.internal.Invoker.invokeTestMethod(Invoker.java:901)
                        	at org.testng.internal.Invoker.invokeTestMethods(Invoker.java:1231)
                        	at org.testng.internal.TestMethodWorker.invokeTestMethods(TestMethodWorker.java:127)
                        	at org.testng.internal.TestMethodWorker.run(TestMethodWorker.java:111)
                        	at org.testng.TestRunner.privateRun(TestRunner.java:767)
                        	at org.testng.TestRunner.run(TestRunner.java:617)
                        	at org.testng.SuiteRunner.runTest(SuiteRunner.java:334)
                        	at org.testng.SuiteRunner.runSequentially(SuiteRunner.java:329)
                        	at org.testng.SuiteRunner.privateRun(SuiteRunner.java:291)
                        	at org.testng.SuiteRunner.run(SuiteRunner.java:240)
                        	at org.testng.SuiteRunnerWorker.runSuite(SuiteRunnerWorker.java:52)
                        	at org.testng.SuiteRunnerWorker.run(SuiteRunnerWorker.java:86)
                        	at org.testng.TestNG.runSuitesSequentially(TestNG.java:1224)
                        	at org.testng.TestNG.runSuitesSequentially(TestNG.java:1220)
                        	at org.testng.TestNG.runSuitesLocally(TestNG.java:1149)
                        	at org.testng.TestNG.run(TestNG.java:1057)
                        	at org.testng.TestNG.privateMain(TestNG.java:1364)
                        	at org.testng.TestNG.main(TestNG.java:1333)
                        Caused by: org.openqa.selenium.remote.ErrorHandler$UnknownServerException: Unable to locate element: {"method":"xpath","selector":"//div[@class='rec-jobs']/header/div/h1"}
                        Build info: version: '2.41.0', revision: '3192d8a', time: '2014-03-27 17:17:32'
                        System info: host: 'times-09bb94003', ip: '10.150.224.125', os.name: 'Windows XP', os.arch: 'x86', os.version: '5.1', java.version:
                        '1.6.0_45'
                        Driver info: driver.version: unknown
                        	at &lt;anonymous class&gt;.FirefoxDriver.prototype.findElementInternal_(file:///E:/DOCUME~1/Charu/LOCALS~1/Temp/anonymous5955219541778582977webdriver-profile/extensions/fxdriver@googlecode.com/components/driver_component.js:8905)
                        	at &lt;anonymous class&gt;.fxdriver.Timer.prototype.setTimeout/&lt;.notify(file:///E:/DOCUME~1/Charu/LOCALS~1/Temp/anonymous5955219541778582977webdriver-profile/extensions/fxdriver@googlecode.com/components/driver_component.js:396)
                     </pre>
                  </div>
               </td>
            </tr>
            <tr id="candidateSideAutomation.linkTraversal_editDetails_byStatus_failed_FAIL3_row"
                class="testMethodStatusFAIL">
               <td width="100%" class="firstMethodCell">
                  <a onclick="toggleDetailsVisibility('candidateSideAutomation.linkTraversal_editDetails_byStatus_failed_FAIL3_details')">editDetails()</a>
               </td>
               <td nowrap="true">12:06:43</td>
               <td nowrap="true" align="right">10s
                  
               </td>
               <td nowrap="true">
                  <a onclick="toggleDetailsVisibility('candidateSideAutomation.linkTraversal_editDetails_byStatus_failed_FAIL3_exception')">org.openqa.selenium.NoSuchElementException: 
                     Unable to locate element: {"method":"xpath","selector":"//div[@id='userProfilPicsId']/a"}
                     Command duration or timeout: 10.08 seconds
                     For documentation on this error, please visit: http://seleniumhq.org/exceptions/no_such_element.html
                     Build info: version: '2.41.0', revision: '3192d8a', time: '2014-03-27 17:17:32'
                     System info: host: 'times-09bb94003', ip: '10.150.224.125', os.name: 'Windows XP', os.arch: 'x86', os.version: '5.1', java.version:
                     '1.6.0_45'
                     Session ID: b4d14582-65e9-49e8-9e6c-79e305cf5d4f
                     Driver info: org.openqa.selenium.firefox.FirefoxDriver
                     Capabilities [{platform=XP, acceptSslCerts=true, javascriptEnabled=true, browserName=firefox, rotatable=false, locationContextEnabled=true,
                     version=29.0, cssSelectorsEnabled=true, databaseEnabled=true, handlesAlerts=true, browserConnectionEnabled=true, nativeEvents=false,
                     webStorageEnabled=true, applicationCacheEnabled=true, takesScreenshot=true}]
                     
                  </a>
                   
                  
               </td>
            </tr>
            <tr>
               <td colspan="4"
                   style="padding: 0; background-color: white; border-style: none; height: 0px;">
                  <div id="candidateSideAutomation.linkTraversal_editDetails_byStatus_failed_FAIL3_details"
                       class="testMethodDetails">
                     <div>
                        <b>Name:
                           
                        </b>editDetails
                     </div>
                     <div>
                        <b>Signature:
                           
                        </b>editDetails()[pri:0, instance:candidateSideAutomation.linkTraversal@171bbc9]
                     </div>
                     <div>
                        <b>Start time:
                           
                        </b>12:06:43
                     </div>
                     <div>
                        <b>End time:
                           
                        </b>12:06:54
                     </div>
                     <div>
                        <b>Duration:
                           
                        </b>10s
                        
                     </div>
                  </div>
               </td>
            </tr>
            <tr>
               <td colspan="4"
                   style="padding: 0; background-color: white; border-style: none; height: 0px;">
                  <div id="candidateSideAutomation.linkTraversal_editDetails_byStatus_failed_FAIL3_exception"
                       class="testMethodDetails">
                     <pre style="padding: 5px; margin: 0;">org.openqa.selenium.NoSuchElementException: Unable to locate element: {"method":"xpath","selector":"//div[@id='userProfilPicsId']/a"}
                        Command duration or timeout: 10.08 seconds
                        For documentation on this error, please visit: http://seleniumhq.org/exceptions/no_such_element.html
                        Build info: version: '2.41.0', revision: '3192d8a', time: '2014-03-27 17:17:32'
                        System info: host: 'times-09bb94003', ip: '10.150.224.125', os.name: 'Windows XP', os.arch: 'x86', os.version: '5.1', java.version:
                        '1.6.0_45'
                        Session ID: b4d14582-65e9-49e8-9e6c-79e305cf5d4f
                        Driver info: org.openqa.selenium.firefox.FirefoxDriver
                        Capabilities [{platform=XP, acceptSslCerts=true, javascriptEnabled=true, browserName=firefox, rotatable=false, locationContextEnabled=true,
                        version=29.0, cssSelectorsEnabled=true, databaseEnabled=true, handlesAlerts=true, browserConnectionEnabled=true, nativeEvents=false,
                        webStorageEnabled=true, applicationCacheEnabled=true, takesScreenshot=true}]
                        	at sun.reflect.NativeConstructorAccessorImpl.newInstance0(Native Method)
                        	at sun.reflect.NativeConstructorAccessorImpl.newInstance(NativeConstructorAccessorImpl.java:39)
                        	at sun.reflect.DelegatingConstructorAccessorImpl.newInstance(DelegatingConstructorAccessorImpl.java:27)
                        	at java.lang.reflect.Constructor.newInstance(Constructor.java:513)
                        	at org.openqa.selenium.remote.ErrorHandler.createThrowable(ErrorHandler.java:193)
                        	at org.openqa.selenium.remote.ErrorHandler.throwIfResponseFailed(ErrorHandler.java:145)
                        	at org.openqa.selenium.remote.RemoteWebDriver.execute(RemoteWebDriver.java:595)
                        	at org.openqa.selenium.remote.RemoteWebDriver.findElement(RemoteWebDriver.java:348)
                        	at org.openqa.selenium.remote.RemoteWebDriver.findElementByXPath(RemoteWebDriver.java:445)
                        	at org.openqa.selenium.By$ByXPath.findElement(By.java:357)
                        	at org.openqa.selenium.remote.RemoteWebDriver.findElement(RemoteWebDriver.java:340)
                        	at candidateSideAutomation.linkTraversal.editDetails(Unknown Source)
                        	at sun.reflect.NativeMethodAccessorImpl.invoke0(Native Method)
                        	at sun.reflect.NativeMethodAccessorImpl.invoke(NativeMethodAccessorImpl.java:39)
                        	at sun.reflect.DelegatingMethodAccessorImpl.invoke(DelegatingMethodAccessorImpl.java:25)
                        	at java.lang.reflect.Method.invoke(Method.java:597)
                        	at org.testng.internal.MethodInvocationHelper.invokeMethod(MethodInvocationHelper.java:84)
                        	at org.testng.internal.Invoker.invokeMethod(Invoker.java:714)
                        	at org.testng.internal.Invoker.invokeTestMethod(Invoker.java:901)
                        	at org.testng.internal.Invoker.invokeTestMethods(Invoker.java:1231)
                        	at org.testng.internal.TestMethodWorker.invokeTestMethods(TestMethodWorker.java:127)
                        	at org.testng.internal.TestMethodWorker.run(TestMethodWorker.java:111)
                        	at org.testng.TestRunner.privateRun(TestRunner.java:767)
                        	at org.testng.TestRunner.run(TestRunner.java:617)
                        	at org.testng.SuiteRunner.runTest(SuiteRunner.java:334)
                        	at org.testng.SuiteRunner.runSequentially(SuiteRunner.java:329)
                        	at org.testng.SuiteRunner.privateRun(SuiteRunner.java:291)
                        	at org.testng.SuiteRunner.run(SuiteRunner.java:240)
                        	at org.testng.SuiteRunnerWorker.runSuite(SuiteRunnerWorker.java:52)
                        	at org.testng.SuiteRunnerWorker.run(SuiteRunnerWorker.java:86)
                        	at org.testng.TestNG.runSuitesSequentially(TestNG.java:1224)
                        	at org.testng.TestNG.runSuitesSequentially(TestNG.java:1220)
                        	at org.testng.TestNG.runSuitesLocally(TestNG.java:1149)
                        	at org.testng.TestNG.run(TestNG.java:1057)
                        	at org.testng.TestNG.privateMain(TestNG.java:1364)
                        	at org.testng.TestNG.main(TestNG.java:1333)
                        Caused by: org.openqa.selenium.remote.ErrorHandler$UnknownServerException: Unable to locate element: {"method":"xpath","selector":"//div[@id='userProfilPicsId']/a"}
                        Build info: version: '2.41.0', revision: '3192d8a', time: '2014-03-27 17:17:32'
                        System info: host: 'times-09bb94003', ip: '10.150.224.125', os.name: 'Windows XP', os.arch: 'x86', os.version: '5.1', java.version:
                        '1.6.0_45'
                        Driver info: driver.version: unknown
                        	at &lt;anonymous class&gt;.FirefoxDriver.prototype.findElementInternal_(file:///E:/DOCUME~1/Charu/LOCALS~1/Temp/anonymous5955219541778582977webdriver-profile/extensions/fxdriver@googlecode.com/components/driver_component.js:8905)
                        	at &lt;anonymous class&gt;.fxdriver.Timer.prototype.setTimeout/&lt;.notify(file:///E:/DOCUME~1/Charu/LOCALS~1/Temp/anonymous5955219541778582977webdriver-profile/extensions/fxdriver@googlecode.com/components/driver_component.js:396)
                     </pre>
                  </div>
               </td>
            </tr>
            <tr id="candidateSideAutomation.linkTraversal_ediKeySkills_byStatus_failed_FAIL4_row"
                class="testMethodStatusFAIL">
               <td width="100%" class="firstMethodCell">
                  <a onclick="toggleDetailsVisibility('candidateSideAutomation.linkTraversal_ediKeySkills_byStatus_failed_FAIL4_details')">ediKeySkills()</a>
               </td>
               <td nowrap="true">12:06:54</td>
               <td nowrap="true" align="right">10s
                  
               </td>
               <td nowrap="true">
                  <a onclick="toggleDetailsVisibility('candidateSideAutomation.linkTraversal_ediKeySkills_byStatus_failed_FAIL4_exception')">org.openqa.selenium.NoSuchElementException: 
                     Unable to locate element: {"method":"xpath","selector":"//div[@id='userProfilPicsId']/a"}
                     Command duration or timeout: 10.06 seconds
                     For documentation on this error, please visit: http://seleniumhq.org/exceptions/no_such_element.html
                     Build info: version: '2.41.0', revision: '3192d8a', time: '2014-03-27 17:17:32'
                     System info: host: 'times-09bb94003', ip: '10.150.224.125', os.name: 'Windows XP', os.arch: 'x86', os.version: '5.1', java.version:
                     '1.6.0_45'
                     Session ID: b4d14582-65e9-49e8-9e6c-79e305cf5d4f
                     Driver info: org.openqa.selenium.firefox.FirefoxDriver
                     Capabilities [{platform=XP, acceptSslCerts=true, javascriptEnabled=true, browserName=firefox, rotatable=false, locationContextEnabled=true,
                     version=29.0, cssSelectorsEnabled=true, databaseEnabled=true, handlesAlerts=true, browserConnectionEnabled=true, nativeEvents=false,
                     webStorageEnabled=true, applicationCacheEnabled=true, takesScreenshot=true}]
                     
                  </a>
                   
                  
               </td>
            </tr>
            <tr>
               <td colspan="4"
                   style="padding: 0; background-color: white; border-style: none; height: 0px;">
                  <div id="candidateSideAutomation.linkTraversal_ediKeySkills_byStatus_failed_FAIL4_details"
                       class="testMethodDetails">
                     <div>
                        <b>Name:
                           
                        </b>ediKeySkills
                     </div>
                     <div>
                        <b>Signature:
                           
                        </b>ediKeySkills()[pri:0, instance:candidateSideAutomation.linkTraversal@171bbc9]
                     </div>
                     <div>
                        <b>Start time:
                           
                        </b>12:06:54
                     </div>
                     <div>
                        <b>End time:
                           
                        </b>12:07:04
                     </div>
                     <div>
                        <b>Duration:
                           
                        </b>10s
                        
                     </div>
                  </div>
               </td>
            </tr>
            <tr>
               <td colspan="4"
                   style="padding: 0; background-color: white; border-style: none; height: 0px;">
                  <div id="candidateSideAutomation.linkTraversal_ediKeySkills_byStatus_failed_FAIL4_exception"
                       class="testMethodDetails">
                     <pre style="padding: 5px; margin: 0;">org.openqa.selenium.NoSuchElementException: Unable to locate element: {"method":"xpath","selector":"//div[@id='userProfilPicsId']/a"}
                        Command duration or timeout: 10.06 seconds
                        For documentation on this error, please visit: http://seleniumhq.org/exceptions/no_such_element.html
                        Build info: version: '2.41.0', revision: '3192d8a', time: '2014-03-27 17:17:32'
                        System info: host: 'times-09bb94003', ip: '10.150.224.125', os.name: 'Windows XP', os.arch: 'x86', os.version: '5.1', java.version:
                        '1.6.0_45'
                        Session ID: b4d14582-65e9-49e8-9e6c-79e305cf5d4f
                        Driver info: org.openqa.selenium.firefox.FirefoxDriver
                        Capabilities [{platform=XP, acceptSslCerts=true, javascriptEnabled=true, browserName=firefox, rotatable=false, locationContextEnabled=true,
                        version=29.0, cssSelectorsEnabled=true, databaseEnabled=true, handlesAlerts=true, browserConnectionEnabled=true, nativeEvents=false,
                        webStorageEnabled=true, applicationCacheEnabled=true, takesScreenshot=true}]
                        	at sun.reflect.NativeConstructorAccessorImpl.newInstance0(Native Method)
                        	at sun.reflect.NativeConstructorAccessorImpl.newInstance(NativeConstructorAccessorImpl.java:39)
                        	at sun.reflect.DelegatingConstructorAccessorImpl.newInstance(DelegatingConstructorAccessorImpl.java:27)
                        	at java.lang.reflect.Constructor.newInstance(Constructor.java:513)
                        	at org.openqa.selenium.remote.ErrorHandler.createThrowable(ErrorHandler.java:193)
                        	at org.openqa.selenium.remote.ErrorHandler.throwIfResponseFailed(ErrorHandler.java:145)
                        	at org.openqa.selenium.remote.RemoteWebDriver.execute(RemoteWebDriver.java:595)
                        	at org.openqa.selenium.remote.RemoteWebDriver.findElement(RemoteWebDriver.java:348)
                        	at org.openqa.selenium.remote.RemoteWebDriver.findElementByXPath(RemoteWebDriver.java:445)
                        	at org.openqa.selenium.By$ByXPath.findElement(By.java:357)
                        	at org.openqa.selenium.remote.RemoteWebDriver.findElement(RemoteWebDriver.java:340)
                        	at candidateSideAutomation.linkTraversal.ediKeySkills(Unknown Source)
                        	at sun.reflect.NativeMethodAccessorImpl.invoke0(Native Method)
                        	at sun.reflect.NativeMethodAccessorImpl.invoke(NativeMethodAccessorImpl.java:39)
                        	at sun.reflect.DelegatingMethodAccessorImpl.invoke(DelegatingMethodAccessorImpl.java:25)
                        	at java.lang.reflect.Method.invoke(Method.java:597)
                        	at org.testng.internal.MethodInvocationHelper.invokeMethod(MethodInvocationHelper.java:84)
                        	at org.testng.internal.Invoker.invokeMethod(Invoker.java:714)
                        	at org.testng.internal.Invoker.invokeTestMethod(Invoker.java:901)
                        	at org.testng.internal.Invoker.invokeTestMethods(Invoker.java:1231)
                        	at org.testng.internal.TestMethodWorker.invokeTestMethods(TestMethodWorker.java:127)
                        	at org.testng.internal.TestMethodWorker.run(TestMethodWorker.java:111)
                        	at org.testng.TestRunner.privateRun(TestRunner.java:767)
                        	at org.testng.TestRunner.run(TestRunner.java:617)
                        	at org.testng.SuiteRunner.runTest(SuiteRunner.java:334)
                        	at org.testng.SuiteRunner.runSequentially(SuiteRunner.java:329)
                        	at org.testng.SuiteRunner.privateRun(SuiteRunner.java:291)
                        	at org.testng.SuiteRunner.run(SuiteRunner.java:240)
                        	at org.testng.SuiteRunnerWorker.runSuite(SuiteRunnerWorker.java:52)
                        	at org.testng.SuiteRunnerWorker.run(SuiteRunnerWorker.java:86)
                        	at org.testng.TestNG.runSuitesSequentially(TestNG.java:1224)
                        	at org.testng.TestNG.runSuitesSequentially(TestNG.java:1220)
                        	at org.testng.TestNG.runSuitesLocally(TestNG.java:1149)
                        	at org.testng.TestNG.run(TestNG.java:1057)
                        	at org.testng.TestNG.privateMain(TestNG.java:1364)
                        	at org.testng.TestNG.main(TestNG.java:1333)
                        Caused by: org.openqa.selenium.remote.ErrorHandler$UnknownServerException: Unable to locate element: {"method":"xpath","selector":"//div[@id='userProfilPicsId']/a"}
                        Build info: version: '2.41.0', revision: '3192d8a', time: '2014-03-27 17:17:32'
                        System info: host: 'times-09bb94003', ip: '10.150.224.125', os.name: 'Windows XP', os.arch: 'x86', os.version: '5.1', java.version:
                        '1.6.0_45'
                        Driver info: driver.version: unknown
                        	at &lt;anonymous class&gt;.FirefoxDriver.prototype.findElementInternal_(file:///E:/DOCUME~1/Charu/LOCALS~1/Temp/anonymous5955219541778582977webdriver-profile/extensions/fxdriver@googlecode.com/components/driver_component.js:8905)
                        	at &lt;anonymous class&gt;.fxdriver.Timer.prototype.setTimeout/&lt;.notify(file:///E:/DOCUME~1/Charu/LOCALS~1/Temp/anonymous5955219541778582977webdriver-profile/extensions/fxdriver@googlecode.com/components/driver_component.js:396)
                     </pre>
                  </div>
               </td>
            </tr>
            <tr id="candidateSideAutomation.candidateRegistration_setup_byStatus_passed_PASS1_row"
                class="testMethodStatusPASS testMethodStatusCONF">
               <td width="100%" class="firstMethodCell">
                  <a onclick="toggleDetailsVisibility('candidateSideAutomation.candidateRegistration_setup_byStatus_passed_PASS1_details')">setup()</a>
               </td>
               <td nowrap="true">12:03:47</td>
               <td nowrap="true" align="right">6s
                  
               </td>
               <td nowrap="true">
                   
                  
               </td>
            </tr>
            <tr>
               <td colspan="4"
                   style="padding: 0; background-color: white; border-style: none; height: 0px;">
                  <div id="candidateSideAutomation.candidateRegistration_setup_byStatus_passed_PASS1_details"
                       class="testMethodDetails">
                     <div>
                        <b>Name:
                           
                        </b>setup
                     </div>
                     <div>
                        <b>Signature:
                           
                        </b>setup()[pri:0, instance:candidateSideAutomation.candidateRegistration@120a47e]
                     </div>
                     <div>
                        <b>Start time:
                           
                        </b>12:03:47
                     </div>
                     <div>
                        <b>End time:
                           
                        </b>12:03:53
                     </div>
                     <div>
                        <b>Duration:
                           
                        </b>6s
                        
                     </div>
                  </div>
               </td>
            </tr>
            <tr></tr>
            <tr id="candidateSideAutomation.candidateRegistration_teardon_byStatus_passed_PASS2_row"
                class="testMethodStatusPASS testMethodStatusCONF">
               <td width="100%" class="firstMethodCell">
                  <a onclick="toggleDetailsVisibility('candidateSideAutomation.candidateRegistration_teardon_byStatus_passed_PASS2_details')">teardon()</a>
               </td>
               <td nowrap="true">12:04:46</td>
               <td nowrap="true" align="right">281 ms
                  
               </td>
               <td nowrap="true">
                   
                  
               </td>
            </tr>
            <tr>
               <td colspan="4"
                   style="padding: 0; background-color: white; border-style: none; height: 0px;">
                  <div id="candidateSideAutomation.candidateRegistration_teardon_byStatus_passed_PASS2_details"
                       class="testMethodDetails">
                     <div>
                        <b>Name:
                           
                        </b>teardon
                     </div>
                     <div>
                        <b>Signature:
                           
                        </b>teardon()[pri:0, instance:candidateSideAutomation.candidateRegistration@120a47e]
                     </div>
                     <div>
                        <b>Start time:
                           
                        </b>12:04:46
                     </div>
                     <div>
                        <b>End time:
                           
                        </b>12:04:46
                     </div>
                     <div>
                        <b>Duration:
                           
                        </b>281 ms
                        
                     </div>
                  </div>
               </td>
            </tr>
            <tr></tr>
            <tr id="candidateSideAutomation.candidateRegistration_setup_byStatus_passed_PASS3_row"
                class="testMethodStatusPASS testMethodStatusCONF">
               <td width="100%" class="firstMethodCell">
                  <a onclick="toggleDetailsVisibility('candidateSideAutomation.candidateRegistration_setup_byStatus_passed_PASS3_details')">setup()</a>
               </td>
               <td nowrap="true">12:04:46</td>
               <td nowrap="true" align="right">5s
                  
               </td>
               <td nowrap="true">
                   
                  
               </td>
            </tr>
            <tr>
               <td colspan="4"
                   style="padding: 0; background-color: white; border-style: none; height: 0px;">
                  <div id="candidateSideAutomation.candidateRegistration_setup_byStatus_passed_PASS3_details"
                       class="testMethodDetails">
                     <div>
                        <b>Name:
                           
                        </b>setup
                     </div>
                     <div>
                        <b>Signature:
                           
                        </b>setup()[pri:0, instance:candidateSideAutomation.candidateRegistration@120a47e]
                     </div>
                     <div>
                        <b>Start time:
                           
                        </b>12:04:46
                     </div>
                     <div>
                        <b>End time:
                           
                        </b>12:04:51
                     </div>
                     <div>
                        <b>Duration:
                           
                        </b>5s
                        
                     </div>
                  </div>
               </td>
            </tr>
            <tr></tr>
            <tr id="candidateSideAutomation.candidateRegistration_registraionCompleteStage_byStatus_passed_PASS4_row"
                class="testMethodStatusPASS">
               <td width="100%" class="firstMethodCell">
                  <a onclick="toggleDetailsVisibility('candidateSideAutomation.candidateRegistration_registraionCompleteStage_byStatus_passed_PASS4_details')">registraionCompleteStage()</a>
               </td>
               <td nowrap="true">12:04:51</td>
               <td nowrap="true" align="right">35s
                  
               </td>
               <td nowrap="true">
                   
                  
               </td>
            </tr>
            <tr>
               <td colspan="4"
                   style="padding: 0; background-color: white; border-style: none; height: 0px;">
                  <div id="candidateSideAutomation.candidateRegistration_registraionCompleteStage_byStatus_passed_PASS4_details"
                       class="testMethodDetails">
                     <div>
                        <b>Name:
                           
                        </b>registraionCompleteStage
                     </div>
                     <div>
                        <b>Signature:
                           
                        </b>registraionCompleteStage()[pri:0, instance:candidateSideAutomation.candidateRegistration@120a47e]
                     </div>
                     <div>
                        <b>Start time:
                           
                        </b>12:04:51
                     </div>
                     <div>
                        <b>End time:
                           
                        </b>12:05:27
                     </div>
                     <div>
                        <b>Duration:
                           
                        </b>35s
                        
                     </div>
                  </div>
               </td>
            </tr>
            <tr></tr>
            <tr id="candidateSideAutomation.candidateRegistration_teardon_byStatus_passed_PASS5_row"
                class="testMethodStatusPASS testMethodStatusCONF">
               <td width="100%" class="firstMethodCell">
                  <a onclick="toggleDetailsVisibility('candidateSideAutomation.candidateRegistration_teardon_byStatus_passed_PASS5_details')">teardon()</a>
               </td>
               <td nowrap="true">12:05:27</td>
               <td nowrap="true" align="right">296 ms
                  
               </td>
               <td nowrap="true">
                   
                  
               </td>
            </tr>
            <tr>
               <td colspan="4"
                   style="padding: 0; background-color: white; border-style: none; height: 0px;">
                  <div id="candidateSideAutomation.candidateRegistration_teardon_byStatus_passed_PASS5_details"
                       class="testMethodDetails">
                     <div>
                        <b>Name:
                           
                        </b>teardon
                     </div>
                     <div>
                        <b>Signature:
                           
                        </b>teardon()[pri:0, instance:candidateSideAutomation.candidateRegistration@120a47e]
                     </div>
                     <div>
                        <b>Start time:
                           
                        </b>12:05:27
                     </div>
                     <div>
                        <b>End time:
                           
                        </b>12:05:27
                     </div>
                     <div>
                        <b>Duration:
                           
                        </b>296 ms
                        
                     </div>
                  </div>
               </td>
            </tr>
            <tr></tr>
            <tr id="candidateSideAutomation.candidateRegistration_setup_byStatus_passed_PASS6_row"
                class="testMethodStatusPASS testMethodStatusCONF">
               <td width="100%" class="firstMethodCell">
                  <a onclick="toggleDetailsVisibility('candidateSideAutomation.candidateRegistration_setup_byStatus_passed_PASS6_details')">setup()</a>
               </td>
               <td nowrap="true">12:05:27</td>
               <td nowrap="true" align="right">6s
                  
               </td>
               <td nowrap="true">
                   
                  
               </td>
            </tr>
            <tr>
               <td colspan="4"
                   style="padding: 0; background-color: white; border-style: none; height: 0px;">
                  <div id="candidateSideAutomation.candidateRegistration_setup_byStatus_passed_PASS6_details"
                       class="testMethodDetails">
                     <div>
                        <b>Name:
                           
                        </b>setup
                     </div>
                     <div>
                        <b>Signature:
                           
                        </b>setup()[pri:0, instance:candidateSideAutomation.candidateRegistration@120a47e]
                     </div>
                     <div>
                        <b>Start time:
                           
                        </b>12:05:27
                     </div>
                     <div>
                        <b>End time:
                           
                        </b>12:05:33
                     </div>
                     <div>
                        <b>Duration:
                           
                        </b>6s
                        
                     </div>
                  </div>
               </td>
            </tr>
            <tr></tr>
            <tr id="candidateSideAutomation.candidateRegistration_registraionFirstStage_byStatus_passed_PASS7_row"
                class="testMethodStatusPASS">
               <td width="100%" class="firstMethodCell">
                  <a onclick="toggleDetailsVisibility('candidateSideAutomation.candidateRegistration_registraionFirstStage_byStatus_passed_PASS7_details')">registraionFirstStage()</a>
               </td>
               <td nowrap="true">12:05:33</td>
               <td nowrap="true" align="right">18s
                  
               </td>
               <td nowrap="true">
                   
                  
               </td>
            </tr>
            <tr>
               <td colspan="4"
                   style="padding: 0; background-color: white; border-style: none; height: 0px;">
                  <div id="candidateSideAutomation.candidateRegistration_registraionFirstStage_byStatus_passed_PASS7_details"
                       class="testMethodDetails">
                     <div>
                        <b>Name:
                           
                        </b>registraionFirstStage
                     </div>
                     <div>
                        <b>Signature:
                           
                        </b>registraionFirstStage()[pri:0, instance:candidateSideAutomation.candidateRegistration@120a47e]
                     </div>
                     <div>
                        <b>Start time:
                           
                        </b>12:05:33
                     </div>
                     <div>
                        <b>End time:
                           
                        </b>12:05:50
                     </div>
                     <div>
                        <b>Duration:
                           
                        </b>18s
                        
                     </div>
                  </div>
               </td>
            </tr>
            <tr></tr>
            <tr id="candidateSideAutomation.candidateRegistration_teardon_byStatus_passed_PASS8_row"
                class="testMethodStatusPASS testMethodStatusCONF">
               <td width="100%" class="firstMethodCell">
                  <a onclick="toggleDetailsVisibility('candidateSideAutomation.candidateRegistration_teardon_byStatus_passed_PASS8_details')">teardon()</a>
               </td>
               <td nowrap="true">12:05:50</td>
               <td nowrap="true" align="right">281 ms
                  
               </td>
               <td nowrap="true">
                   
                  
               </td>
            </tr>
            <tr>
               <td colspan="4"
                   style="padding: 0; background-color: white; border-style: none; height: 0px;">
                  <div id="candidateSideAutomation.candidateRegistration_teardon_byStatus_passed_PASS8_details"
                       class="testMethodDetails">
                     <div>
                        <b>Name:
                           
                        </b>teardon
                     </div>
                     <div>
                        <b>Signature:
                           
                        </b>teardon()[pri:0, instance:candidateSideAutomation.candidateRegistration@120a47e]
                     </div>
                     <div>
                        <b>Start time:
                           
                        </b>12:05:50
                     </div>
                     <div>
                        <b>End time:
                           
                        </b>12:05:50
                     </div>
                     <div>
                        <b>Duration:
                           
                        </b>281 ms
                        
                     </div>
                  </div>
               </td>
            </tr>
            <tr></tr>
            <tr id="candidateSideAutomation.linkTraversal_setup_byStatus_passed_PASS9_row"
                class="testMethodStatusPASS testMethodStatusCONF">
               <td width="100%" class="firstMethodCell">
                  <a onclick="toggleDetailsVisibility('candidateSideAutomation.linkTraversal_setup_byStatus_passed_PASS9_details')">setup()</a>
               </td>
               <td nowrap="true">12:05:51</td>
               <td nowrap="true" align="right">5s
                  
               </td>
               <td nowrap="true">
                   
                  
               </td>
            </tr>
            <tr>
               <td colspan="4"
                   style="padding: 0; background-color: white; border-style: none; height: 0px;">
                  <div id="candidateSideAutomation.linkTraversal_setup_byStatus_passed_PASS9_details"
                       class="testMethodDetails">
                     <div>
                        <b>Name:
                           
                        </b>setup
                     </div>
                     <div>
                        <b>Signature:
                           
                        </b>setup()[pri:0, instance:candidateSideAutomation.linkTraversal@171bbc9]
                     </div>
                     <div>
                        <b>Start time:
                           
                        </b>12:05:51
                     </div>
                     <div>
                        <b>End time:
                           
                        </b>12:05:56
                     </div>
                     <div>
                        <b>Duration:
                           
                        </b>5s
                        
                     </div>
                  </div>
               </td>
            </tr>
            <tr></tr>
            <tr id="candidateSideAutomation.linkTraversal_login_byStatus_passed_PASS10_row"
                class="testMethodStatusPASS">
               <td width="100%" class="firstMethodCell">
                  <a onclick="toggleDetailsVisibility('candidateSideAutomation.linkTraversal_login_byStatus_passed_PASS10_details')">login()</a>
               </td>
               <td nowrap="true">12:05:56</td>
               <td nowrap="true" align="right">10s
                  
               </td>
               <td nowrap="true">
                   
                  
               </td>
            </tr>
            <tr>
               <td colspan="4"
                   style="padding: 0; background-color: white; border-style: none; height: 0px;">
                  <div id="candidateSideAutomation.linkTraversal_login_byStatus_passed_PASS10_details"
                       class="testMethodDetails">
                     <div>
                        <b>Name:
                           
                        </b>login
                     </div>
                     <div>
                        <b>Signature:
                           
                        </b>login()[pri:0, instance:candidateSideAutomation.linkTraversal@171bbc9]
                     </div>
                     <div>
                        <b>Start time:
                           
                        </b>12:05:56
                     </div>
                     <div>
                        <b>End time:
                           
                        </b>12:06:05
                     </div>
                     <div>
                        <b>Duration:
                           
                        </b>10s
                        
                     </div>
                  </div>
               </td>
            </tr>
            <tr></tr>
            <tr id="candidateSideAutomation.linkTraversal_privateSettings_byStatus_passed_PASS11_row"
                class="testMethodStatusPASS">
               <td width="100%" class="firstMethodCell">
                  <a onclick="toggleDetailsVisibility('candidateSideAutomation.linkTraversal_privateSettings_byStatus_passed_PASS11_details')">privateSettings()</a>
               </td>
               <td nowrap="true">12:06:30</td>
               <td nowrap="true" align="right">4s
                  
               </td>
               <td nowrap="true">
                   
                  
               </td>
            </tr>
            <tr>
               <td colspan="4"
                   style="padding: 0; background-color: white; border-style: none; height: 0px;">
                  <div id="candidateSideAutomation.linkTraversal_privateSettings_byStatus_passed_PASS11_details"
                       class="testMethodDetails">
                     <div>
                        <b>Name:
                           
                        </b>privateSettings
                     </div>
                     <div>
                        <b>Signature:
                           
                        </b>privateSettings()[pri:0, instance:candidateSideAutomation.linkTraversal@171bbc9]
                     </div>
                     <div>
                        <b>Start time:
                           
                        </b>12:06:30
                     </div>
                     <div>
                        <b>End time:
                           
                        </b>12:06:34
                     </div>
                     <div>
                        <b>Duration:
                           
                        </b>4s
                        
                     </div>
                  </div>
               </td>
            </tr>
            <tr></tr>
            <tr id="candidateSideAutomation.linkTraversal_editProfile_byStatus_passed_PASS12_row"
                class="testMethodStatusPASS">
               <td width="100%" class="firstMethodCell">
                  <a onclick="toggleDetailsVisibility('candidateSideAutomation.linkTraversal_editProfile_byStatus_passed_PASS12_details')">editProfile()</a>
               </td>
               <td nowrap="true">12:06:34</td>
               <td nowrap="true" align="right">2s
                  
               </td>
               <td nowrap="true">
                   
                  
               </td>
            </tr>
            <tr>
               <td colspan="4"
                   style="padding: 0; background-color: white; border-style: none; height: 0px;">
                  <div id="candidateSideAutomation.linkTraversal_editProfile_byStatus_passed_PASS12_details"
                       class="testMethodDetails">
                     <div>
                        <b>Name:
                           
                        </b>editProfile
                     </div>
                     <div>
                        <b>Signature:
                           
                        </b>editProfile()[pri:0, instance:candidateSideAutomation.linkTraversal@171bbc9]
                     </div>
                     <div>
                        <b>Start time:
                           
                        </b>12:06:34
                     </div>
                     <div>
                        <b>End time:
                           
                        </b>12:06:37
                     </div>
                     <div>
                        <b>Duration:
                           
                        </b>2s
                        
                     </div>
                  </div>
               </td>
            </tr>
            <tr></tr>
            <tr id="candidateSideAutomation.linkTraversal_signOut_byStatus_passed_PASS13_row"
                class="testMethodStatusPASS">
               <td width="100%" class="firstMethodCell">
                  <a onclick="toggleDetailsVisibility('candidateSideAutomation.linkTraversal_signOut_byStatus_passed_PASS13_details')">signOut()</a>
               </td>
               <td nowrap="true">12:06:37</td>
               <td nowrap="true" align="right">7s
                  
               </td>
               <td nowrap="true">
                   
                  
               </td>
            </tr>
            <tr>
               <td colspan="4"
                   style="padding: 0; background-color: white; border-style: none; height: 0px;">
                  <div id="candidateSideAutomation.linkTraversal_signOut_byStatus_passed_PASS13_details"
                       class="testMethodDetails">
                     <div>
                        <b>Name:
                           
                        </b>signOut
                     </div>
                     <div>
                        <b>Signature:
                           
                        </b>signOut()[pri:0, instance:candidateSideAutomation.linkTraversal@171bbc9]
                     </div>
                     <div>
                        <b>Start time:
                           
                        </b>12:06:37
                     </div>
                     <div>
                        <b>End time:
                           
                        </b>12:06:43
                     </div>
                     <div>
                        <b>Duration:
                           
                        </b>7s
                        
                     </div>
                  </div>
               </td>
            </tr>
            <tr></tr>
            <tr id="candidateSideAutomation.linkTraversal_teardon_byStatus_passed_PASS14_row"
                class="testMethodStatusPASS testMethodStatusCONF">
               <td width="100%" class="firstMethodCell">
                  <a onclick="toggleDetailsVisibility('candidateSideAutomation.linkTraversal_teardon_byStatus_passed_PASS14_details')">teardon()</a>
               </td>
               <td nowrap="true">12:07:04</td>
               <td nowrap="true" align="right">360 ms
                  
               </td>
               <td nowrap="true">
                   
                  
               </td>
            </tr>
            <tr>
               <td colspan="4"
                   style="padding: 0; background-color: white; border-style: none; height: 0px;">
                  <div id="candidateSideAutomation.linkTraversal_teardon_byStatus_passed_PASS14_details"
                       class="testMethodDetails">
                     <div>
                        <b>Name:
                           
                        </b>teardon
                     </div>
                     <div>
                        <b>Signature:
                           
                        </b>teardon()[pri:0, instance:candidateSideAutomation.linkTraversal@171bbc9]
                     </div>
                     <div>
                        <b>Start time:
                           
                        </b>12:07:04
                     </div>
                     <div>
                        <b>End time:
                           
                        </b>12:07:04
                     </div>
                     <div>
                        <b>Duration:
                           
                        </b>360 ms
                        
                     </div>
                  </div>
               </td>
            </tr>
            <tr></tr>
         </table>
      </div>
      <div id="testMethodsByClass">
         <table class="testMethodsTable" cellpadding="0" cellspacing="0">
            <tr>
               <td colspan="4">
                  <h3 style="display: inline;">candidateSideAutomation.candidateRegistration</h3>
               </td>
            </tr>
            <tr class="methodsTableHeader">
               <td width="100%">Name</td>
               <td nowrap="true">Started</td>
               <td nowrap="true">Duration</td>
               <td>Exception</td>
            </tr>
            <tr id="candidateSideAutomation.candidateRegistration_setup_byClass_PASS1_row"
                class="testMethodStatusPASS testMethodStatusCONF">
               <td width="100%" class="firstMethodCell">
                  <a onclick="toggleDetailsVisibility('candidateSideAutomation.candidateRegistration_setup_byClass_PASS1_details')">setup()</a>
               </td>
               <td nowrap="true">12:03:47</td>
               <td nowrap="true" align="right">6s
                  
               </td>
               <td nowrap="true">
                   
                  
               </td>
            </tr>
            <tr>
               <td colspan="4"
                   style="padding: 0; background-color: white; border-style: none; height: 0px;">
                  <div id="candidateSideAutomation.candidateRegistration_setup_byClass_PASS1_details"
                       class="testMethodDetails">
                     <div>
                        <b>Name:
                           
                        </b>setup
                     </div>
                     <div>
                        <b>Signature:
                           
                        </b>setup()[pri:0, instance:candidateSideAutomation.candidateRegistration@120a47e]
                     </div>
                     <div>
                        <b>Start time:
                           
                        </b>12:03:47
                     </div>
                     <div>
                        <b>End time:
                           
                        </b>12:03:53
                     </div>
                     <div>
                        <b>Duration:
                           
                        </b>6s
                        
                     </div>
                  </div>
               </td>
            </tr>
            <tr></tr>
            <tr id="candidateSideAutomation.candidateRegistration_linkedinRegistration_byClass_FAIL2_row"
                class="testMethodStatusFAIL">
               <td width="100%" class="firstMethodCell">
                  <a onclick="toggleDetailsVisibility('candidateSideAutomation.candidateRegistration_linkedinRegistration_byClass_FAIL2_details')">linkedinRegistration()</a>
               </td>
               <td nowrap="true">12:03:53</td>
               <td nowrap="true" align="right">53s
                  
               </td>
               <td nowrap="true">
                  <a onclick="toggleDetailsVisibility('candidateSideAutomation.candidateRegistration_linkedinRegistration_byClass_FAIL2_exception')">org.openqa.selenium.NoSuchFrameException: 
                     Unable to locate frame: GB_frame1
                     Command duration or timeout: 30.38 seconds
                     Build info: version: '2.41.0', revision: '3192d8a', time: '2014-03-27 17:17:32'
                     System info: host: 'times-09bb94003', ip: '10.150.224.125', os.name: 'Windows XP', os.arch: 'x86', os.version: '5.1', java.version:
                     '1.6.0_45'
                     Session ID: 052f3132-f1e0-48f2-a9da-4686711ee887
                     Driver info: org.openqa.selenium.firefox.FirefoxDriver
                     Capabilities [{platform=XP, acceptSslCerts=true, javascriptEnabled=true, browserName=firefox, rotatable=false, locationContextEnabled=true,
                     version=29.0, cssSelectorsEnabled=true, databaseEnabled=true, handlesAlerts=true, browserConnectionEnabled=true, nativeEvents=false,
                     webStorageEnabled=true, applicationCacheEnabled=true, takesScreenshot=true}]
                     
                  </a>
                   
                  
               </td>
            </tr>
            <tr>
               <td colspan="4"
                   style="padding: 0; background-color: white; border-style: none; height: 0px;">
                  <div id="candidateSideAutomation.candidateRegistration_linkedinRegistration_byClass_FAIL2_details"
                       class="testMethodDetails">
                     <div>
                        <b>Name:
                           
                        </b>linkedinRegistration
                     </div>
                     <div>
                        <b>Signature:
                           
                        </b>linkedinRegistration()[pri:0, instance:candidateSideAutomation.candidateRegistration@120a47e]
                     </div>
                     <div>
                        <b>Start time:
                           
                        </b>12:03:53
                     </div>
                     <div>
                        <b>End time:
                           
                        </b>12:04:46
                     </div>
                     <div>
                        <b>Duration:
                           
                        </b>53s
                        
                     </div>
                  </div>
               </td>
            </tr>
            <tr>
               <td colspan="4"
                   style="padding: 0; background-color: white; border-style: none; height: 0px;">
                  <div id="candidateSideAutomation.candidateRegistration_linkedinRegistration_byClass_FAIL2_exception"
                       class="testMethodDetails">
                     <pre style="padding: 5px; margin: 0;">org.openqa.selenium.NoSuchFrameException: Unable to locate frame: GB_frame1
                        Command duration or timeout: 30.38 seconds
                        Build info: version: '2.41.0', revision: '3192d8a', time: '2014-03-27 17:17:32'
                        System info: host: 'times-09bb94003', ip: '10.150.224.125', os.name: 'Windows XP', os.arch: 'x86', os.version: '5.1', java.version:
                        '1.6.0_45'
                        Session ID: 052f3132-f1e0-48f2-a9da-4686711ee887
                        Driver info: org.openqa.selenium.firefox.FirefoxDriver
                        Capabilities [{platform=XP, acceptSslCerts=true, javascriptEnabled=true, browserName=firefox, rotatable=false, locationContextEnabled=true,
                        version=29.0, cssSelectorsEnabled=true, databaseEnabled=true, handlesAlerts=true, browserConnectionEnabled=true, nativeEvents=false,
                        webStorageEnabled=true, applicationCacheEnabled=true, takesScreenshot=true}]
                        	at sun.reflect.NativeConstructorAccessorImpl.newInstance0(Native Method)
                        	at sun.reflect.NativeConstructorAccessorImpl.newInstance(NativeConstructorAccessorImpl.java:39)
                        	at sun.reflect.DelegatingConstructorAccessorImpl.newInstance(DelegatingConstructorAccessorImpl.java:27)
                        	at java.lang.reflect.Constructor.newInstance(Constructor.java:513)
                        	at org.openqa.selenium.remote.ErrorHandler.createThrowable(ErrorHandler.java:193)
                        	at org.openqa.selenium.remote.ErrorHandler.throwIfResponseFailed(ErrorHandler.java:145)
                        	at org.openqa.selenium.remote.RemoteWebDriver.execute(RemoteWebDriver.java:595)
                        	at org.openqa.selenium.remote.RemoteWebDriver$RemoteTargetLocator.frame(RemoteWebDriver.java:862)
                        	at candidateSideAutomation.candidateRegistration.linkedinRegistration(Unknown Source)
                        	at sun.reflect.NativeMethodAccessorImpl.invoke0(Native Method)
                        	at sun.reflect.NativeMethodAccessorImpl.invoke(NativeMethodAccessorImpl.java:39)
                        	at sun.reflect.DelegatingMethodAccessorImpl.invoke(DelegatingMethodAccessorImpl.java:25)
                        	at java.lang.reflect.Method.invoke(Method.java:597)
                        	at org.testng.internal.MethodInvocationHelper.invokeMethod(MethodInvocationHelper.java:84)
                        	at org.testng.internal.Invoker.invokeMethod(Invoker.java:714)
                        	at org.testng.internal.Invoker.invokeTestMethod(Invoker.java:901)
                        	at org.testng.internal.Invoker.invokeTestMethods(Invoker.java:1231)
                        	at org.testng.internal.TestMethodWorker.invokeTestMethods(TestMethodWorker.java:127)
                        	at org.testng.internal.TestMethodWorker.run(TestMethodWorker.java:111)
                        	at org.testng.TestRunner.privateRun(TestRunner.java:767)
                        	at org.testng.TestRunner.run(TestRunner.java:617)
                        	at org.testng.SuiteRunner.runTest(SuiteRunner.java:334)
                        	at org.testng.SuiteRunner.runSequentially(SuiteRunner.java:329)
                        	at org.testng.SuiteRunner.privateRun(SuiteRunner.java:291)
                        	at org.testng.SuiteRunner.run(SuiteRunner.java:240)
                        	at org.testng.SuiteRunnerWorker.runSuite(SuiteRunnerWorker.java:52)
                        	at org.testng.SuiteRunnerWorker.run(SuiteRunnerWorker.java:86)
                        	at org.testng.TestNG.runSuitesSequentially(TestNG.java:1224)
                        	at org.testng.TestNG.runSuitesSequentially(TestNG.java:1220)
                        	at org.testng.TestNG.runSuitesLocally(TestNG.java:1149)
                        	at org.testng.TestNG.run(TestNG.java:1057)
                        	at org.testng.TestNG.privateMain(TestNG.java:1364)
                        	at org.testng.TestNG.main(TestNG.java:1333)
                        Caused by: org.openqa.selenium.remote.ErrorHandler$UnknownServerException: Unable to locate frame: GB_frame1
                        Build info: version: '2.41.0', revision: '3192d8a', time: '2014-03-27 17:17:32'
                        System info: host: 'times-09bb94003', ip: '10.150.224.125', os.name: 'Windows XP', os.arch: 'x86', os.version: '5.1', java.version:
                        '1.6.0_45'
                        Driver info: driver.version: unknown
                        	at &lt;anonymous class&gt;.FirefoxDriver.prototype.switchToFrame(file:///E:/DOCUME~1/Charu/LOCALS~1/Temp/anonymous1250199697637318453webdriver-profile/extensions/fxdriver@googlecode.com/components/driver_component.js:8974)
                        	at &lt;anonymous class&gt;.DelayedCommand.prototype.executeInternal_/h(file:///E:/DOCUME~1/Charu/LOCALS~1/Temp/anonymous1250199697637318453webdriver-profile/extensions/fxdriver@googlecode.com/components/command_processor.js:10884)
                        	at &lt;anonymous class&gt;.fxdriver.Timer.prototype.setTimeout/&lt;.notify(file:///E:/DOCUME~1/Charu/LOCALS~1/Temp/anonymous1250199697637318453webdriver-profile/extensions/fxdriver@googlecode.com/components/command_processor.js:396)
                     </pre>
                  </div>
               </td>
            </tr>
            <tr id="candidateSideAutomation.candidateRegistration_teardon_byClass_PASS3_row"
                class="testMethodStatusPASS testMethodStatusCONF">
               <td width="100%" class="firstMethodCell">
                  <a onclick="toggleDetailsVisibility('candidateSideAutomation.candidateRegistration_teardon_byClass_PASS3_details')">teardon()</a>
               </td>
               <td nowrap="true">12:04:46</td>
               <td nowrap="true" align="right">281 ms
                  
               </td>
               <td nowrap="true">
                   
                  
               </td>
            </tr>
            <tr>
               <td colspan="4"
                   style="padding: 0; background-color: white; border-style: none; height: 0px;">
                  <div id="candidateSideAutomation.candidateRegistration_teardon_byClass_PASS3_details"
                       class="testMethodDetails">
                     <div>
                        <b>Name:
                           
                        </b>teardon
                     </div>
                     <div>
                        <b>Signature:
                           
                        </b>teardon()[pri:0, instance:candidateSideAutomation.candidateRegistration@120a47e]
                     </div>
                     <div>
                        <b>Start time:
                           
                        </b>12:04:46
                     </div>
                     <div>
                        <b>End time:
                           
                        </b>12:04:46
                     </div>
                     <div>
                        <b>Duration:
                           
                        </b>281 ms
                        
                     </div>
                  </div>
               </td>
            </tr>
            <tr></tr>
            <tr id="candidateSideAutomation.candidateRegistration_setup_byClass_PASS4_row"
                class="testMethodStatusPASS testMethodStatusCONF">
               <td width="100%" class="firstMethodCell">
                  <a onclick="toggleDetailsVisibility('candidateSideAutomation.candidateRegistration_setup_byClass_PASS4_details')">setup()</a>
               </td>
               <td nowrap="true">12:04:46</td>
               <td nowrap="true" align="right">5s
                  
               </td>
               <td nowrap="true">
                   
                  
               </td>
            </tr>
            <tr>
               <td colspan="4"
                   style="padding: 0; background-color: white; border-style: none; height: 0px;">
                  <div id="candidateSideAutomation.candidateRegistration_setup_byClass_PASS4_details"
                       class="testMethodDetails">
                     <div>
                        <b>Name:
                           
                        </b>setup
                     </div>
                     <div>
                        <b>Signature:
                           
                        </b>setup()[pri:0, instance:candidateSideAutomation.candidateRegistration@120a47e]
                     </div>
                     <div>
                        <b>Start time:
                           
                        </b>12:04:46
                     </div>
                     <div>
                        <b>End time:
                           
                        </b>12:04:51
                     </div>
                     <div>
                        <b>Duration:
                           
                        </b>5s
                        
                     </div>
                  </div>
               </td>
            </tr>
            <tr></tr>
            <tr id="candidateSideAutomation.candidateRegistration_registraionCompleteStage_byClass_PASS5_row"
                class="testMethodStatusPASS">
               <td width="100%" class="firstMethodCell">
                  <a onclick="toggleDetailsVisibility('candidateSideAutomation.candidateRegistration_registraionCompleteStage_byClass_PASS5_details')">registraionCompleteStage()</a>
               </td>
               <td nowrap="true">12:04:51</td>
               <td nowrap="true" align="right">35s
                  
               </td>
               <td nowrap="true">
                   
                  
               </td>
            </tr>
            <tr>
               <td colspan="4"
                   style="padding: 0; background-color: white; border-style: none; height: 0px;">
                  <div id="candidateSideAutomation.candidateRegistration_registraionCompleteStage_byClass_PASS5_details"
                       class="testMethodDetails">
                     <div>
                        <b>Name:
                           
                        </b>registraionCompleteStage
                     </div>
                     <div>
                        <b>Signature:
                           
                        </b>registraionCompleteStage()[pri:0, instance:candidateSideAutomation.candidateRegistration@120a47e]
                     </div>
                     <div>
                        <b>Start time:
                           
                        </b>12:04:51
                     </div>
                     <div>
                        <b>End time:
                           
                        </b>12:05:27
                     </div>
                     <div>
                        <b>Duration:
                           
                        </b>35s
                        
                     </div>
                  </div>
               </td>
            </tr>
            <tr></tr>
            <tr id="candidateSideAutomation.candidateRegistration_teardon_byClass_PASS6_row"
                class="testMethodStatusPASS testMethodStatusCONF">
               <td width="100%" class="firstMethodCell">
                  <a onclick="toggleDetailsVisibility('candidateSideAutomation.candidateRegistration_teardon_byClass_PASS6_details')">teardon()</a>
               </td>
               <td nowrap="true">12:05:27</td>
               <td nowrap="true" align="right">296 ms
                  
               </td>
               <td nowrap="true">
                   
                  
               </td>
            </tr>
            <tr>
               <td colspan="4"
                   style="padding: 0; background-color: white; border-style: none; height: 0px;">
                  <div id="candidateSideAutomation.candidateRegistration_teardon_byClass_PASS6_details"
                       class="testMethodDetails">
                     <div>
                        <b>Name:
                           
                        </b>teardon
                     </div>
                     <div>
                        <b>Signature:
                           
                        </b>teardon()[pri:0, instance:candidateSideAutomation.candidateRegistration@120a47e]
                     </div>
                     <div>
                        <b>Start time:
                           
                        </b>12:05:27
                     </div>
                     <div>
                        <b>End time:
                           
                        </b>12:05:27
                     </div>
                     <div>
                        <b>Duration:
                           
                        </b>296 ms
                        
                     </div>
                  </div>
               </td>
            </tr>
            <tr></tr>
            <tr id="candidateSideAutomation.candidateRegistration_setup_byClass_PASS7_row"
                class="testMethodStatusPASS testMethodStatusCONF">
               <td width="100%" class="firstMethodCell">
                  <a onclick="toggleDetailsVisibility('candidateSideAutomation.candidateRegistration_setup_byClass_PASS7_details')">setup()</a>
               </td>
               <td nowrap="true">12:05:27</td>
               <td nowrap="true" align="right">6s
                  
               </td>
               <td nowrap="true">
                   
                  
               </td>
            </tr>
            <tr>
               <td colspan="4"
                   style="padding: 0; background-color: white; border-style: none; height: 0px;">
                  <div id="candidateSideAutomation.candidateRegistration_setup_byClass_PASS7_details"
                       class="testMethodDetails">
                     <div>
                        <b>Name:
                           
                        </b>setup
                     </div>
                     <div>
                        <b>Signature:
                           
                        </b>setup()[pri:0, instance:candidateSideAutomation.candidateRegistration@120a47e]
                     </div>
                     <div>
                        <b>Start time:
                           
                        </b>12:05:27
                     </div>
                     <div>
                        <b>End time:
                           
                        </b>12:05:33
                     </div>
                     <div>
                        <b>Duration:
                           
                        </b>6s
                        
                     </div>
                  </div>
               </td>
            </tr>
            <tr></tr>
            <tr id="candidateSideAutomation.candidateRegistration_registraionFirstStage_byClass_PASS8_row"
                class="testMethodStatusPASS">
               <td width="100%" class="firstMethodCell">
                  <a onclick="toggleDetailsVisibility('candidateSideAutomation.candidateRegistration_registraionFirstStage_byClass_PASS8_details')">registraionFirstStage()</a>
               </td>
               <td nowrap="true">12:05:33</td>
               <td nowrap="true" align="right">18s
                  
               </td>
               <td nowrap="true">
                   
                  
               </td>
            </tr>
            <tr>
               <td colspan="4"
                   style="padding: 0; background-color: white; border-style: none; height: 0px;">
                  <div id="candidateSideAutomation.candidateRegistration_registraionFirstStage_byClass_PASS8_details"
                       class="testMethodDetails">
                     <div>
                        <b>Name:
                           
                        </b>registraionFirstStage
                     </div>
                     <div>
                        <b>Signature:
                           
                        </b>registraionFirstStage()[pri:0, instance:candidateSideAutomation.candidateRegistration@120a47e]
                     </div>
                     <div>
                        <b>Start time:
                           
                        </b>12:05:33
                     </div>
                     <div>
                        <b>End time:
                           
                        </b>12:05:50
                     </div>
                     <div>
                        <b>Duration:
                           
                        </b>18s
                        
                     </div>
                  </div>
               </td>
            </tr>
            <tr></tr>
            <tr id="candidateSideAutomation.candidateRegistration_teardon_byClass_PASS9_row"
                class="testMethodStatusPASS testMethodStatusCONF">
               <td width="100%" class="firstMethodCell">
                  <a onclick="toggleDetailsVisibility('candidateSideAutomation.candidateRegistration_teardon_byClass_PASS9_details')">teardon()</a>
               </td>
               <td nowrap="true">12:05:50</td>
               <td nowrap="true" align="right">281 ms
                  
               </td>
               <td nowrap="true">
                   
                  
               </td>
            </tr>
            <tr>
               <td colspan="4"
                   style="padding: 0; background-color: white; border-style: none; height: 0px;">
                  <div id="candidateSideAutomation.candidateRegistration_teardon_byClass_PASS9_details"
                       class="testMethodDetails">
                     <div>
                        <b>Name:
                           
                        </b>teardon
                     </div>
                     <div>
                        <b>Signature:
                           
                        </b>teardon()[pri:0, instance:candidateSideAutomation.candidateRegistration@120a47e]
                     </div>
                     <div>
                        <b>Start time:
                           
                        </b>12:05:50
                     </div>
                     <div>
                        <b>End time:
                           
                        </b>12:05:50
                     </div>
                     <div>
                        <b>Duration:
                           
                        </b>281 ms
                        
                     </div>
                  </div>
               </td>
            </tr>
            <tr></tr>
         </table>
         <br></br>
         <table class="testMethodsTable" cellpadding="0" cellspacing="0">
            <tr>
               <td colspan="4">
                  <h3 style="display: inline;">candidateSideAutomation.linkTraversal</h3>
               </td>
            </tr>
            <tr class="methodsTableHeader">
               <td width="100%">Name</td>
               <td nowrap="true">Started</td>
               <td nowrap="true">Duration</td>
               <td>Exception</td>
            </tr>
            <tr id="candidateSideAutomation.linkTraversal_setup_byClass_PASS1_row"
                class="testMethodStatusPASS testMethodStatusCONF">
               <td width="100%" class="firstMethodCell">
                  <a onclick="toggleDetailsVisibility('candidateSideAutomation.linkTraversal_setup_byClass_PASS1_details')">setup()</a>
               </td>
               <td nowrap="true">12:05:51</td>
               <td nowrap="true" align="right">5s
                  
               </td>
               <td nowrap="true">
                   
                  
               </td>
            </tr>
            <tr>
               <td colspan="4"
                   style="padding: 0; background-color: white; border-style: none; height: 0px;">
                  <div id="candidateSideAutomation.linkTraversal_setup_byClass_PASS1_details"
                       class="testMethodDetails">
                     <div>
                        <b>Name:
                           
                        </b>setup
                     </div>
                     <div>
                        <b>Signature:
                           
                        </b>setup()[pri:0, instance:candidateSideAutomation.linkTraversal@171bbc9]
                     </div>
                     <div>
                        <b>Start time:
                           
                        </b>12:05:51
                     </div>
                     <div>
                        <b>End time:
                           
                        </b>12:05:56
                     </div>
                     <div>
                        <b>Duration:
                           
                        </b>5s
                        
                     </div>
                  </div>
               </td>
            </tr>
            <tr></tr>
            <tr id="candidateSideAutomation.linkTraversal_login_byClass_PASS2_row"
                class="testMethodStatusPASS">
               <td width="100%" class="firstMethodCell">
                  <a onclick="toggleDetailsVisibility('candidateSideAutomation.linkTraversal_login_byClass_PASS2_details')">login()</a>
               </td>
               <td nowrap="true">12:05:56</td>
               <td nowrap="true" align="right">10s
                  
               </td>
               <td nowrap="true">
                   
                  
               </td>
            </tr>
            <tr>
               <td colspan="4"
                   style="padding: 0; background-color: white; border-style: none; height: 0px;">
                  <div id="candidateSideAutomation.linkTraversal_login_byClass_PASS2_details"
                       class="testMethodDetails">
                     <div>
                        <b>Name:
                           
                        </b>login
                     </div>
                     <div>
                        <b>Signature:
                           
                        </b>login()[pri:0, instance:candidateSideAutomation.linkTraversal@171bbc9]
                     </div>
                     <div>
                        <b>Start time:
                           
                        </b>12:05:56
                     </div>
                     <div>
                        <b>End time:
                           
                        </b>12:06:05
                     </div>
                     <div>
                        <b>Duration:
                           
                        </b>10s
                        
                     </div>
                  </div>
               </td>
            </tr>
            <tr></tr>
            <tr id="candidateSideAutomation.linkTraversal_pageVal_byClass_FAIL3_row"
                class="testMethodStatusFAIL">
               <td width="100%" class="firstMethodCell">
                  <a onclick="toggleDetailsVisibility('candidateSideAutomation.linkTraversal_pageVal_byClass_FAIL3_details')">pageVal()</a>
               </td>
               <td nowrap="true">12:06:05</td>
               <td nowrap="true" align="right">25s
                  
               </td>
               <td nowrap="true">
                  <a onclick="toggleDetailsVisibility('candidateSideAutomation.linkTraversal_pageVal_byClass_FAIL3_exception')">org.openqa.selenium.NoSuchElementException: 
                     Unable to locate element: {"method":"xpath","selector":"//div[@class='rec-jobs']/header/div/h1"}
                     Command duration or timeout: 25.03 seconds
                     For documentation on this error, please visit: http://seleniumhq.org/exceptions/no_such_element.html
                     Build info: version: '2.41.0', revision: '3192d8a', time: '2014-03-27 17:17:32'
                     System info: host: 'times-09bb94003', ip: '10.150.224.125', os.name: 'Windows XP', os.arch: 'x86', os.version: '5.1', java.version:
                     '1.6.0_45'
                     Session ID: b4d14582-65e9-49e8-9e6c-79e305cf5d4f
                     Driver info: org.openqa.selenium.firefox.FirefoxDriver
                     Capabilities [{platform=XP, acceptSslCerts=true, javascriptEnabled=true, browserName=firefox, rotatable=false, locationContextEnabled=true,
                     version=29.0, cssSelectorsEnabled=true, databaseEnabled=true, handlesAlerts=true, browserConnectionEnabled=true, nativeEvents=false,
                     webStorageEnabled=true, applicationCacheEnabled=true, takesScreenshot=true}]
                     
                  </a>
                   
                  
               </td>
            </tr>
            <tr>
               <td colspan="4"
                   style="padding: 0; background-color: white; border-style: none; height: 0px;">
                  <div id="candidateSideAutomation.linkTraversal_pageVal_byClass_FAIL3_details"
                       class="testMethodDetails">
                     <div>
                        <b>Name:
                           
                        </b>pageVal
                     </div>
                     <div>
                        <b>Signature:
                           
                        </b>pageVal()[pri:0, instance:candidateSideAutomation.linkTraversal@171bbc9]
                     </div>
                     <div>
                        <b>Start time:
                           
                        </b>12:06:05
                     </div>
                     <div>
                        <b>End time:
                           
                        </b>12:06:30
                     </div>
                     <div>
                        <b>Duration:
                           
                        </b>25s
                        
                     </div>
                  </div>
               </td>
            </tr>
            <tr>
               <td colspan="4"
                   style="padding: 0; background-color: white; border-style: none; height: 0px;">
                  <div id="candidateSideAutomation.linkTraversal_pageVal_byClass_FAIL3_exception"
                       class="testMethodDetails">
                     <pre style="padding: 5px; margin: 0;">org.openqa.selenium.NoSuchElementException: Unable to locate element: {"method":"xpath","selector":"//div[@class='rec-jobs']/header/div/h1"}
                        Command duration or timeout: 25.03 seconds
                        For documentation on this error, please visit: http://seleniumhq.org/exceptions/no_such_element.html
                        Build info: version: '2.41.0', revision: '3192d8a', time: '2014-03-27 17:17:32'
                        System info: host: 'times-09bb94003', ip: '10.150.224.125', os.name: 'Windows XP', os.arch: 'x86', os.version: '5.1', java.version:
                        '1.6.0_45'
                        Session ID: b4d14582-65e9-49e8-9e6c-79e305cf5d4f
                        Driver info: org.openqa.selenium.firefox.FirefoxDriver
                        Capabilities [{platform=XP, acceptSslCerts=true, javascriptEnabled=true, browserName=firefox, rotatable=false, locationContextEnabled=true,
                        version=29.0, cssSelectorsEnabled=true, databaseEnabled=true, handlesAlerts=true, browserConnectionEnabled=true, nativeEvents=false,
                        webStorageEnabled=true, applicationCacheEnabled=true, takesScreenshot=true}]
                        	at sun.reflect.NativeConstructorAccessorImpl.newInstance0(Native Method)
                        	at sun.reflect.NativeConstructorAccessorImpl.newInstance(NativeConstructorAccessorImpl.java:39)
                        	at sun.reflect.DelegatingConstructorAccessorImpl.newInstance(DelegatingConstructorAccessorImpl.java:27)
                        	at java.lang.reflect.Constructor.newInstance(Constructor.java:513)
                        	at org.openqa.selenium.remote.ErrorHandler.createThrowable(ErrorHandler.java:193)
                        	at org.openqa.selenium.remote.ErrorHandler.throwIfResponseFailed(ErrorHandler.java:145)
                        	at org.openqa.selenium.remote.RemoteWebDriver.execute(RemoteWebDriver.java:595)
                        	at org.openqa.selenium.remote.RemoteWebDriver.findElement(RemoteWebDriver.java:348)
                        	at org.openqa.selenium.remote.RemoteWebDriver.findElementByXPath(RemoteWebDriver.java:445)
                        	at org.openqa.selenium.By$ByXPath.findElement(By.java:357)
                        	at org.openqa.selenium.remote.RemoteWebDriver.findElement(RemoteWebDriver.java:340)
                        	at candidateSideAutomation.linkTraversal.pageVal(Unknown Source)
                        	at sun.reflect.NativeMethodAccessorImpl.invoke0(Native Method)
                        	at sun.reflect.NativeMethodAccessorImpl.invoke(NativeMethodAccessorImpl.java:39)
                        	at sun.reflect.DelegatingMethodAccessorImpl.invoke(DelegatingMethodAccessorImpl.java:25)
                        	at java.lang.reflect.Method.invoke(Method.java:597)
                        	at org.testng.internal.MethodInvocationHelper.invokeMethod(MethodInvocationHelper.java:84)
                        	at org.testng.internal.Invoker.invokeMethod(Invoker.java:714)
                        	at org.testng.internal.Invoker.invokeTestMethod(Invoker.java:901)
                        	at org.testng.internal.Invoker.invokeTestMethods(Invoker.java:1231)
                        	at org.testng.internal.TestMethodWorker.invokeTestMethods(TestMethodWorker.java:127)
                        	at org.testng.internal.TestMethodWorker.run(TestMethodWorker.java:111)
                        	at org.testng.TestRunner.privateRun(TestRunner.java:767)
                        	at org.testng.TestRunner.run(TestRunner.java:617)
                        	at org.testng.SuiteRunner.runTest(SuiteRunner.java:334)
                        	at org.testng.SuiteRunner.runSequentially(SuiteRunner.java:329)
                        	at org.testng.SuiteRunner.privateRun(SuiteRunner.java:291)
                        	at org.testng.SuiteRunner.run(SuiteRunner.java:240)
                        	at org.testng.SuiteRunnerWorker.runSuite(SuiteRunnerWorker.java:52)
                        	at org.testng.SuiteRunnerWorker.run(SuiteRunnerWorker.java:86)
                        	at org.testng.TestNG.runSuitesSequentially(TestNG.java:1224)
                        	at org.testng.TestNG.runSuitesSequentially(TestNG.java:1220)
                        	at org.testng.TestNG.runSuitesLocally(TestNG.java:1149)
                        	at org.testng.TestNG.run(TestNG.java:1057)
                        	at org.testng.TestNG.privateMain(TestNG.java:1364)
                        	at org.testng.TestNG.main(TestNG.java:1333)
                        Caused by: org.openqa.selenium.remote.ErrorHandler$UnknownServerException: Unable to locate element: {"method":"xpath","selector":"//div[@class='rec-jobs']/header/div/h1"}
                        Build info: version: '2.41.0', revision: '3192d8a', time: '2014-03-27 17:17:32'
                        System info: host: 'times-09bb94003', ip: '10.150.224.125', os.name: 'Windows XP', os.arch: 'x86', os.version: '5.1', java.version:
                        '1.6.0_45'
                        Driver info: driver.version: unknown
                        	at &lt;anonymous class&gt;.FirefoxDriver.prototype.findElementInternal_(file:///E:/DOCUME~1/Charu/LOCALS~1/Temp/anonymous5955219541778582977webdriver-profile/extensions/fxdriver@googlecode.com/components/driver_component.js:8905)
                        	at &lt;anonymous class&gt;.fxdriver.Timer.prototype.setTimeout/&lt;.notify(file:///E:/DOCUME~1/Charu/LOCALS~1/Temp/anonymous5955219541778582977webdriver-profile/extensions/fxdriver@googlecode.com/components/driver_component.js:396)
                     </pre>
                  </div>
               </td>
            </tr>
            <tr id="candidateSideAutomation.linkTraversal_privateSettings_byClass_PASS4_row"
                class="testMethodStatusPASS">
               <td width="100%" class="firstMethodCell">
                  <a onclick="toggleDetailsVisibility('candidateSideAutomation.linkTraversal_privateSettings_byClass_PASS4_details')">privateSettings()</a>
               </td>
               <td nowrap="true">12:06:30</td>
               <td nowrap="true" align="right">4s
                  
               </td>
               <td nowrap="true">
                   
                  
               </td>
            </tr>
            <tr>
               <td colspan="4"
                   style="padding: 0; background-color: white; border-style: none; height: 0px;">
                  <div id="candidateSideAutomation.linkTraversal_privateSettings_byClass_PASS4_details"
                       class="testMethodDetails">
                     <div>
                        <b>Name:
                           
                        </b>privateSettings
                     </div>
                     <div>
                        <b>Signature:
                           
                        </b>privateSettings()[pri:0, instance:candidateSideAutomation.linkTraversal@171bbc9]
                     </div>
                     <div>
                        <b>Start time:
                           
                        </b>12:06:30
                     </div>
                     <div>
                        <b>End time:
                           
                        </b>12:06:34
                     </div>
                     <div>
                        <b>Duration:
                           
                        </b>4s
                        
                     </div>
                  </div>
               </td>
            </tr>
            <tr></tr>
            <tr id="candidateSideAutomation.linkTraversal_editProfile_byClass_PASS5_row"
                class="testMethodStatusPASS">
               <td width="100%" class="firstMethodCell">
                  <a onclick="toggleDetailsVisibility('candidateSideAutomation.linkTraversal_editProfile_byClass_PASS5_details')">editProfile()</a>
               </td>
               <td nowrap="true">12:06:34</td>
               <td nowrap="true" align="right">2s
                  
               </td>
               <td nowrap="true">
                   
                  
               </td>
            </tr>
            <tr>
               <td colspan="4"
                   style="padding: 0; background-color: white; border-style: none; height: 0px;">
                  <div id="candidateSideAutomation.linkTraversal_editProfile_byClass_PASS5_details"
                       class="testMethodDetails">
                     <div>
                        <b>Name:
                           
                        </b>editProfile
                     </div>
                     <div>
                        <b>Signature:
                           
                        </b>editProfile()[pri:0, instance:candidateSideAutomation.linkTraversal@171bbc9]
                     </div>
                     <div>
                        <b>Start time:
                           
                        </b>12:06:34
                     </div>
                     <div>
                        <b>End time:
                           
                        </b>12:06:37
                     </div>
                     <div>
                        <b>Duration:
                           
                        </b>2s
                        
                     </div>
                  </div>
               </td>
            </tr>
            <tr></tr>
            <tr id="candidateSideAutomation.linkTraversal_signOut_byClass_PASS6_row"
                class="testMethodStatusPASS">
               <td width="100%" class="firstMethodCell">
                  <a onclick="toggleDetailsVisibility('candidateSideAutomation.linkTraversal_signOut_byClass_PASS6_details')">signOut()</a>
               </td>
               <td nowrap="true">12:06:37</td>
               <td nowrap="true" align="right">7s
                  
               </td>
               <td nowrap="true">
                   
                  
               </td>
            </tr>
            <tr>
               <td colspan="4"
                   style="padding: 0; background-color: white; border-style: none; height: 0px;">
                  <div id="candidateSideAutomation.linkTraversal_signOut_byClass_PASS6_details"
                       class="testMethodDetails">
                     <div>
                        <b>Name:
                           
                        </b>signOut
                     </div>
                     <div>
                        <b>Signature:
                           
                        </b>signOut()[pri:0, instance:candidateSideAutomation.linkTraversal@171bbc9]
                     </div>
                     <div>
                        <b>Start time:
                           
                        </b>12:06:37
                     </div>
                     <div>
                        <b>End time:
                           
                        </b>12:06:43
                     </div>
                     <div>
                        <b>Duration:
                           
                        </b>7s
                        
                     </div>
                  </div>
               </td>
            </tr>
            <tr></tr>
            <tr id="candidateSideAutomation.linkTraversal_editDetails_byClass_FAIL7_row"
                class="testMethodStatusFAIL">
               <td width="100%" class="firstMethodCell">
                  <a onclick="toggleDetailsVisibility('candidateSideAutomation.linkTraversal_editDetails_byClass_FAIL7_details')">editDetails()</a>
               </td>
               <td nowrap="true">12:06:43</td>
               <td nowrap="true" align="right">10s
                  
               </td>
               <td nowrap="true">
                  <a onclick="toggleDetailsVisibility('candidateSideAutomation.linkTraversal_editDetails_byClass_FAIL7_exception')">org.openqa.selenium.NoSuchElementException: 
                     Unable to locate element: {"method":"xpath","selector":"//div[@id='userProfilPicsId']/a"}
                     Command duration or timeout: 10.08 seconds
                     For documentation on this error, please visit: http://seleniumhq.org/exceptions/no_such_element.html
                     Build info: version: '2.41.0', revision: '3192d8a', time: '2014-03-27 17:17:32'
                     System info: host: 'times-09bb94003', ip: '10.150.224.125', os.name: 'Windows XP', os.arch: 'x86', os.version: '5.1', java.version:
                     '1.6.0_45'
                     Session ID: b4d14582-65e9-49e8-9e6c-79e305cf5d4f
                     Driver info: org.openqa.selenium.firefox.FirefoxDriver
                     Capabilities [{platform=XP, acceptSslCerts=true, javascriptEnabled=true, browserName=firefox, rotatable=false, locationContextEnabled=true,
                     version=29.0, cssSelectorsEnabled=true, databaseEnabled=true, handlesAlerts=true, browserConnectionEnabled=true, nativeEvents=false,
                     webStorageEnabled=true, applicationCacheEnabled=true, takesScreenshot=true}]
                     
                  </a>
                   
                  
               </td>
            </tr>
            <tr>
               <td colspan="4"
                   style="padding: 0; background-color: white; border-style: none; height: 0px;">
                  <div id="candidateSideAutomation.linkTraversal_editDetails_byClass_FAIL7_details"
                       class="testMethodDetails">
                     <div>
                        <b>Name:
                           
                        </b>editDetails
                     </div>
                     <div>
                        <b>Signature:
                           
                        </b>editDetails()[pri:0, instance:candidateSideAutomation.linkTraversal@171bbc9]
                     </div>
                     <div>
                        <b>Start time:
                           
                        </b>12:06:43
                     </div>
                     <div>
                        <b>End time:
                           
                        </b>12:06:54
                     </div>
                     <div>
                        <b>Duration:
                           
                        </b>10s
                        
                     </div>
                  </div>
               </td>
            </tr>
            <tr>
               <td colspan="4"
                   style="padding: 0; background-color: white; border-style: none; height: 0px;">
                  <div id="candidateSideAutomation.linkTraversal_editDetails_byClass_FAIL7_exception"
                       class="testMethodDetails">
                     <pre style="padding: 5px; margin: 0;">org.openqa.selenium.NoSuchElementException: Unable to locate element: {"method":"xpath","selector":"//div[@id='userProfilPicsId']/a"}
                        Command duration or timeout: 10.08 seconds
                        For documentation on this error, please visit: http://seleniumhq.org/exceptions/no_such_element.html
                        Build info: version: '2.41.0', revision: '3192d8a', time: '2014-03-27 17:17:32'
                        System info: host: 'times-09bb94003', ip: '10.150.224.125', os.name: 'Windows XP', os.arch: 'x86', os.version: '5.1', java.version:
                        '1.6.0_45'
                        Session ID: b4d14582-65e9-49e8-9e6c-79e305cf5d4f
                        Driver info: org.openqa.selenium.firefox.FirefoxDriver
                        Capabilities [{platform=XP, acceptSslCerts=true, javascriptEnabled=true, browserName=firefox, rotatable=false, locationContextEnabled=true,
                        version=29.0, cssSelectorsEnabled=true, databaseEnabled=true, handlesAlerts=true, browserConnectionEnabled=true, nativeEvents=false,
                        webStorageEnabled=true, applicationCacheEnabled=true, takesScreenshot=true}]
                        	at sun.reflect.NativeConstructorAccessorImpl.newInstance0(Native Method)
                        	at sun.reflect.NativeConstructorAccessorImpl.newInstance(NativeConstructorAccessorImpl.java:39)
                        	at sun.reflect.DelegatingConstructorAccessorImpl.newInstance(DelegatingConstructorAccessorImpl.java:27)
                        	at java.lang.reflect.Constructor.newInstance(Constructor.java:513)
                        	at org.openqa.selenium.remote.ErrorHandler.createThrowable(ErrorHandler.java:193)
                        	at org.openqa.selenium.remote.ErrorHandler.throwIfResponseFailed(ErrorHandler.java:145)
                        	at org.openqa.selenium.remote.RemoteWebDriver.execute(RemoteWebDriver.java:595)
                        	at org.openqa.selenium.remote.RemoteWebDriver.findElement(RemoteWebDriver.java:348)
                        	at org.openqa.selenium.remote.RemoteWebDriver.findElementByXPath(RemoteWebDriver.java:445)
                        	at org.openqa.selenium.By$ByXPath.findElement(By.java:357)
                        	at org.openqa.selenium.remote.RemoteWebDriver.findElement(RemoteWebDriver.java:340)
                        	at candidateSideAutomation.linkTraversal.editDetails(Unknown Source)
                        	at sun.reflect.NativeMethodAccessorImpl.invoke0(Native Method)
                        	at sun.reflect.NativeMethodAccessorImpl.invoke(NativeMethodAccessorImpl.java:39)
                        	at sun.reflect.DelegatingMethodAccessorImpl.invoke(DelegatingMethodAccessorImpl.java:25)
                        	at java.lang.reflect.Method.invoke(Method.java:597)
                        	at org.testng.internal.MethodInvocationHelper.invokeMethod(MethodInvocationHelper.java:84)
                        	at org.testng.internal.Invoker.invokeMethod(Invoker.java:714)
                        	at org.testng.internal.Invoker.invokeTestMethod(Invoker.java:901)
                        	at org.testng.internal.Invoker.invokeTestMethods(Invoker.java:1231)
                        	at org.testng.internal.TestMethodWorker.invokeTestMethods(TestMethodWorker.java:127)
                        	at org.testng.internal.TestMethodWorker.run(TestMethodWorker.java:111)
                        	at org.testng.TestRunner.privateRun(TestRunner.java:767)
                        	at org.testng.TestRunner.run(TestRunner.java:617)
                        	at org.testng.SuiteRunner.runTest(SuiteRunner.java:334)
                        	at org.testng.SuiteRunner.runSequentially(SuiteRunner.java:329)
                        	at org.testng.SuiteRunner.privateRun(SuiteRunner.java:291)
                        	at org.testng.SuiteRunner.run(SuiteRunner.java:240)
                        	at org.testng.SuiteRunnerWorker.runSuite(SuiteRunnerWorker.java:52)
                        	at org.testng.SuiteRunnerWorker.run(SuiteRunnerWorker.java:86)
                        	at org.testng.TestNG.runSuitesSequentially(TestNG.java:1224)
                        	at org.testng.TestNG.runSuitesSequentially(TestNG.java:1220)
                        	at org.testng.TestNG.runSuitesLocally(TestNG.java:1149)
                        	at org.testng.TestNG.run(TestNG.java:1057)
                        	at org.testng.TestNG.privateMain(TestNG.java:1364)
                        	at org.testng.TestNG.main(TestNG.java:1333)
                        Caused by: org.openqa.selenium.remote.ErrorHandler$UnknownServerException: Unable to locate element: {"method":"xpath","selector":"//div[@id='userProfilPicsId']/a"}
                        Build info: version: '2.41.0', revision: '3192d8a', time: '2014-03-27 17:17:32'
                        System info: host: 'times-09bb94003', ip: '10.150.224.125', os.name: 'Windows XP', os.arch: 'x86', os.version: '5.1', java.version:
                        '1.6.0_45'
                        Driver info: driver.version: unknown
                        	at &lt;anonymous class&gt;.FirefoxDriver.prototype.findElementInternal_(file:///E:/DOCUME~1/Charu/LOCALS~1/Temp/anonymous5955219541778582977webdriver-profile/extensions/fxdriver@googlecode.com/components/driver_component.js:8905)
                        	at &lt;anonymous class&gt;.fxdriver.Timer.prototype.setTimeout/&lt;.notify(file:///E:/DOCUME~1/Charu/LOCALS~1/Temp/anonymous5955219541778582977webdriver-profile/extensions/fxdriver@googlecode.com/components/driver_component.js:396)
                     </pre>
                  </div>
               </td>
            </tr>
            <tr id="candidateSideAutomation.linkTraversal_ediKeySkills_byClass_FAIL8_row"
                class="testMethodStatusFAIL">
               <td width="100%" class="firstMethodCell">
                  <a onclick="toggleDetailsVisibility('candidateSideAutomation.linkTraversal_ediKeySkills_byClass_FAIL8_details')">ediKeySkills()</a>
               </td>
               <td nowrap="true">12:06:54</td>
               <td nowrap="true" align="right">10s
                  
               </td>
               <td nowrap="true">
                  <a onclick="toggleDetailsVisibility('candidateSideAutomation.linkTraversal_ediKeySkills_byClass_FAIL8_exception')">org.openqa.selenium.NoSuchElementException: 
                     Unable to locate element: {"method":"xpath","selector":"//div[@id='userProfilPicsId']/a"}
                     Command duration or timeout: 10.06 seconds
                     For documentation on this error, please visit: http://seleniumhq.org/exceptions/no_such_element.html
                     Build info: version: '2.41.0', revision: '3192d8a', time: '2014-03-27 17:17:32'
                     System info: host: 'times-09bb94003', ip: '10.150.224.125', os.name: 'Windows XP', os.arch: 'x86', os.version: '5.1', java.version:
                     '1.6.0_45'
                     Session ID: b4d14582-65e9-49e8-9e6c-79e305cf5d4f
                     Driver info: org.openqa.selenium.firefox.FirefoxDriver
                     Capabilities [{platform=XP, acceptSslCerts=true, javascriptEnabled=true, browserName=firefox, rotatable=false, locationContextEnabled=true,
                     version=29.0, cssSelectorsEnabled=true, databaseEnabled=true, handlesAlerts=true, browserConnectionEnabled=true, nativeEvents=false,
                     webStorageEnabled=true, applicationCacheEnabled=true, takesScreenshot=true}]
                     
                  </a>
                   
                  
               </td>
            </tr>
            <tr>
               <td colspan="4"
                   style="padding: 0; background-color: white; border-style: none; height: 0px;">
                  <div id="candidateSideAutomation.linkTraversal_ediKeySkills_byClass_FAIL8_details"
                       class="testMethodDetails">
                     <div>
                        <b>Name:
                           
                        </b>ediKeySkills
                     </div>
                     <div>
                        <b>Signature:
                           
                        </b>ediKeySkills()[pri:0, instance:candidateSideAutomation.linkTraversal@171bbc9]
                     </div>
                     <div>
                        <b>Start time:
                           
                        </b>12:06:54
                     </div>
                     <div>
                        <b>End time:
                           
                        </b>12:07:04
                     </div>
                     <div>
                        <b>Duration:
                           
                        </b>10s
                        
                     </div>
                  </div>
               </td>
            </tr>
            <tr>
               <td colspan="4"
                   style="padding: 0; background-color: white; border-style: none; height: 0px;">
                  <div id="candidateSideAutomation.linkTraversal_ediKeySkills_byClass_FAIL8_exception"
                       class="testMethodDetails">
                     <pre style="padding: 5px; margin: 0;">org.openqa.selenium.NoSuchElementException: Unable to locate element: {"method":"xpath","selector":"//div[@id='userProfilPicsId']/a"}
                        Command duration or timeout: 10.06 seconds
                        For documentation on this error, please visit: http://seleniumhq.org/exceptions/no_such_element.html
                        Build info: version: '2.41.0', revision: '3192d8a', time: '2014-03-27 17:17:32'
                        System info: host: 'times-09bb94003', ip: '10.150.224.125', os.name: 'Windows XP', os.arch: 'x86', os.version: '5.1', java.version:
                        '1.6.0_45'
                        Session ID: b4d14582-65e9-49e8-9e6c-79e305cf5d4f
                        Driver info: org.openqa.selenium.firefox.FirefoxDriver
                        Capabilities [{platform=XP, acceptSslCerts=true, javascriptEnabled=true, browserName=firefox, rotatable=false, locationContextEnabled=true,
                        version=29.0, cssSelectorsEnabled=true, databaseEnabled=true, handlesAlerts=true, browserConnectionEnabled=true, nativeEvents=false,
                        webStorageEnabled=true, applicationCacheEnabled=true, takesScreenshot=true}]
                        	at sun.reflect.NativeConstructorAccessorImpl.newInstance0(Native Method)
                        	at sun.reflect.NativeConstructorAccessorImpl.newInstance(NativeConstructorAccessorImpl.java:39)
                        	at sun.reflect.DelegatingConstructorAccessorImpl.newInstance(DelegatingConstructorAccessorImpl.java:27)
                        	at java.lang.reflect.Constructor.newInstance(Constructor.java:513)
                        	at org.openqa.selenium.remote.ErrorHandler.createThrowable(ErrorHandler.java:193)
                        	at org.openqa.selenium.remote.ErrorHandler.throwIfResponseFailed(ErrorHandler.java:145)
                        	at org.openqa.selenium.remote.RemoteWebDriver.execute(RemoteWebDriver.java:595)
                        	at org.openqa.selenium.remote.RemoteWebDriver.findElement(RemoteWebDriver.java:348)
                        	at org.openqa.selenium.remote.RemoteWebDriver.findElementByXPath(RemoteWebDriver.java:445)
                        	at org.openqa.selenium.By$ByXPath.findElement(By.java:357)
                        	at org.openqa.selenium.remote.RemoteWebDriver.findElement(RemoteWebDriver.java:340)
                        	at candidateSideAutomation.linkTraversal.ediKeySkills(Unknown Source)
                        	at sun.reflect.NativeMethodAccessorImpl.invoke0(Native Method)
                        	at sun.reflect.NativeMethodAccessorImpl.invoke(NativeMethodAccessorImpl.java:39)
                        	at sun.reflect.DelegatingMethodAccessorImpl.invoke(DelegatingMethodAccessorImpl.java:25)
                        	at java.lang.reflect.Method.invoke(Method.java:597)
                        	at org.testng.internal.MethodInvocationHelper.invokeMethod(MethodInvocationHelper.java:84)
                        	at org.testng.internal.Invoker.invokeMethod(Invoker.java:714)
                        	at org.testng.internal.Invoker.invokeTestMethod(Invoker.java:901)
                        	at org.testng.internal.Invoker.invokeTestMethods(Invoker.java:1231)
                        	at org.testng.internal.TestMethodWorker.invokeTestMethods(TestMethodWorker.java:127)
                        	at org.testng.internal.TestMethodWorker.run(TestMethodWorker.java:111)
                        	at org.testng.TestRunner.privateRun(TestRunner.java:767)
                        	at org.testng.TestRunner.run(TestRunner.java:617)
                        	at org.testng.SuiteRunner.runTest(SuiteRunner.java:334)
                        	at org.testng.SuiteRunner.runSequentially(SuiteRunner.java:329)
                        	at org.testng.SuiteRunner.privateRun(SuiteRunner.java:291)
                        	at org.testng.SuiteRunner.run(SuiteRunner.java:240)
                        	at org.testng.SuiteRunnerWorker.runSuite(SuiteRunnerWorker.java:52)
                        	at org.testng.SuiteRunnerWorker.run(SuiteRunnerWorker.java:86)
                        	at org.testng.TestNG.runSuitesSequentially(TestNG.java:1224)
                        	at org.testng.TestNG.runSuitesSequentially(TestNG.java:1220)
                        	at org.testng.TestNG.runSuitesLocally(TestNG.java:1149)
                        	at org.testng.TestNG.run(TestNG.java:1057)
                        	at org.testng.TestNG.privateMain(TestNG.java:1364)
                        	at org.testng.TestNG.main(TestNG.java:1333)
                        Caused by: org.openqa.selenium.remote.ErrorHandler$UnknownServerException: Unable to locate element: {"method":"xpath","selector":"//div[@id='userProfilPicsId']/a"}
                        Build info: version: '2.41.0', revision: '3192d8a', time: '2014-03-27 17:17:32'
                        System info: host: 'times-09bb94003', ip: '10.150.224.125', os.name: 'Windows XP', os.arch: 'x86', os.version: '5.1', java.version:
                        '1.6.0_45'
                        Driver info: driver.version: unknown
                        	at &lt;anonymous class&gt;.FirefoxDriver.prototype.findElementInternal_(file:///E:/DOCUME~1/Charu/LOCALS~1/Temp/anonymous5955219541778582977webdriver-profile/extensions/fxdriver@googlecode.com/components/driver_component.js:8905)
                        	at &lt;anonymous class&gt;.fxdriver.Timer.prototype.setTimeout/&lt;.notify(file:///E:/DOCUME~1/Charu/LOCALS~1/Temp/anonymous5955219541778582977webdriver-profile/extensions/fxdriver@googlecode.com/components/driver_component.js:396)
                     </pre>
                  </div>
               </td>
            </tr>
            <tr id="candidateSideAutomation.linkTraversal_teardon_byClass_PASS9_row"
                class="testMethodStatusPASS testMethodStatusCONF">
               <td width="100%" class="firstMethodCell">
                  <a onclick="toggleDetailsVisibility('candidateSideAutomation.linkTraversal_teardon_byClass_PASS9_details')">teardon()</a>
               </td>
               <td nowrap="true">12:07:04</td>
               <td nowrap="true" align="right">360 ms
                  
               </td>
               <td nowrap="true">
                   
                  
               </td>
            </tr>
            <tr>
               <td colspan="4"
                   style="padding: 0; background-color: white; border-style: none; height: 0px;">
                  <div id="candidateSideAutomation.linkTraversal_teardon_byClass_PASS9_details"
                       class="testMethodDetails">
                     <div>
                        <b>Name:
                           
                        </b>teardon
                     </div>
                     <div>
                        <b>Signature:
                           
                        </b>teardon()[pri:0, instance:candidateSideAutomation.linkTraversal@171bbc9]
                     </div>
                     <div>
                        <b>Start time:
                           
                        </b>12:07:04
                     </div>
                     <div>
                        <b>End time:
                           
                        </b>12:07:04
                     </div>
                     <div>
                        <b>Duration:
                           
                        </b>360 ms
                        
                     </div>
                  </div>
               </td>
            </tr>
            <tr></tr>
         </table>
         <br></br>
      </div>
      <div style="margin-top: 15px; color: gray; text-align: center; font-size: 9px;">
         Generated with
         
         <a href="http://code.google.com/p/testng-xslt/" style="color: #8888aa;"
            target="_blank">
            TestNG XSLT
            
         </a>
      </div>
   </body>
</html>