<html xmlns:math="http://exslt.org/math" xmlns:testng="http://testng.org">
   <head>
      <title>TestNG Results</title>
      <meta http-equiv="content-type" content="text/html; charset=utf-8"></meta>
      <meta http-equiv="pragma" content="no-cache"></meta>
      <meta http-equiv="cache-control" content="max-age=0"></meta>
      <meta http-equiv="cache-control" content="no-cache"></meta>
      <meta http-equiv="cache-control" content="no-store"></meta>
      <LINK rel="stylesheet" href="style.css"></LINK>
      <script type="text/javascript" src="main.js"></script>
   </head>
   <body>
      <table width="100%" style="font-size: 16px; margin-bottom: 10px;" cellspacing="1">
         <tr>
            <td width="100%">
               Test case
               
               <b>EndorsementFlow</b>
            </td>
            <td style="background-color: #FFBBBB; padding: 3px 3px 3px 0;" align="center">
               <div style="width: 50px;">1</div>
            </td>
            <td style="background-color: lightgreen; padding: 3px 3px 3px 0;" align="center">
               <div style="width: 50px;">0</div>
            </td>
            <td style="background-color: #FFFFBB; padding: 3px 3px 3px 0;" align="center">
               <div style="width: 50px;">0</div>
            </td>
            <td align="center" style="background-color: #eaf0f7; padding: 3px 3px 3px 0;">
               <div style="width: 50px;">1</div>
            </td>
            <td align="center"
                style="font-weight: bold; background-color: #eaf0f7; padding: 3px 3px 3px 0;">
               <div style="width: 50px;">0%</div>
            </td>
            <td style="background-color: #eaf0f7; padding: 3px 3px 3px 0;" align="center"
                nowrap="true">1m
               21s
               
            </td>
         </tr>
      </table>
      <div style="width: 200px;">
         <label for="groupMethodsCheckBox" style="font-weight: bold; margin: 0;">
            <input id="groupMethodsCheckBox" type="checkbox" onclick="switchTestMethodsView(this)"
                   checked=""></input>
            Group by class
            
         </label>
         <br></br>
         <label for="methodsFilter_ALL" style="font-weight: bold; margin: 0;">
            <input id="methodsFilter_ALL" type="checkbox"
                   onclick="testMethodsFilterChanged(this, 'ALL')"
                   checked=""></input>
            All
            
         </label>
      </div>
      <label for="methodsFilter_FAIL" style="margin-left: 20px;">
         <input id="methodsFilter_FAIL" type="checkbox"
                onclick="testMethodsFilterChanged(this, 'FAIL')"
                checked=""></input>
         Failed
         
      </label>
      <label for="methodsFilter_PASS">
         <input id="methodsFilter_PASS" type="checkbox"
                onclick="testMethodsFilterChanged(this, 'PASS')"
                checked=""></input>
         Passed
         
      </label>
      <label for="methodsFilter_SKIP">
         <input id="methodsFilter_SKIP" type="checkbox"
                onclick="testMethodsFilterChanged(this, 'SKIP')"
                checked=""></input>
         Skipped
         
      </label>
      <label for="methodsFilter_CONF">
         <input id="methodsFilter_CONF" type="checkbox"
                onclick="testMethodsFilterChanged(this, 'CONF')"
                checked=""></input>
         Config
         
      </label>
      <br></br>
      <div id="testMethodsByStatus" style="display: none;">
         <table class="testMethodsTable" cellpadding="0" cellspacing="0">
            <tr class="methodsTableHeader">
               <td width="100%">Name</td>
               <td nowrap="true">Started</td>
               <td nowrap="true">Duration</td>
               <td>Exception</td>
            </tr>
            <tr id="candidateSideAutomation.Endorsement_endoresement_byStatus_failed_FAIL1_row"
                class="testMethodStatusFAIL">
               <td width="100%" class="firstMethodCell">
                  <a onclick="toggleDetailsVisibility('candidateSideAutomation.Endorsement_endoresement_byStatus_failed_FAIL1_details')">endoresement()</a>
               </td>
               <td nowrap="true">10:40:55</td>
               <td nowrap="true" align="right">1m
                  5s
                  
               </td>
               <td nowrap="true">
                  <a onclick="toggleDetailsVisibility('candidateSideAutomation.Endorsement_endoresement_byStatus_failed_FAIL1_exception')">org.openqa.selenium.NoSuchElementException: 
                     Unable to locate element: {"method":"xpath","selector":"html/body/div[1]/div[1]/div/section/div[2]"}
                     Command duration or timeout: 10.12 seconds
                     For documentation on this error, please visit: http://seleniumhq.org/exceptions/no_such_element.html
                     Build info: version: '2.46.0', revision: '87c69e2', time: '2015-06-04 16:17:10'
                     System info: host: 'NODTBSL188AG', ip: '10.150.241.135', os.name: 'Windows 8', os.arch: 'amd64', os.version: '6.2', java.version:
                     '1.6.0_45'
                     *** Element info: {Using=xpath, value=html/body/div[1]/div[1]/div/section/div[2]}
                     Session ID: 230d9241-ea22-4b45-9a75-55705d350e8e
                     Driver info: org.openqa.selenium.firefox.FirefoxDriver
                     Capabilities [{platform=WINDOWS, acceptSslCerts=true, javascriptEnabled=true, browserName=firefox, rotatable=false, locationContextEnabled=true,
                     version=37.0.1, cssSelectorsEnabled=true, databaseEnabled=true, handlesAlerts=true, nativeEvents=false, webStorageEnabled=true,
                     applicationCacheEnabled=true, takesScreenshot=true}]
                     
                  </a>
                   
                  
               </td>
            </tr>
            <tr>
               <td colspan="4"
                   style="padding: 0; background-color: white; border-style: none; height: 0px;">
                  <div id="candidateSideAutomation.Endorsement_endoresement_byStatus_failed_FAIL1_details"
                       class="testMethodDetails">
                     <div>
                        <b>Name:
                           
                        </b>endoresement
                     </div>
                     <div>
                        <b>Signature:
                           
                        </b>endoresement()[pri:0, instance:candidateSideAutomation.Endorsement@5bbf3d87]
                     </div>
                     <div>
                        <b>Start time:
                           
                        </b>10:40:55
                     </div>
                     <div>
                        <b>End time:
                           
                        </b>10:42:00
                     </div>
                     <div>
                        <b>Duration:
                           
                        </b>1m
                        5s
                        
                     </div>
                  </div>
               </td>
            </tr>
            <tr>
               <td colspan="4"
                   style="padding: 0; background-color: white; border-style: none; height: 0px;">
                  <div id="candidateSideAutomation.Endorsement_endoresement_byStatus_failed_FAIL1_exception"
                       class="testMethodDetails">
                     <pre style="padding: 5px; margin: 0;">org.openqa.selenium.NoSuchElementException: Unable to locate element: {"method":"xpath","selector":"html/body/div[1]/div[1]/div/section/div[2]"}
                        Command duration or timeout: 10.12 seconds
                        For documentation on this error, please visit: http://seleniumhq.org/exceptions/no_such_element.html
                        Build info: version: '2.46.0', revision: '87c69e2', time: '2015-06-04 16:17:10'
                        System info: host: 'NODTBSL188AG', ip: '10.150.241.135', os.name: 'Windows 8', os.arch: 'amd64', os.version: '6.2', java.version:
                        '1.6.0_45'
                        *** Element info: {Using=xpath, value=html/body/div[1]/div[1]/div/section/div[2]}
                        Session ID: 230d9241-ea22-4b45-9a75-55705d350e8e
                        Driver info: org.openqa.selenium.firefox.FirefoxDriver
                        Capabilities [{platform=WINDOWS, acceptSslCerts=true, javascriptEnabled=true, browserName=firefox, rotatable=false, locationContextEnabled=true,
                        version=37.0.1, cssSelectorsEnabled=true, databaseEnabled=true, handlesAlerts=true, nativeEvents=false, webStorageEnabled=true,
                        applicationCacheEnabled=true, takesScreenshot=true}]
                        	at sun.reflect.NativeConstructorAccessorImpl.newInstance0(Native Method)
                        	at sun.reflect.NativeConstructorAccessorImpl.newInstance(NativeConstructorAccessorImpl.java:39)
                        	at sun.reflect.DelegatingConstructorAccessorImpl.newInstance(DelegatingConstructorAccessorImpl.java:27)
                        	at java.lang.reflect.Constructor.newInstance(Constructor.java:513)
                        	at org.openqa.selenium.remote.ErrorHandler.createThrowable(ErrorHandler.java:204)
                        	at org.openqa.selenium.remote.ErrorHandler.throwIfResponseFailed(ErrorHandler.java:156)
                        	at org.openqa.selenium.remote.RemoteWebDriver.execute(RemoteWebDriver.java:605)
                        	at org.openqa.selenium.remote.RemoteWebDriver.findElement(RemoteWebDriver.java:358)
                        	at org.openqa.selenium.remote.RemoteWebDriver.findElementByXPath(RemoteWebDriver.java:455)
                        	at org.openqa.selenium.By$ByXPath.findElement(By.java:358)
                        	at org.openqa.selenium.remote.RemoteWebDriver.findElement(RemoteWebDriver.java:350)
                        	at candidateSideAutomation.Endorsement.endoresement(Unknown Source)
                        	at sun.reflect.NativeMethodAccessorImpl.invoke0(Native Method)
                        	at sun.reflect.NativeMethodAccessorImpl.invoke(NativeMethodAccessorImpl.java:39)
                        	at sun.reflect.DelegatingMethodAccessorImpl.invoke(DelegatingMethodAccessorImpl.java:25)
                        	at java.lang.reflect.Method.invoke(Method.java:597)
                        	at org.testng.internal.MethodInvocationHelper.invokeMethod(MethodInvocationHelper.java:84)
                        	at org.testng.internal.Invoker.invokeMethod(Invoker.java:714)
                        	at org.testng.internal.Invoker.invokeTestMethod(Invoker.java:901)
                        	at org.testng.internal.Invoker.invokeTestMethods(Invoker.java:1231)
                        	at org.testng.internal.TestMethodWorker.invokeTestMethods(TestMethodWorker.java:127)
                        	at org.testng.internal.TestMethodWorker.run(TestMethodWorker.java:111)
                        	at org.testng.TestRunner.privateRun(TestRunner.java:767)
                        	at org.testng.TestRunner.run(TestRunner.java:617)
                        	at org.testng.SuiteRunner.runTest(SuiteRunner.java:334)
                        	at org.testng.SuiteRunner.runSequentially(SuiteRunner.java:329)
                        	at org.testng.SuiteRunner.privateRun(SuiteRunner.java:291)
                        	at org.testng.SuiteRunner.run(SuiteRunner.java:240)
                        	at org.testng.SuiteRunnerWorker.runSuite(SuiteRunnerWorker.java:52)
                        	at org.testng.SuiteRunnerWorker.run(SuiteRunnerWorker.java:86)
                        	at org.testng.TestNG.runSuitesSequentially(TestNG.java:1224)
                        	at org.testng.TestNG.runSuitesSequentially(TestNG.java:1220)
                        	at org.testng.TestNG.runSuitesLocally(TestNG.java:1149)
                        	at org.testng.TestNG.run(TestNG.java:1057)
                        	at org.testng.TestNG.privateMain(TestNG.java:1364)
                        	at org.testng.TestNG.main(TestNG.java:1333)
                        Caused by: org.openqa.selenium.NoSuchElementException: Unable to locate element: {"method":"xpath","selector":"html/body/div[1]/div[1]/div/section/div[2]"}
                        For documentation on this error, please visit: http://seleniumhq.org/exceptions/no_such_element.html
                        Build info: version: '2.46.0', revision: '87c69e2', time: '2015-06-04 16:17:10'
                        System info: host: 'NODTBSL188AG', ip: '10.150.241.135', os.name: 'Windows 8', os.arch: 'amd64', os.version: '6.2', java.version:
                        '1.6.0_45'
                        Driver info: driver.version: unknown
                        	at &lt;anonymous class&gt;.FirefoxDriver.prototype.findElementInternal_(file:///C:/Users/BIDYUT~1.HAZ/AppData/Local/Temp/anonymous7573965621332431986webdriver-profile/extensions/fxdriver@googlecode.com/components/driver-component.js:10299)
                        	at &lt;anonymous class&gt;.fxdriver.Timer.prototype.setTimeout/&lt;.notify(file:///C:/Users/BIDYUT~1.HAZ/AppData/Local/Temp/anonymous7573965621332431986webdriver-profile/extensions/fxdriver@googlecode.com/components/driver-component.js:603)
                     </pre>
                  </div>
               </td>
            </tr>
            <tr id="candidateSideAutomation.Endorsement_setup_byStatus_passed_PASS1_row"
                class="testMethodStatusPASS testMethodStatusCONF">
               <td width="100%" class="firstMethodCell">
                  <a onclick="toggleDetailsVisibility('candidateSideAutomation.Endorsement_setup_byStatus_passed_PASS1_details')">setup()</a>
               </td>
               <td nowrap="true">10:40:39</td>
               <td nowrap="true" align="right">16s
                  
               </td>
               <td nowrap="true">
                   
                  
               </td>
            </tr>
            <tr>
               <td colspan="4"
                   style="padding: 0; background-color: white; border-style: none; height: 0px;">
                  <div id="candidateSideAutomation.Endorsement_setup_byStatus_passed_PASS1_details"
                       class="testMethodDetails">
                     <div>
                        <b>Name:
                           
                        </b>setup
                     </div>
                     <div>
                        <b>Signature:
                           
                        </b>setup()[pri:0, instance:candidateSideAutomation.Endorsement@5bbf3d87]
                     </div>
                     <div>
                        <b>Start time:
                           
                        </b>10:40:39
                     </div>
                     <div>
                        <b>End time:
                           
                        </b>10:40:55
                     </div>
                     <div>
                        <b>Duration:
                           
                        </b>16s
                        
                     </div>
                  </div>
               </td>
            </tr>
            <tr></tr>
            <tr id="candidateSideAutomation.Endorsement_teardon_byStatus_passed_PASS2_row"
                class="testMethodStatusPASS testMethodStatusCONF">
               <td width="100%" class="firstMethodCell">
                  <a onclick="toggleDetailsVisibility('candidateSideAutomation.Endorsement_teardon_byStatus_passed_PASS2_details')">teardon()</a>
               </td>
               <td nowrap="true">10:42:00</td>
               <td nowrap="true" align="right">0 ms
                  
               </td>
               <td nowrap="true">
                   
                  
               </td>
            </tr>
            <tr>
               <td colspan="4"
                   style="padding: 0; background-color: white; border-style: none; height: 0px;">
                  <div id="candidateSideAutomation.Endorsement_teardon_byStatus_passed_PASS2_details"
                       class="testMethodDetails">
                     <div>
                        <b>Name:
                           
                        </b>teardon
                     </div>
                     <div>
                        <b>Signature:
                           
                        </b>teardon()[pri:0, instance:candidateSideAutomation.Endorsement@5bbf3d87]
                     </div>
                     <div>
                        <b>Start time:
                           
                        </b>10:42:00
                     </div>
                     <div>
                        <b>End time:
                           
                        </b>10:42:00
                     </div>
                     <div>
                        <b>Duration:
                           
                        </b>0 ms
                        
                     </div>
                  </div>
               </td>
            </tr>
            <tr></tr>
         </table>
      </div>
      <div id="testMethodsByClass">
         <table class="testMethodsTable" cellpadding="0" cellspacing="0">
            <tr>
               <td colspan="4">
                  <h3 style="display: inline;">candidateSideAutomation.Endorsement</h3>
               </td>
            </tr>
            <tr class="methodsTableHeader">
               <td width="100%">Name</td>
               <td nowrap="true">Started</td>
               <td nowrap="true">Duration</td>
               <td>Exception</td>
            </tr>
            <tr id="candidateSideAutomation.Endorsement_setup_byClass_PASS1_row"
                class="testMethodStatusPASS testMethodStatusCONF">
               <td width="100%" class="firstMethodCell">
                  <a onclick="toggleDetailsVisibility('candidateSideAutomation.Endorsement_setup_byClass_PASS1_details')">setup()</a>
               </td>
               <td nowrap="true">10:40:39</td>
               <td nowrap="true" align="right">16s
                  
               </td>
               <td nowrap="true">
                   
                  
               </td>
            </tr>
            <tr>
               <td colspan="4"
                   style="padding: 0; background-color: white; border-style: none; height: 0px;">
                  <div id="candidateSideAutomation.Endorsement_setup_byClass_PASS1_details"
                       class="testMethodDetails">
                     <div>
                        <b>Name:
                           
                        </b>setup
                     </div>
                     <div>
                        <b>Signature:
                           
                        </b>setup()[pri:0, instance:candidateSideAutomation.Endorsement@5bbf3d87]
                     </div>
                     <div>
                        <b>Start time:
                           
                        </b>10:40:39
                     </div>
                     <div>
                        <b>End time:
                           
                        </b>10:40:55
                     </div>
                     <div>
                        <b>Duration:
                           
                        </b>16s
                        
                     </div>
                  </div>
               </td>
            </tr>
            <tr></tr>
            <tr id="candidateSideAutomation.Endorsement_endoresement_byClass_FAIL2_row"
                class="testMethodStatusFAIL">
               <td width="100%" class="firstMethodCell">
                  <a onclick="toggleDetailsVisibility('candidateSideAutomation.Endorsement_endoresement_byClass_FAIL2_details')">endoresement()</a>
               </td>
               <td nowrap="true">10:40:55</td>
               <td nowrap="true" align="right">1m
                  5s
                  
               </td>
               <td nowrap="true">
                  <a onclick="toggleDetailsVisibility('candidateSideAutomation.Endorsement_endoresement_byClass_FAIL2_exception')">org.openqa.selenium.NoSuchElementException: 
                     Unable to locate element: {"method":"xpath","selector":"html/body/div[1]/div[1]/div/section/div[2]"}
                     Command duration or timeout: 10.12 seconds
                     For documentation on this error, please visit: http://seleniumhq.org/exceptions/no_such_element.html
                     Build info: version: '2.46.0', revision: '87c69e2', time: '2015-06-04 16:17:10'
                     System info: host: 'NODTBSL188AG', ip: '10.150.241.135', os.name: 'Windows 8', os.arch: 'amd64', os.version: '6.2', java.version:
                     '1.6.0_45'
                     *** Element info: {Using=xpath, value=html/body/div[1]/div[1]/div/section/div[2]}
                     Session ID: 230d9241-ea22-4b45-9a75-55705d350e8e
                     Driver info: org.openqa.selenium.firefox.FirefoxDriver
                     Capabilities [{platform=WINDOWS, acceptSslCerts=true, javascriptEnabled=true, browserName=firefox, rotatable=false, locationContextEnabled=true,
                     version=37.0.1, cssSelectorsEnabled=true, databaseEnabled=true, handlesAlerts=true, nativeEvents=false, webStorageEnabled=true,
                     applicationCacheEnabled=true, takesScreenshot=true}]
                     
                  </a>
                   
                  
               </td>
            </tr>
            <tr>
               <td colspan="4"
                   style="padding: 0; background-color: white; border-style: none; height: 0px;">
                  <div id="candidateSideAutomation.Endorsement_endoresement_byClass_FAIL2_details"
                       class="testMethodDetails">
                     <div>
                        <b>Name:
                           
                        </b>endoresement
                     </div>
                     <div>
                        <b>Signature:
                           
                        </b>endoresement()[pri:0, instance:candidateSideAutomation.Endorsement@5bbf3d87]
                     </div>
                     <div>
                        <b>Start time:
                           
                        </b>10:40:55
                     </div>
                     <div>
                        <b>End time:
                           
                        </b>10:42:00
                     </div>
                     <div>
                        <b>Duration:
                           
                        </b>1m
                        5s
                        
                     </div>
                  </div>
               </td>
            </tr>
            <tr>
               <td colspan="4"
                   style="padding: 0; background-color: white; border-style: none; height: 0px;">
                  <div id="candidateSideAutomation.Endorsement_endoresement_byClass_FAIL2_exception"
                       class="testMethodDetails">
                     <pre style="padding: 5px; margin: 0;">org.openqa.selenium.NoSuchElementException: Unable to locate element: {"method":"xpath","selector":"html/body/div[1]/div[1]/div/section/div[2]"}
                        Command duration or timeout: 10.12 seconds
                        For documentation on this error, please visit: http://seleniumhq.org/exceptions/no_such_element.html
                        Build info: version: '2.46.0', revision: '87c69e2', time: '2015-06-04 16:17:10'
                        System info: host: 'NODTBSL188AG', ip: '10.150.241.135', os.name: 'Windows 8', os.arch: 'amd64', os.version: '6.2', java.version:
                        '1.6.0_45'
                        *** Element info: {Using=xpath, value=html/body/div[1]/div[1]/div/section/div[2]}
                        Session ID: 230d9241-ea22-4b45-9a75-55705d350e8e
                        Driver info: org.openqa.selenium.firefox.FirefoxDriver
                        Capabilities [{platform=WINDOWS, acceptSslCerts=true, javascriptEnabled=true, browserName=firefox, rotatable=false, locationContextEnabled=true,
                        version=37.0.1, cssSelectorsEnabled=true, databaseEnabled=true, handlesAlerts=true, nativeEvents=false, webStorageEnabled=true,
                        applicationCacheEnabled=true, takesScreenshot=true}]
                        	at sun.reflect.NativeConstructorAccessorImpl.newInstance0(Native Method)
                        	at sun.reflect.NativeConstructorAccessorImpl.newInstance(NativeConstructorAccessorImpl.java:39)
                        	at sun.reflect.DelegatingConstructorAccessorImpl.newInstance(DelegatingConstructorAccessorImpl.java:27)
                        	at java.lang.reflect.Constructor.newInstance(Constructor.java:513)
                        	at org.openqa.selenium.remote.ErrorHandler.createThrowable(ErrorHandler.java:204)
                        	at org.openqa.selenium.remote.ErrorHandler.throwIfResponseFailed(ErrorHandler.java:156)
                        	at org.openqa.selenium.remote.RemoteWebDriver.execute(RemoteWebDriver.java:605)
                        	at org.openqa.selenium.remote.RemoteWebDriver.findElement(RemoteWebDriver.java:358)
                        	at org.openqa.selenium.remote.RemoteWebDriver.findElementByXPath(RemoteWebDriver.java:455)
                        	at org.openqa.selenium.By$ByXPath.findElement(By.java:358)
                        	at org.openqa.selenium.remote.RemoteWebDriver.findElement(RemoteWebDriver.java:350)
                        	at candidateSideAutomation.Endorsement.endoresement(Unknown Source)
                        	at sun.reflect.NativeMethodAccessorImpl.invoke0(Native Method)
                        	at sun.reflect.NativeMethodAccessorImpl.invoke(NativeMethodAccessorImpl.java:39)
                        	at sun.reflect.DelegatingMethodAccessorImpl.invoke(DelegatingMethodAccessorImpl.java:25)
                        	at java.lang.reflect.Method.invoke(Method.java:597)
                        	at org.testng.internal.MethodInvocationHelper.invokeMethod(MethodInvocationHelper.java:84)
                        	at org.testng.internal.Invoker.invokeMethod(Invoker.java:714)
                        	at org.testng.internal.Invoker.invokeTestMethod(Invoker.java:901)
                        	at org.testng.internal.Invoker.invokeTestMethods(Invoker.java:1231)
                        	at org.testng.internal.TestMethodWorker.invokeTestMethods(TestMethodWorker.java:127)
                        	at org.testng.internal.TestMethodWorker.run(TestMethodWorker.java:111)
                        	at org.testng.TestRunner.privateRun(TestRunner.java:767)
                        	at org.testng.TestRunner.run(TestRunner.java:617)
                        	at org.testng.SuiteRunner.runTest(SuiteRunner.java:334)
                        	at org.testng.SuiteRunner.runSequentially(SuiteRunner.java:329)
                        	at org.testng.SuiteRunner.privateRun(SuiteRunner.java:291)
                        	at org.testng.SuiteRunner.run(SuiteRunner.java:240)
                        	at org.testng.SuiteRunnerWorker.runSuite(SuiteRunnerWorker.java:52)
                        	at org.testng.SuiteRunnerWorker.run(SuiteRunnerWorker.java:86)
                        	at org.testng.TestNG.runSuitesSequentially(TestNG.java:1224)
                        	at org.testng.TestNG.runSuitesSequentially(TestNG.java:1220)
                        	at org.testng.TestNG.runSuitesLocally(TestNG.java:1149)
                        	at org.testng.TestNG.run(TestNG.java:1057)
                        	at org.testng.TestNG.privateMain(TestNG.java:1364)
                        	at org.testng.TestNG.main(TestNG.java:1333)
                        Caused by: org.openqa.selenium.NoSuchElementException: Unable to locate element: {"method":"xpath","selector":"html/body/div[1]/div[1]/div/section/div[2]"}
                        For documentation on this error, please visit: http://seleniumhq.org/exceptions/no_such_element.html
                        Build info: version: '2.46.0', revision: '87c69e2', time: '2015-06-04 16:17:10'
                        System info: host: 'NODTBSL188AG', ip: '10.150.241.135', os.name: 'Windows 8', os.arch: 'amd64', os.version: '6.2', java.version:
                        '1.6.0_45'
                        Driver info: driver.version: unknown
                        	at &lt;anonymous class&gt;.FirefoxDriver.prototype.findElementInternal_(file:///C:/Users/BIDYUT~1.HAZ/AppData/Local/Temp/anonymous7573965621332431986webdriver-profile/extensions/fxdriver@googlecode.com/components/driver-component.js:10299)
                        	at &lt;anonymous class&gt;.fxdriver.Timer.prototype.setTimeout/&lt;.notify(file:///C:/Users/BIDYUT~1.HAZ/AppData/Local/Temp/anonymous7573965621332431986webdriver-profile/extensions/fxdriver@googlecode.com/components/driver-component.js:603)
                     </pre>
                  </div>
               </td>
            </tr>
            <tr id="candidateSideAutomation.Endorsement_teardon_byClass_PASS3_row"
                class="testMethodStatusPASS testMethodStatusCONF">
               <td width="100%" class="firstMethodCell">
                  <a onclick="toggleDetailsVisibility('candidateSideAutomation.Endorsement_teardon_byClass_PASS3_details')">teardon()</a>
               </td>
               <td nowrap="true">10:42:00</td>
               <td nowrap="true" align="right">0 ms
                  
               </td>
               <td nowrap="true">
                   
                  
               </td>
            </tr>
            <tr>
               <td colspan="4"
                   style="padding: 0; background-color: white; border-style: none; height: 0px;">
                  <div id="candidateSideAutomation.Endorsement_teardon_byClass_PASS3_details"
                       class="testMethodDetails">
                     <div>
                        <b>Name:
                           
                        </b>teardon
                     </div>
                     <div>
                        <b>Signature:
                           
                        </b>teardon()[pri:0, instance:candidateSideAutomation.Endorsement@5bbf3d87]
                     </div>
                     <div>
                        <b>Start time:
                           
                        </b>10:42:00
                     </div>
                     <div>
                        <b>End time:
                           
                        </b>10:42:00
                     </div>
                     <div>
                        <b>Duration:
                           
                        </b>0 ms
                        
                     </div>
                  </div>
               </td>
            </tr>
            <tr></tr>
         </table>
         <br></br>
      </div>
      <div style="margin-top: 15px; color: gray; text-align: center; font-size: 9px;">
         Generated with
         
         <a href="http://code.google.com/p/testng-xslt/" style="color: #8888aa;"
            target="_blank">
            TestNG XSLT
            
         </a>
      </div>
   </body>
</html>