<?xml version="1.0" encoding="UTF-8"?>
<!-- Generated by org.testng.reporters.JUnitXMLReporter -->
<testsuite hostname="NODTBSL188AG" name="Job search for non signed in user" tests="6" failures="6" timestamp="4 Aug 2015 11:45:01 GMT" time="6.29" errors="0">
  <testcase name="SearchWithAllHome" time="0.0010" classname="candidateSideAutomation.JobSearchNonLoggedinUser">
    <failure type="java.lang.NullPointerException">
      <![CDATA[java.lang.NullPointerException
	at candidateSideAutomation.JobSearchNonLoggedinUser.SearchWithAllHome(JobSearchNonLoggedinUser.java:26)
... Removed 24 stack frames]]>
    </failure>
  </testcase> <!-- SearchWithAllHome -->
  <testcase name="SearchWithAllLogout" time="0.0" classname="candidateSideAutomation.JobSearchNonLoggedinUser">
    <failure type="java.lang.NullPointerException">
      <![CDATA[java.lang.NullPointerException
	at candidateSideAutomation.JobSearchNonLoggedinUser.SearchWithAllLogout(JobSearchNonLoggedinUser.java:77)
... Removed 24 stack frames]]>
    </failure>
  </testcase> <!-- SearchWithAllLogout -->
  <testcase name="SearchWithAllJobSearchpage" time="0.0010" classname="candidateSideAutomation.JobSearchNonLoggedinUser">
    <failure type="java.lang.NullPointerException">
      <![CDATA[java.lang.NullPointerException
	at candidateSideAutomation.JobSearchNonLoggedinUser.SearchWithAllJobSearchpage(JobSearchNonLoggedinUser.java:129)
... Removed 24 stack frames]]>
    </failure>
  </testcase> <!-- SearchWithAllJobSearchpage -->
  <testcase name="SearchWithAllSEOpages" time="0.0010" classname="candidateSideAutomation.JobSearchNonLoggedinUser">
    <failure type="java.lang.NullPointerException">
      <![CDATA[java.lang.NullPointerException
	at candidateSideAutomation.JobSearchNonLoggedinUser.SearchWithAllSEOpages(JobSearchNonLoggedinUser.java:181)
... Removed 24 stack frames]]>
    </failure>
  </testcase> <!-- SearchWithAllSEOpages -->
  <testcase name="SearchWithAllSRPpage" time="0.0" classname="candidateSideAutomation.JobSearchNonLoggedinUser">
    <failure type="java.lang.NullPointerException">
      <![CDATA[java.lang.NullPointerException
	at candidateSideAutomation.JobSearchNonLoggedinUser.SearchWithAllSRPpage(JobSearchNonLoggedinUser.java:235)
... Removed 24 stack frames]]>
    </failure>
  </testcase> <!-- SearchWithAllSRPpage -->
  <testcase name="SearchWithAllJDpage" time="0.0" classname="candidateSideAutomation.JobSearchNonLoggedinUser">
    <failure type="java.lang.NullPointerException">
      <![CDATA[java.lang.NullPointerException
	at candidateSideAutomation.JobSearchNonLoggedinUser.SearchWithAllJDpage(JobSearchNonLoggedinUser.java:288)
... Removed 24 stack frames]]>
    </failure>
  </testcase> <!-- SearchWithAllJDpage -->
</testsuite> <!-- Job search for non signed in user -->
