<?xml version="1.0" encoding="UTF-8"?>
<!-- Generated by org.testng.reporters.JUnitXMLReporter -->
<testsuite hostname="NODTBSL188AG" name="Job search for signed in user" tests="5" failures="5" timestamp="4 Aug 2015 11:44:55 GMT" time="6.391" errors="0">
  <testcase name="SearchWithAllHome" time="0.042" classname="candidateSideAutomation.JobSearchLoggedinuser">
    <failure type="java.lang.NullPointerException">
      <![CDATA[java.lang.NullPointerException
	at candidateSideAutomation.JobSearchLoggedinuser.SearchWithAllHome(JobSearchLoggedinuser.java:25)
... Removed 24 stack frames]]>
    </failure>
  </testcase> <!-- SearchWithAllHome -->
  <testcase name="SearchWithAllJobSearchpage" time="0.0" classname="candidateSideAutomation.JobSearchLoggedinuser">
    <failure type="java.lang.NullPointerException">
      <![CDATA[java.lang.NullPointerException
	at candidateSideAutomation.JobSearchLoggedinuser.SearchWithAllJobSearchpage(JobSearchLoggedinuser.java:84)
... Removed 24 stack frames]]>
    </failure>
  </testcase> <!-- SearchWithAllJobSearchpage -->
  <testcase name="SearchWithAllSEOpages" time="0.0010" classname="candidateSideAutomation.JobSearchLoggedinuser">
    <failure type="java.lang.NullPointerException">
      <![CDATA[java.lang.NullPointerException
	at candidateSideAutomation.JobSearchLoggedinuser.SearchWithAllSEOpages(JobSearchLoggedinuser.java:136)
... Removed 24 stack frames]]>
    </failure>
  </testcase> <!-- SearchWithAllSEOpages -->
  <testcase name="SearchWithAllSRPpage" time="0.0010" classname="candidateSideAutomation.JobSearchLoggedinuser">
    <failure type="java.lang.NullPointerException">
      <![CDATA[java.lang.NullPointerException
	at candidateSideAutomation.JobSearchLoggedinuser.SearchWithAllSRPpage(JobSearchLoggedinuser.java:190)
... Removed 24 stack frames]]>
    </failure>
  </testcase> <!-- SearchWithAllSRPpage -->
  <testcase name="SearchWithAllJDpage" time="0.0010" classname="candidateSideAutomation.JobSearchLoggedinuser">
    <failure type="java.lang.NullPointerException">
      <![CDATA[java.lang.NullPointerException
	at candidateSideAutomation.JobSearchLoggedinuser.SearchWithAllJDpage(JobSearchLoggedinuser.java:242)
... Removed 24 stack frames]]>
    </failure>
  </testcase> <!-- SearchWithAllJDpage -->
</testsuite> <!-- Job search for signed in user -->
