<?xml version="1.0" encoding="UTF-8"?>
<!-- Generated by org.testng.reporters.JUnitXMLReporter -->
<testsuite hostname="NODTBSL188AG" name="Registration" tests="3" failures="0" timestamp="4 Aug 2015 11:50:54 GMT" time="139.617" errors="0">
  <testcase name="registraionCompleteStage" time="51.773" classname="candidateSideAutomation.candidateRegistration"/>
  <testcase name="registraionFirstStage" time="45.966" classname="candidateSideAutomation.candidateRegistration"/>
  <testcase name="recommendedJobsVerification" time="21.895" classname="candidateSideAutomation.candidateRegistration"/>
</testsuite> <!-- Registration -->
