<?xml version="1.0" encoding="UTF-8"?>
<!-- Generated by org.testng.reporters.JUnitReportReporter -->
<testsuite hostname="NODTBSL188AG" name="candidateSideAutomation.jobalert" tests="10" failures="0" timestamp="7 Aug 2015 05:12:00 GMT" time="5.042" errors="0">
  <testcase name="emailtest" time="0.048" classname="candidateSideAutomation.jobalert"/>
  <testcase name="roletest" time="0.261" classname="candidateSideAutomation.jobalert"/>
  <testcase name="locationtest" time="0.965" classname="candidateSideAutomation.jobalert"/>
  <testcase name="funcAreatest" time="0.146" classname="candidateSideAutomation.jobalert"/>
  <testcase name="monthTest" time="0.118" classname="candidateSideAutomation.jobalert"/>
  <testcase name="yearTest" time="0.215" classname="candidateSideAutomation.jobalert"/>
  <testcase name="mobiletest" time="0.041" classname="candidateSideAutomation.jobalert"/>
  <testcase name="prefferedLocationtest" time="0.438" classname="candidateSideAutomation.jobalert"/>
  <testcase name="specializationTest" time="0.780" classname="candidateSideAutomation.jobalert"/>
  <testcase name="countryCodeTest" time="2.030" classname="candidateSideAutomation.jobalert"/>
</testsuite> <!-- candidateSideAutomation.jobalert -->
