<?xml version="1.0" encoding="UTF-8"?>
<testng-results skipped="0" failed="1" total="3" passed="2">
  <reporter-output>
  </reporter-output>
  <suite name="Default suite" duration-ms="155191" started-at="2015-08-25T08:40:04Z" finished-at="2015-08-25T08:42:40Z">
    <groups>
    </groups>
    <test name="Default test" duration-ms="155191" started-at="2015-08-25T08:40:04Z" finished-at="2015-08-25T08:42:40Z">
      <class name="candidateSideAutomation.CompleteRegistration">
        <test-method status="PASS" signature="setup()[pri:0, instance:candidateSideAutomation.CompleteRegistration@2e530cf2]" name="setup" is-config="true" duration-ms="16871" started-at="2015-08-25T14:10:04Z" finished-at="2015-08-25T14:10:21Z">
          <reporter-output>
          </reporter-output>
        </test-method> <!-- setup -->
        <test-method status="PASS" signature="registraionCompleteStage()[pri:0, instance:candidateSideAutomation.CompleteRegistration@2e530cf2]" name="registraionCompleteStage" duration-ms="104163" started-at="2015-08-25T14:10:21Z" finished-at="2015-08-25T14:12:06Z">
          <reporter-output>
          </reporter-output>
        </test-method> <!-- registraionCompleteStage -->
        <test-method status="PASS" signature="teardon()[pri:0, instance:candidateSideAutomation.CompleteRegistration@2e530cf2]" name="teardon" is-config="true" duration-ms="38" started-at="2015-08-25T14:12:06Z" finished-at="2015-08-25T14:12:06Z">
          <reporter-output>
          </reporter-output>
        </test-method> <!-- teardon -->
        <test-method status="PASS" signature="setup()[pri:0, instance:candidateSideAutomation.CompleteRegistration@2e530cf2]" name="setup" is-config="true" duration-ms="6746" started-at="2015-08-25T14:12:06Z" finished-at="2015-08-25T14:12:12Z">
          <reporter-output>
          </reporter-output>
        </test-method> <!-- setup -->
        <test-method status="PASS" signature="verifyEmail()[pri:0, instance:candidateSideAutomation.CompleteRegistration@2e530cf2]" name="verifyEmail" duration-ms="16026" started-at="2015-08-25T14:12:12Z" finished-at="2015-08-25T14:12:28Z">
          <reporter-output>
          </reporter-output>
        </test-method> <!-- verifyEmail -->
        <test-method status="PASS" signature="teardon()[pri:0, instance:candidateSideAutomation.CompleteRegistration@2e530cf2]" name="teardon" is-config="true" duration-ms="202" started-at="2015-08-25T14:12:28Z" finished-at="2015-08-25T14:12:29Z">
          <reporter-output>
          </reporter-output>
        </test-method> <!-- teardon -->
        <test-method status="PASS" signature="setup()[pri:0, instance:candidateSideAutomation.CompleteRegistration@2e530cf2]" name="setup" is-config="true" duration-ms="7500" started-at="2015-08-25T14:12:29Z" finished-at="2015-08-25T14:12:36Z">
          <reporter-output>
          </reporter-output>
        </test-method> <!-- setup -->
        <test-method status="FAIL" signature="editSummary()[pri:0, instance:candidateSideAutomation.CompleteRegistration@2e530cf2]" name="editSummary" duration-ms="3401" started-at="2015-08-25T14:12:36Z" finished-at="2015-08-25T14:12:39Z">
          <exception class="org.openqa.selenium.UnhandledAlertException">
            <message>
              <![CDATA[Unexpected modal dialog (text: This page is asking you to confirm that you want to leave - data you have entered may not be saved.): This page is asking you to confirm that you want to leave - data you have entered may not be saved.
Build info: version: '2.46.0', revision: '87c69e2', time: '2015-06-04 16:17:10'
System info: host: 'NODTBSL188AG', ip: '10.150.241.135', os.name: 'Windows 8', os.arch: 'amd64', os.version: '6.2', java.version: '1.6.0_45'
*** Element info: {Using=id, value=txtUseName}
Session ID: 9f3ddbbd-2ba3-4502-8a14-a56b0aac1098
Driver info: org.openqa.selenium.firefox.FirefoxDriver
Capabilities [{platform=WINDOWS, acceptSslCerts=true, javascriptEnabled=true, browserName=firefox, rotatable=false, locationContextEnabled=true, version=37.0.1, cssSelectorsEnabled=true, databaseEnabled=true, handlesAlerts=true, nativeEvents=false, webStorageEnabled=true, applicationCacheEnabled=true, takesScreenshot=true}]]]>
            </message>
            <full-stacktrace>
              <![CDATA[org.openqa.selenium.UnhandledAlertException: Unexpected modal dialog (text: This page is asking you to confirm that you want to leave - data you have entered may not be saved.): This page is asking you to confirm that you want to leave - data you have entered may not be saved.
Build info: version: '2.46.0', revision: '87c69e2', time: '2015-06-04 16:17:10'
System info: host: 'NODTBSL188AG', ip: '10.150.241.135', os.name: 'Windows 8', os.arch: 'amd64', os.version: '6.2', java.version: '1.6.0_45'
*** Element info: {Using=id, value=txtUseName}
Session ID: 9f3ddbbd-2ba3-4502-8a14-a56b0aac1098
Driver info: org.openqa.selenium.firefox.FirefoxDriver
Capabilities [{platform=WINDOWS, acceptSslCerts=true, javascriptEnabled=true, browserName=firefox, rotatable=false, locationContextEnabled=true, version=37.0.1, cssSelectorsEnabled=true, databaseEnabled=true, handlesAlerts=true, nativeEvents=false, webStorageEnabled=true, applicationCacheEnabled=true, takesScreenshot=true}]
	at sun.reflect.NativeConstructorAccessorImpl.newInstance0(Native Method)
	at sun.reflect.NativeConstructorAccessorImpl.newInstance(Unknown Source)
	at sun.reflect.DelegatingConstructorAccessorImpl.newInstance(Unknown Source)
	at java.lang.reflect.Constructor.newInstance(Unknown Source)
	at org.openqa.selenium.remote.ErrorHandler.createThrowable(ErrorHandler.java:204)
	at org.openqa.selenium.remote.ErrorHandler.createUnhandledAlertException(ErrorHandler.java:185)
	at org.openqa.selenium.remote.ErrorHandler.throwIfResponseFailed(ErrorHandler.java:152)
	at org.openqa.selenium.remote.RemoteWebDriver.execute(RemoteWebDriver.java:605)
	at org.openqa.selenium.remote.RemoteWebDriver.findElement(RemoteWebDriver.java:358)
	at org.openqa.selenium.remote.RemoteWebDriver.findElementById(RemoteWebDriver.java:399)
	at org.openqa.selenium.By$ById.findElement(By.java:215)
	at org.openqa.selenium.remote.RemoteWebDriver.findElement(RemoteWebDriver.java:350)
	at candidateSideAutomation.candidateBaseFunctions.login(candidateBaseFunctions.java:61)
	at candidateSideAutomation.CompleteRegistration.editSummary(CompleteRegistration.java:171)
	at sun.reflect.NativeMethodAccessorImpl.invoke0(Native Method)
	at sun.reflect.NativeMethodAccessorImpl.invoke(Unknown Source)
	at sun.reflect.DelegatingMethodAccessorImpl.invoke(Unknown Source)
	at java.lang.reflect.Method.invoke(Unknown Source)
	at org.testng.internal.MethodInvocationHelper.invokeMethod(MethodInvocationHelper.java:84)
	at org.testng.internal.Invoker.invokeMethod(Invoker.java:714)
	at org.testng.internal.Invoker.invokeTestMethod(Invoker.java:901)
	at org.testng.internal.Invoker.invokeTestMethods(Invoker.java:1231)
	at org.testng.internal.TestMethodWorker.invokeTestMethods(TestMethodWorker.java:127)
	at org.testng.internal.TestMethodWorker.run(TestMethodWorker.java:111)
	at org.testng.TestRunner.privateRun(TestRunner.java:767)
	at org.testng.TestRunner.run(TestRunner.java:617)
	at org.testng.SuiteRunner.runTest(SuiteRunner.java:334)
	at org.testng.SuiteRunner.runSequentially(SuiteRunner.java:329)
	at org.testng.SuiteRunner.privateRun(SuiteRunner.java:291)
	at org.testng.SuiteRunner.run(SuiteRunner.java:240)
	at org.testng.SuiteRunnerWorker.runSuite(SuiteRunnerWorker.java:52)
	at org.testng.SuiteRunnerWorker.run(SuiteRunnerWorker.java:86)
	at org.testng.TestNG.runSuitesSequentially(TestNG.java:1224)
	at org.testng.TestNG.runSuitesLocally(TestNG.java:1149)
	at org.testng.TestNG.run(TestNG.java:1057)
	at org.testng.remote.RemoteTestNG.run(RemoteTestNG.java:111)
	at org.testng.remote.RemoteTestNG.initAndRun(RemoteTestNG.java:204)
	at org.testng.remote.RemoteTestNG.main(RemoteTestNG.java:175)
]]>
            </full-stacktrace>
          </exception> <!-- org.openqa.selenium.UnhandledAlertException -->
          <reporter-output>
          </reporter-output>
        </test-method> <!-- editSummary -->
        <test-method status="PASS" signature="teardon()[pri:0, instance:candidateSideAutomation.CompleteRegistration@2e530cf2]" name="teardon" is-config="true" duration-ms="213" started-at="2015-08-25T14:12:39Z" finished-at="2015-08-25T14:12:40Z">
          <reporter-output>
          </reporter-output>
        </test-method> <!-- teardon -->
      </class> <!-- candidateSideAutomation.CompleteRegistration -->
    </test> <!-- Default test -->
  </suite> <!-- Default suite -->
</testng-results>
